BLOCK00/SES002/SA002S12	SES002	0.815154	-0.281187	-1.09634
BLOCK00/SES002/SA002S13	SES002	0.861364	-0.986442	-1.84781
BLOCK00/SES002/SA002S23	SES002	0.692194	-1.30375	-1.99595
BLOCK00/SES002/SA002S26	SES002	0.609858	-1.76888	-2.37874
BLOCK00/SES002/SA002S28	SES002	0.700338	-2.07611	-2.77645
BLOCK00/SES007/SA007S14	SES007	0.68731	-1.03323	-1.72054
BLOCK00/SES007/SA007S15	SES007	0.339962	-1.81001	-2.14997
BLOCK00/SES007/SA007S24	SES007	0.478245	-1.87816	-2.35641
BLOCK00/SES007/SA007S27	SES007	0.306838	-3.13324	-3.44008
BLOCK00/SES007/SA007S29	SES007	0.345132	-0.741316	-1.08645
BLOCK00/SES008/SA008S11	SES008	1.10045	-1.20431	-2.30475
BLOCK00/SES008/SA008S12	SES008	0.340002	-1.94514	-2.28514
BLOCK00/SES008/SA008S19	SES008	1.01556	-1.73206	-2.74762
BLOCK00/SES008/SA008S22	SES008	0.641837	-3.18529	-3.82713
BLOCK00/SES008/SA008S29	SES008	0.934909	-2.17441	-3.10932
BLOCK01/SES014/SA014S10	SES014	1.93553	-1.45491	-3.39044
BLOCK01/SES014/SA014S12	SES014	1.7787	-1.61326	-3.39196
BLOCK01/SES014/SA014S24	SES014	2.0017	-2.15109	-4.15278
BLOCK01/SES014/SA014S26	SES014	2.40903	-0.228954	-2.63799
BLOCK01/SES014/SA014S28	SES014	2.41617	-0.820464	-3.23664
BLOCK01/SES016/SA016S12	SES016	0.987121	-2.67455	-3.66167
BLOCK01/SES016/SA016S13	SES016	0.76928	-2.32746	-3.09674
BLOCK01/SES016/SA016S22	SES016	0.986112	-1.47034	-2.45645
BLOCK01/SES016/SA016S25	SES016	0.951008	0.244935	-0.706073
BLOCK01/SES016/SA016S27	SES016	1.21146	-0.433603	-1.64506
BLOCK01/SES019/SA019S13	SES019	1.98228	-0.196314	-2.1786
BLOCK01/SES019/SA019S14	SES019	1.4874	-1.05045	-2.53785
BLOCK01/SES019/SA019S22	SES019	1.75535	0.0416795	-1.71367
BLOCK01/SES019/SA019S25	SES019	1.50511	0.528344	-0.976763
BLOCK01/SES019/SA019S29	SES019	2.20636	0.952818	-1.25355
BLOCK02/SES029/SA029S11	SES029	0.70575	-0.839406	-1.54516
BLOCK02/SES029/SA029S12	SES029	0.0158238	-2.2348	-2.25062
BLOCK02/SES029/SA029S20	SES029	0.597179	-1.27474	-1.87192
BLOCK02/SES029/SA029S25	SES029	0.329099	-2.55528	-2.88438
BLOCK02/SES029/SA029S28	SES029	0.424486	-1.80448	-2.22897
BLOCK04/SES042/SA042S12	SES042	1.17897	-1.37731	-2.55627
BLOCK04/SES042/SA042S15	SES042	0.762851	-0.27703	-1.03988
BLOCK04/SES042/SA042S22	SES042	1.18998	-2.32694	-3.51692
BLOCK04/SES042/SA042S25	SES042	0.433739	-1.93016	-2.3639
BLOCK04/SES042/SA042S27	SES042	1.13694	-2.62495	-3.76188
BLOCK04/SES048/SA048S11	SES048	0.6145	-0.913654	-1.52815
BLOCK04/SES048/SA048S12	SES048	0.419084	-3.21491	-3.634
BLOCK04/SES048/SA048S20	SES048	0.252395	-0.7787	-1.0311
BLOCK04/SES048/SA048S23	SES048	0.902007	-0.954558	-1.85657
BLOCK04/SES048/SA048S27	SES048	0.234332	-1.51241	-1.74675
BLOCK06/SES060/SA060S11	SES060	0.666077	-1.02992	-1.696
BLOCK06/SES060/SA060S12	SES060	0.522847	-2.19275	-2.7156
BLOCK06/SES060/SA060S22	SES060	-0.0761546	-1.82751	-1.75135
BLOCK06/SES060/SA060S24	SES060	0.958595	0.512187	-0.446408
BLOCK06/SES060/SA060S28	SES060	0.942699	0.923924	-0.0187753
BLOCK06/SES062/SA062S10	SES062	0.643092	1.66544	1.02235
BLOCK06/SES062/SA062S11	SES062	0.799016	-0.217644	-1.01666
BLOCK06/SES062/SA062S21	SES062	0.636606	1.17945	0.54284
BLOCK06/SES062/SA062S26	SES062	0.682133	0.435112	-0.247021
BLOCK06/SES062/SA062S29	SES062	0.781134	-0.412088	-1.19322
BLOCK06/SES068/SA068S14	SES068	0.659472	-1.07419	-1.73366
BLOCK06/SES068/SA068S15	SES068	1.04466	-0.0739668	-1.11863
BLOCK06/SES068/SA068S23	SES068	0.921614	1.30896	0.387347
BLOCK06/SES068/SA068S27	SES068	1.12625	-0.0941354	-1.22039
BLOCK06/SES068/SA068S29	SES068	1.0164	0.0225014	-0.993896
BLOCK08/SES082/SA082S12	SES082	0.328901	-1.15234	-1.48125
BLOCK08/SES082/SA082S14	SES082	0.667677	-1.44478	-2.11245
BLOCK08/SES082/SA082S21	SES082	0.666191	0.373762	-0.292429
BLOCK08/SES082/SA082S24	SES082	0.346395	-1.1163	-1.4627
BLOCK08/SES082/SA082S28	SES082	0.494143	-2.26569	-2.75983
BLOCK08/SES083/SA083S14	SES083	0.145576	-1.57649	-1.72206
BLOCK08/SES083/SA083S15	SES083	0.319606	-0.561608	-0.881214
BLOCK08/SES083/SA083S24	SES083	0.280576	-2.79709	-3.07767
BLOCK08/SES083/SA083S26	SES083	0.602315	-2.22433	-2.82664
BLOCK08/SES083/SA083S29	SES083	0.474981	-1.19584	-1.67082
BLOCK08/SES085/SA085S10	SES085	0.945142	0.587501	-0.357641
BLOCK08/SES085/SA085S13	SES085	0.265663	-2.17668	-2.44234
BLOCK08/SES085/SA085S22	SES085	1.04942	-0.945923	-1.99534
BLOCK08/SES085/SA085S26	SES085	0.729628	-2.23072	-2.96035
BLOCK08/SES085/SA085S28	SES085	0.846563	-0.997617	-1.84418
BLOCK08/SES087/SA087S15	SES087	1.09395	-2.4712	-3.56515
BLOCK08/SES087/SA087S16	SES087	1.64172	-1.62607	-3.2678
BLOCK08/SES087/SA087S24	SES087	0.876862	-1.21868	-2.09555
BLOCK08/SES087/SA087S26	SES087	0.955798	-1.74806	-2.70385
BLOCK08/SES087/SA087S29	SES087	1.27534	-0.580502	-1.85584
BLOCK09/SES099/SA099S15	SES099	0.811762	-1.67866	-2.49042
BLOCK09/SES099/SA099S16	SES099	1.10843	-0.663378	-1.7718
BLOCK09/SES099/SA099S24	SES099	0.812772	-0.721264	-1.53404
BLOCK09/SES099/SA099S26	SES099	0.941492	-0.787552	-1.72904
BLOCK09/SES099/SA099S29	SES099	0.564371	-1.5564	-2.12077
BLOCK10/SES101/SA101S11	SES101	0.313417	-0.376165	-0.689583
BLOCK10/SES101/SA101S13	SES101	0.33324	2.03186	1.69862
BLOCK10/SES101/SA101S22	SES101	0.479211	-1.70434	-2.18355
BLOCK10/SES101/SA101S24	SES101	0.323068	0.869474	0.546406
BLOCK10/SES101/SA101S28	SES101	0.360981	-1.58731	-1.94829
BLOCK10/SES104/SA104S11	SES104	0.494274	-0.401365	-0.895639
BLOCK10/SES104/SA104S12	SES104	0.544309	-0.59454	-1.13885
BLOCK10/SES104/SA104S21	SES104	0.684425	-0.628826	-1.31325
BLOCK10/SES104/SA104S24	SES104	0.394719	-1.80035	-2.19506
BLOCK10/SES104/SA104S28	SES104	0.556697	-2.04508	-2.60178
BLOCK10/SES105/SA105S12	SES105	0.579364	-2.41479	-2.99416
BLOCK10/SES105/SA105S13	SES105	0.171764	-1.09857	-1.27033
BLOCK10/SES105/SA105S22	SES105	0.306147	-0.0855357	-0.391683
BLOCK10/SES105/SA105S26	SES105	0.511429	-0.452452	-0.963882
BLOCK10/SES105/SA105S29	SES105	0.563158	-1.55918	-2.12233
BLOCK10/SES106/SA106S09	SES106	0.55936	-1.37009	-1.92945
BLOCK10/SES106/SA106S11	SES106	0.833899	-0.119507	-0.953406
BLOCK10/SES106/SA106S22	SES106	1.2454	-2.13897	-3.38437
BLOCK10/SES106/SA106S27	SES106	0.576137	-1.05891	-1.63505
BLOCK10/SES106/SA106S29	SES106	0.289563	-0.571837	-0.8614
BLOCK11/SES117/SA117S12	SES117	0.431932	-1.12782	-1.55975
BLOCK11/SES117/SA117S13	SES117	0.951833	-1.11673	-2.06857
BLOCK11/SES117/SA117S23	SES117	1.1735	-4.47332	-5.64681
BLOCK11/SES117/SA117S25	SES117	0.905155	-3.15595	-4.06111
BLOCK11/SES117/SA117S28	SES117	1.00935	-3.08214	-4.09149
BLOCK12/SES120/SA120S08	SES120	0.000236601	-0.464763	-0.464999
BLOCK12/SES120/SA120S11	SES120	0.426679	-1.67216	-2.09884
BLOCK12/SES120/SA120S22	SES120	0.247899	0.0609974	-0.186902
BLOCK12/SES120/SA120S24	SES120	0.455066	-0.258127	-0.713193
BLOCK12/SES120/SA120S28	SES120	0.413252	-0.596454	-1.00971
BLOCK12/SES125/SA125S13	SES125	0.692715	-2.38011	-3.07283
BLOCK12/SES125/SA125S14	SES125	0.103819	-3.04032	-3.14414
BLOCK12/SES125/SA125S25	SES125	1.01095	-1.34297	-2.35392
BLOCK12/SES125/SA125S27	SES125	0.727573	-0.0366957	-0.764268
BLOCK12/SES125/SA125S29	SES125	0.754324	-1.159	-1.91332
BLOCK12/SES127/SA127S11	SES127	0.400399	-0.24866	-0.649059
BLOCK12/SES127/SA127S12	SES127	0.0148884	1.48645	1.47156
BLOCK12/SES127/SA127S23	SES127	0.601003	-0.868126	-1.46913
BLOCK12/SES127/SA127S25	SES127	0.600819	0.445713	-0.155106
BLOCK12/SES127/SA127S27	SES127	0.833383	-1.39885	-2.23223
BLOCK12/SES129/SA129S11	SES129	0.677402	3.07429	2.39689
BLOCK12/SES129/SA129S12	SES129	0.611859	0.139085	-0.472774
BLOCK12/SES129/SA129S22	SES129	0.573384	-1.31324	-1.88663
BLOCK12/SES129/SA129S27	SES129	0.854254	0.340763	-0.513491
BLOCK12/SES129/SA129S29	SES129	0.738917	-0.548692	-1.28761
BLOCK14/SES142/SA142S11	SES142	1.61539	-0.787611	-2.403
BLOCK14/SES142/SA142S12	SES142	0.712702	-2.05967	-2.77238
BLOCK14/SES142/SA142S24	SES142	0.947194	-1.52881	-2.476
BLOCK14/SES142/SA142S27	SES142	1.54481	-0.900889	-2.4457
BLOCK14/SES142/SA142S29	SES142	1.15801	-0.777312	-1.93532
BLOCK14/SES143/SA143S12	SES143	0.998465	-2.04986	-3.04832
BLOCK14/SES143/SA143S13	SES143	0.841722	-2.69998	-3.5417
BLOCK14/SES143/SA143S23	SES143	1.10378	-2.42311	-3.52689
BLOCK14/SES143/SA143S25	SES143	0.872559	-2.43376	-3.30632
BLOCK14/SES143/SA143S28	SES143	0.843356	-1.52838	-2.37173
BLOCK14/SES144/SA144S09	SES144	0.856562	-1.51306	-2.36962
BLOCK14/SES144/SA144S11	SES144	0.752759	-1.25035	-2.00311
BLOCK14/SES144/SA144S21	SES144	0.282011	-3.60832	-3.89034
BLOCK14/SES144/SA144S25	SES144	0.959166	-1.24199	-2.20115
BLOCK14/SES144/SA144S29	SES144	0.744628	-2.89732	-3.64195
BLOCK14/SES146/SA146S14	SES146	0.687151	-2.74789	-3.43504
BLOCK14/SES146/SA146S15	SES146	0.968066	-2.28202	-3.25009
BLOCK14/SES146/SA146S24	SES146	0.969882	-2.53281	-3.50269
BLOCK14/SES146/SA146S26	SES146	1.19204	-0.409688	-1.60173
BLOCK14/SES146/SA146S29	SES146	0.732326	-3.78214	-4.51447
BLOCK14/SES147/SA147S11	SES147	1.11831	-2.72334	-3.84165
BLOCK14/SES147/SA147S13	SES147	1.59444	-0.455203	-2.04964
BLOCK14/SES147/SA147S23	SES147	1.1029	-2.73149	-3.83439
BLOCK14/SES147/SA147S26	SES147	1.44451	-1.80439	-3.2489
BLOCK14/SES147/SA147S28	SES147	1.3139	-1.08416	-2.39806
BLOCK14/SES148/SA148S10	SES148	0.352541	-0.817568	-1.17011
BLOCK14/SES148/SA148S12	SES148	0.0191847	-0.765801	-0.784986
BLOCK14/SES148/SA148S22	SES148	0.369429	0.417239	0.0478104
BLOCK14/SES148/SA148S26	SES148	0.360064	-1.1021	-1.46216
BLOCK14/SES148/SA148S29	SES148	0.435652	-0.608503	-1.04416
BLOCK14/SES149/SA149S13	SES149	-0.290993	-1.24794	-0.956947
BLOCK14/SES149/SA149S14	SES149	0.223138	-0.34368	-0.566819
BLOCK14/SES149/SA149S24	SES149	0.642698	0.0742566	-0.568441
BLOCK14/SES149/SA149S26	SES149	0.706129	0.324132	-0.381997
BLOCK14/SES149/SA149S28	SES149	0.751109	0.018496	-0.732613
BLOCK15/SES158/SA158S13	SES158	0.349749	-1.26653	-1.61628
BLOCK15/SES158/SA158S14	SES158	0.245201	-1.08298	-1.32818
BLOCK15/SES158/SA158S23	SES158	0.339392	-0.83576	-1.17515
BLOCK15/SES158/SA158S26	SES158	0.690124	-1.02778	-1.7179
BLOCK15/SES158/SA158S28	SES158	0.721016	-0.00285616	-0.723872
BLOCK16/SES162/SA162S10	SES162	0.573569	-0.157399	-0.730968
BLOCK16/SES162/SA162S11	SES162	0.638177	-0.882706	-1.52088
BLOCK16/SES162/SA162S21	SES162	0.81111	-2.02301	-2.83412
BLOCK16/SES162/SA162S24	SES162	0.702072	-0.903765	-1.60584
BLOCK16/SES162/SA162S27	SES162	0.562297	-1.52069	-2.08298
BLOCK16/SES167/SA167S14	SES167	1.56345	-0.604761	-2.16821
BLOCK16/SES167/SA167S15	SES167	2.13504	-0.528766	-2.66381
BLOCK16/SES167/SA167S21	SES167	2.09816	0.526236	-1.57193
BLOCK16/SES167/SA167S25	SES167	2.29018	0.68824	-1.60194
BLOCK16/SES167/SA167S29	SES167	2.60228	0.58723	-2.01505
BLOCK17/SES172/SA172S12	SES172	0.335365	-1.43293	-1.76829
BLOCK17/SES172/SA172S13	SES172	0.26544	-3.36964	-3.63508
BLOCK17/SES172/SA172S23	SES172	0.443665	-1.78925	-2.23291
BLOCK17/SES172/SA172S27	SES172	0.588209	-2.06399	-2.6522
BLOCK17/SES172/SA172S29	SES172	0.856488	-1.82533	-2.68181
BLOCK17/SES175/SA175S11	SES175	0.863362	1.03235	0.168989
BLOCK17/SES175/SA175S13	SES175	0.988244	2.96373	1.97548
BLOCK17/SES175/SA175S23	SES175	1.20696	2.76168	1.55473
BLOCK17/SES175/SA175S25	SES175	0.856421	1.19088	0.33446
BLOCK17/SES175/SA175S28	SES175	1.24001	2.37424	1.13423
BLOCK17/SES177/SA177S15	SES177	0.213724	-3.30854	-3.52227
BLOCK17/SES177/SA177S17	SES177	0.328107	-1.488	-1.81611
BLOCK17/SES177/SA177S23	SES177	0.637252	-0.878504	-1.51576
BLOCK17/SES177/SA177S26	SES177	0.645108	-0.639311	-1.28442
BLOCK17/SES177/SA177S28	SES177	0.592348	-1.45236	-2.04471
BLOCK18/SES180/SA180S13	SES180	0.28647	-2.52959	-2.81606
BLOCK18/SES180/SA180S15	SES180	0.27175	-0.558969	-0.830719
BLOCK18/SES180/SA180S24	SES180	0.55205	-0.534884	-1.08693
BLOCK18/SES180/SA180S26	SES180	0.467136	0.00889085	-0.458246
BLOCK18/SES180/SA180S29	SES180	0.0727074	-1.91196	-1.98466
BLOCK18/SES183/SA183S13	SES183	0.750529	-1.92949	-2.68002
BLOCK18/SES183/SA183S14	SES183	0.790772	-1.67467	-2.46544
BLOCK18/SES183/SA183S24	SES183	0.997665	-2.38501	-3.38268
BLOCK18/SES183/SA183S27	SES183	0.777011	-3.05586	-3.83287
BLOCK18/SES183/SA183S29	SES183	0.743784	-2.02987	-2.77365
BLOCK18/SES187/SA187S13	SES187	0.618219	-1.31651	-1.93473
BLOCK18/SES187/SA187S14	SES187	0.864703	-2.47401	-3.33871
BLOCK18/SES187/SA187S24	SES187	0.842009	-1.11309	-1.9551
BLOCK18/SES187/SA187S27	SES187	1.03482	-0.776738	-1.81156
BLOCK18/SES187/SA187S29	SES187	0.690835	-1.30491	-1.99575
BLOCK18/SES189/SA189S10	SES189	0.708986	-1.62247	-2.33145
BLOCK18/SES189/SA189S13	SES189	0.89565	-2.35244	-3.24809
BLOCK18/SES189/SA189S24	SES189	0.773478	-1.00631	-1.77979
BLOCK18/SES189/SA189S26	SES189	0.920963	-0.986456	-1.90742
BLOCK18/SES189/SA189S29	SES189	0.901898	-2.04728	-2.94918
BLOCK20/SES202/SA202S12	SES202	0.496209	-2.63792	-3.13413
BLOCK20/SES202/SA202S14	SES202	0.982593	-2.91764	-3.90023
BLOCK20/SES202/SA202S24	SES202	0.501747	-2.92562	-3.42737
BLOCK20/SES202/SA202S27	SES202	0.860263	-2.17795	-3.03821
BLOCK20/SES202/SA202S29	SES202	0.875468	-1.33886	-2.21433
BLOCK20/SES206/SA206S15	SES206	0.162891	-0.711721	-0.874612
BLOCK20/SES206/SA206S17	SES206	1.22086	1.40166	0.180793
BLOCK20/SES206/SA206S24	SES206	0.921161	0.657301	-0.26386
BLOCK20/SES206/SA206S27	SES206	1.01806	-0.812773	-1.83083
BLOCK20/SES206/SA206S29	SES206	0.939258	1.54962	0.610359
BLOCK22/SES226/SA226S12	SES226	0.78117	1.44192	0.660749
BLOCK22/SES226/SA226S13	SES226	-0.184559	-0.739383	-0.554824
BLOCK22/SES226/SA226S20	SES226	0.976618	1.37308	0.396464
BLOCK22/SES226/SA226S23	SES226	0.782504	0.660804	-0.121699
BLOCK22/SES226/SA226S28	SES226	1.08583	0.405526	-0.680309
BLOCK25/SES259/SA259S13	SES259	0.949956	0.802984	-0.146971
BLOCK25/SES259/SA259S14	SES259	0.679619	0.613517	-0.0661024
BLOCK25/SES259/SA259S22	SES259	0.587584	-0.118845	-0.706429
BLOCK25/SES259/SA259S24	SES259	0.477455	0.437324	-0.0401311
BLOCK25/SES259/SA259S28	SES259	0.759425	0.522576	-0.236849
BLOCK27/SES270/SA270S14	SES270	0.864124	-0.432228	-1.29635
BLOCK27/SES270/SA270S16	SES270	0.52432	-0.231187	-0.755507
BLOCK27/SES270/SA270S22	SES270	1.06568	1.79121	0.725531
BLOCK27/SES270/SA270S26	SES270	0.578229	-1.33693	-1.91515
BLOCK27/SES270/SA270S28	SES270	0.797667	-0.617505	-1.41517
BLOCK27/SES275/SA275S17	SES275	1.02122	-2.04486	-3.06608
BLOCK27/SES275/SA275S18	SES275	0.456757	-2.98512	-3.44188
BLOCK27/SES275/SA275S24	SES275	0.981127	-1.60943	-2.59056
BLOCK27/SES275/SA275S26	SES275	0.508078	-2.5145	-3.02258
BLOCK27/SES275/SA275S28	SES275	0.823458	-1.06043	-1.88389
BLOCK29/SES292/SA292S10	SES292	0.251518	-0.811958	-1.06348
BLOCK29/SES292/SA292S12	SES292	0.944777	-2.4509	-3.39567
BLOCK29/SES292/SA292S22	SES292	0.205766	-2.06042	-2.26618
BLOCK29/SES292/SA292S24	SES292	0.272543	-1.02778	-1.30033
BLOCK29/SES292/SA292S27	SES292	0.412533	-1.53151	-1.94404
BLOCK00/SES001/SA001S14	SES062	-1.19196	-4.20628	-3.01431
BLOCK00/SES001/SA001S14	SES082	-0.908406	-3.92272	-3.01431
BLOCK00/SES001/SA001S14	SES106	-1.08878	-4.10309	-3.01431
BLOCK00/SES001/SA001S14	SES206	-0.647491	-3.66181	-3.01431
BLOCK00/SES001/SA001S15	SES062	-1.02241	-3.47871	-2.4563
BLOCK00/SES001/SA001S15	SES104	-0.546697	-3.00299	-2.4563
BLOCK00/SES001/SA001S15	SES106	-0.847373	-3.30367	-2.4563
BLOCK00/SES001/SA001S15	SES206	-0.549468	-3.00576	-2.4563
BLOCK00/SES001/SA001S24	SES062	-0.834035	-2.57329	-1.73926
BLOCK00/SES001/SA001S24	SES082	-1.16607	-2.90532	-1.73926
BLOCK00/SES001/SA001S24	SES087	-0.0525575	-1.79182	-1.73926
BLOCK00/SES001/SA001S24	SES206	-0.796548	-2.53581	-1.73926
BLOCK00/SES001/SA001S27	SES062	-0.346338	-0.338049	0.00828988
BLOCK00/SES001/SA001S27	SES082	-0.686289	-0.678	0.00828988
BLOCK00/SES001/SA001S27	SES087	0.118626	0.126916	0.00828988
BLOCK00/SES001/SA001S27	SES206	-0.291145	-0.282856	0.00828988
BLOCK00/SES001/SA001S29	SES062	-1.14968	-3.98471	-2.83503
BLOCK00/SES001/SA001S29	SES082	-0.598469	-3.4335	-2.83503
BLOCK00/SES001/SA001S29	SES158	-0.740227	-3.57526	-2.83503
BLOCK00/SES001/SA001S29	SES206	-0.713828	-3.54886	-2.83503
BLOCK00/SES003/SA003S11	SES002	0.191052	-2.89789	-3.08894
BLOCK00/SES003/SA003S11	SES019	-0.64968	-3.73862	-3.08894
BLOCK00/SES003/SA003S11	SES082	-0.314487	-3.40343	-3.08894
BLOCK00/SES003/SA003S11	SES125	-1.48035	-4.56929	-3.08894
BLOCK00/SES003/SA003S15	SES016	-1.32498	-3.29622	-1.97125
BLOCK00/SES003/SA003S15	SES019	-0.72946	-2.70071	-1.97125
BLOCK00/SES003/SA003S15	SES062	-0.86575	-2.837	-1.97125
BLOCK00/SES003/SA003S15	SES206	-0.411095	-2.38234	-1.97125
BLOCK00/SES003/SA003S22	SES002	-0.00787282	-2.62915	-2.62127
BLOCK00/SES003/SA003S22	SES062	-0.541577	-3.16285	-2.62127
BLOCK00/SES003/SA003S22	SES082	-0.539658	-3.16093	-2.62127
BLOCK00/SES003/SA003S22	SES087	0.225237	-2.39604	-2.62127
BLOCK00/SES003/SA003S25	SES062	-0.653915	-3.64243	-2.98851
BLOCK00/SES003/SA003S25	SES082	-0.459364	-3.44787	-2.98851
BLOCK00/SES003/SA003S25	SES087	0.196667	-2.79184	-2.98851
BLOCK00/SES003/SA003S25	SES206	-0.39115	-3.37966	-2.98851
BLOCK00/SES003/SA003S29	SES002	-0.0931635	-3.58029	-3.48713
BLOCK00/SES003/SA003S29	SES062	-0.882416	-4.36954	-3.48713
BLOCK00/SES003/SA003S29	SES082	-0.606126	-4.09325	-3.48713
BLOCK00/SES003/SA003S29	SES087	-0.209814	-3.69694	-3.48713
BLOCK00/SES004/SA004S12	SES083	-0.734627	-1.53322	-0.798598
BLOCK00/SES004/SA004S12	SES148	-0.577468	-1.37607	-0.798598
BLOCK00/SES004/SA004S12	SES172	-0.0416104	-0.840209	-0.798598
BLOCK00/SES004/SA004S12	SES292	-0.575432	-1.37403	-0.798598
BLOCK00/SES004/SA004S17	SES083	-0.428246	-1.68471	-1.25647
BLOCK00/SES004/SA004S17	SES162	-0.048082	-1.30455	-1.25647
BLOCK00/SES004/SA004S17	SES172	-0.0207602	-1.27723	-1.25647
BLOCK00/SES004/SA004S17	SES292	-0.729478	-1.98594	-1.25647
BLOCK00/SES004/SA004S24	SES083	-0.352253	-1.82223	-1.46998
BLOCK00/SES004/SA004S24	SES148	-0.756055	-2.22603	-1.46998
BLOCK00/SES004/SA004S24	SES172	-0.728625	-2.1986	-1.46998
BLOCK00/SES004/SA004S24	SES292	-0.209007	-1.67898	-1.46998
BLOCK00/SES004/SA004S26	SES083	0.162814	-1.95828	-2.12109
BLOCK00/SES004/SA004S26	SES127	-1.08104	-3.20213	-2.12109
BLOCK00/SES004/SA004S26	SES148	-1.23744	-3.35853	-2.12109
BLOCK00/SES004/SA004S26	SES292	-0.270675	-2.39176	-2.12109
BLOCK00/SES004/SA004S28	SES083	-0.174406	-2.22012	-2.04571
BLOCK00/SES004/SA004S28	SES127	-1.20376	-3.24947	-2.04571
BLOCK00/SES004/SA004S28	SES187	0.100155	-1.94556	-2.04571
BLOCK00/SES004/SA004S28	SES292	-0.296128	-2.34184	-2.04571
BLOCK00/SES006/SA006S10	SES014	-0.192434	-5.00894	-4.8165
BLOCK00/SES006/SA006S10	SES158	-0.994316	-5.81082	-4.8165
BLOCK00/SES006/SA006S10	SES226	-2.53421	-7.35072	-4.8165
BLOCK00/SES006/SA006S10	SES270	-0.790084	-5.60659	-4.8165
BLOCK00/SES006/SA006S11	SES158	-0.851775	-6.00999	-5.15821
BLOCK00/SES006/SA006S11	SES226	-1.66061	-6.81883	-5.15821
BLOCK00/SES006/SA006S11	SES270	-0.410789	-5.569	-5.15821
BLOCK00/SES006/SA006S11	SES275	-0.589185	-5.7474	-5.15821
BLOCK00/SES006/SA006S23	SES062	-1.28307	-5.56624	-4.28317
BLOCK00/SES006/SA006S23	SES105	-1.95224	-6.23541	-4.28317
BLOCK00/SES006/SA006S23	SES158	-0.608181	-4.89135	-4.28317
BLOCK00/SES006/SA006S23	SES275	-0.513905	-4.79708	-4.28317
BLOCK00/SES006/SA006S26	SES104	-1.08809	-5.28501	-4.19692
BLOCK00/SES006/SA006S26	SES158	-0.333682	-4.5306	-4.19692
BLOCK00/SES006/SA006S26	SES270	-0.364828	-4.56175	-4.19692
BLOCK00/SES006/SA006S26	SES275	-0.456524	-4.65345	-4.19692
BLOCK00/SES006/SA006S28	SES007	-0.864948	-5.25939	-4.39444
BLOCK00/SES006/SA006S28	SES105	-1.61099	-6.00543	-4.39444
BLOCK00/SES006/SA006S28	SES158	-0.877618	-5.27206	-4.39444
BLOCK00/SES006/SA006S28	SES275	-0.245326	-4.63976	-4.39444
BLOCK00/SES009/SA009S12	SES083	-1.45101	-4.23901	-2.788
BLOCK00/SES009/SA009S12	SES148	-0.894039	-3.68204	-2.788
BLOCK00/SES009/SA009S12	SES177	-0.217825	-3.00582	-2.788
BLOCK00/SES009/SA009S12	SES292	-0.692662	-3.48066	-2.788
BLOCK00/SES009/SA009S15	SES007	-0.129858	-0.797802	-0.667943
BLOCK00/SES009/SA009S15	SES099	-0.892055	-1.56	-0.667943
BLOCK00/SES009/SA009S15	SES148	-1.3138	-1.98174	-0.667943
BLOCK00/SES009/SA009S15	SES172	0.0140919	-0.653851	-0.667943
BLOCK00/SES009/SA009S24	SES146	-0.662781	-3.93014	-3.26736
BLOCK00/SES009/SA009S24	SES148	-1.00555	-4.27292	-3.26736
BLOCK00/SES009/SA009S24	SES177	-0.068608	-3.33597	-3.26736
BLOCK00/SES009/SA009S24	SES292	-0.677373	-3.94474	-3.26736
BLOCK00/SES009/SA009S26	SES083	-1.50362	-4.49151	-2.98789
BLOCK00/SES009/SA009S26	SES101	-1.19658	-4.18447	-2.98789
BLOCK00/SES009/SA009S26	SES120	-0.98845	-3.97634	-2.98789
BLOCK00/SES009/SA009S26	SES177	-0.331327	-3.31922	-2.98789
BLOCK00/SES009/SA009S29	SES083	-1.24547	-3.57682	-2.33135
BLOCK00/SES009/SA009S29	SES101	-0.557186	-2.88853	-2.33135
BLOCK00/SES009/SA009S29	SES177	0.0292268	-2.30212	-2.33135
BLOCK00/SES009/SA009S29	SES292	-0.83357	-3.16492	-2.33135
BLOCK01/SES011/SA011S10	SES019	-0.691677	-2.91527	-2.22359
BLOCK01/SES011/SA011S10	SES042	-0.0657895	-2.28938	-2.22359
BLOCK01/SES011/SA011S10	SES082	-0.367638	-2.59123	-2.22359
BLOCK01/SES011/SA011S10	SES206	0.298827	-1.92477	-2.22359
BLOCK01/SES011/SA011S11	SES019	-0.48137	-1.8273	-1.34593
BLOCK01/SES011/SA011S11	SES042	-0.118571	-1.4645	-1.34593
BLOCK01/SES011/SA011S11	SES082	-0.61456	-1.96049	-1.34593
BLOCK01/SES011/SA011S11	SES206	0.148518	-1.19741	-1.34593
BLOCK01/SES011/SA011S22	SES019	-0.41827	-2.13799	-1.71972
BLOCK01/SES011/SA011S22	SES042	-0.288456	-2.00818	-1.71972
BLOCK01/SES011/SA011S22	SES082	-0.181582	-1.90131	-1.71972
BLOCK01/SES011/SA011S22	SES206	0.461872	-1.25785	-1.71972
BLOCK01/SES011/SA011S24	SES019	-0.619518	-2.7163	-2.09678
BLOCK01/SES011/SA011S24	SES042	-0.0855832	-2.18236	-2.09678
BLOCK01/SES011/SA011S24	SES104	-0.269417	-2.3662	-2.09678
BLOCK01/SES011/SA011S24	SES206	0.085541	-2.01124	-2.09678
BLOCK01/SES011/SA011S27	SES082	-0.0879483	-3.56666	-3.47871
BLOCK01/SES011/SA011S27	SES087	-0.938655	-4.41737	-3.47871
BLOCK01/SES011/SA011S27	SES125	-0.327688	-3.8064	-3.47871
BLOCK01/SES011/SA011S27	SES206	-0.164267	-3.64298	-3.47871
BLOCK01/SES012/SA012S11	SES007	-0.0643926	0.106459	0.170851
BLOCK01/SES012/SA012S11	SES082	-0.0639757	0.106876	0.170851
BLOCK01/SES012/SA012S11	SES083	-0.24342	-0.0725685	0.170851
BLOCK01/SES012/SA012S11	SES206	-0.296425	-0.125574	0.170851
BLOCK01/SES012/SA012S14	SES082	0.11068	-1.25645	-1.36713
BLOCK01/SES012/SA012S14	SES087	-3.05839	-4.42552	-1.36713
BLOCK01/SES012/SA012S14	SES206	-0.351477	-1.71861	-1.36713
BLOCK01/SES012/SA012S14	SES292	-0.514696	-1.88183	-1.36713
BLOCK01/SES012/SA012S24	SES082	0.136976	-3.91072	-4.0477
BLOCK01/SES012/SA012S24	SES087	-1.25377	-5.30147	-4.0477
BLOCK01/SES012/SA012S24	SES120	-1.11103	-5.15873	-4.0477
BLOCK01/SES012/SA012S24	SES206	-0.0168238	-4.06452	-4.0477
BLOCK01/SES012/SA012S26	SES019	-3.06829	-5.13583	-2.06755
BLOCK01/SES012/SA012S26	SES082	-0.199089	-2.26664	-2.06755
BLOCK01/SES012/SA012S26	SES206	0.0748862	-1.99266	-2.06755
BLOCK01/SES012/SA012S26	SES292	-0.273143	-2.34069	-2.06755
BLOCK01/SES012/SA012S29	SES062	-0.176879	-0.0479494	0.12893
BLOCK01/SES012/SA012S29	SES082	0.592	0.72093	0.12893
BLOCK01/SES012/SA012S29	SES083	-0.282694	-0.153764	0.12893
BLOCK01/SES012/SA012S29	SES206	0.375062	0.503992	0.12893
BLOCK01/SES013/SA013S16	SES062	-3.07798	-9.15877	-6.08079
BLOCK01/SES013/SA013S16	SES106	-0.313625	-6.39441	-6.08079
BLOCK01/SES013/SA013S16	SES206	-0.725577	-6.80636	-6.08079
BLOCK01/SES013/SA013S16	SES226	-2.18087	-8.26166	-6.08079
BLOCK01/SES013/SA013S17	SES062	-1.85575	-5.77998	-3.92423
BLOCK01/SES013/SA013S17	SES106	-1.04824	-4.97247	-3.92423
BLOCK01/SES013/SA013S17	SES206	-0.440246	-4.36448	-3.92423
BLOCK01/SES013/SA013S17	SES226	-2.00984	-5.93407	-3.92423
BLOCK01/SES013/SA013S23	SES104	-0.66429	-6.07362	-5.40933
BLOCK01/SES013/SA013S23	SES106	-0.569129	-5.97846	-5.40933
BLOCK01/SES013/SA013S23	SES206	-0.993987	-6.40332	-5.40933
BLOCK01/SES013/SA013S23	SES270	-0.687549	-6.09688	-5.40933
BLOCK01/SES013/SA013S25	SES042	-0.333204	-5.07845	-4.74525
BLOCK01/SES013/SA013S25	SES104	-0.763444	-5.50869	-4.74525
BLOCK01/SES013/SA013S25	SES106	-0.191751	-4.937	-4.74525
BLOCK01/SES013/SA013S25	SES206	-0.665077	-5.41033	-4.74525
BLOCK01/SES013/SA013S29	SES062	-2.90905	-8.87344	-5.96438
BLOCK01/SES013/SA013S29	SES104	-0.742854	-6.70724	-5.96438
BLOCK01/SES013/SA013S29	SES106	-0.343057	-6.30744	-5.96438
BLOCK01/SES013/SA013S29	SES206	-0.725316	-6.6897	-5.96438
BLOCK02/SES021/SA021S13	SES016	-1.51336	-3.95751	-2.44414
BLOCK02/SES021/SA021S13	SES029	-0.615213	-3.05936	-2.44414
BLOCK02/SES021/SA021S13	SES087	0.0914006	-2.35274	-2.44414
BLOCK02/SES021/SA021S13	SES206	-0.762706	-3.20685	-2.44414
BLOCK02/SES021/SA021S15	SES087	-0.0603235	-3.07446	-3.01414
BLOCK02/SES021/SA021S15	SES125	-1.66056	-4.67469	-3.01414
BLOCK02/SES021/SA021S15	SES206	-0.383084	-3.39722	-3.01414
BLOCK02/SES021/SA021S15	SES226	-1.68697	-4.70111	-3.01414
BLOCK02/SES021/SA021S23	SES062	-1.57012	-6.05915	-4.48903
BLOCK02/SES021/SA021S23	SES087	0.317332	-4.1717	-4.48903
BLOCK02/SES021/SA021S23	SES206	-0.466833	-4.95586	-4.48903
BLOCK02/SES021/SA021S23	SES226	-1.076	-5.56503	-4.48903
BLOCK02/SES021/SA021S27	SES002	-0.84379	-1.46784	-0.624052
BLOCK02/SES021/SA021S27	SES016	-1.51446	-2.13851	-0.624052
BLOCK02/SES021/SA021S27	SES019	-0.338175	-0.962227	-0.624052
BLOCK02/SES021/SA021S27	SES062	-1.0692	-1.69325	-0.624052
BLOCK02/SES021/SA021S29	SES087	-0.058259	-3.87952	-3.82126
BLOCK02/SES021/SA021S29	SES125	-2.05179	-5.87305	-3.82126
BLOCK02/SES021/SA021S29	SES206	-0.033092	-3.85435	-3.82126
BLOCK02/SES021/SA021S29	SES226	-0.994247	-4.8155	-3.82126
BLOCK04/SES043/SA043S09	SES083	0.132228	-3.12299	-3.25521
BLOCK04/SES043/SA043S09	SES101	-0.332477	-3.58769	-3.25521
BLOCK04/SES043/SA043S09	SES144	-0.386027	-3.64124	-3.25521
BLOCK04/SES043/SA043S09	SES172	-0.657032	-3.91225	-3.25521
BLOCK04/SES043/SA043S11	SES083	0.0175231	-2.20656	-2.22409
BLOCK04/SES043/SA043S11	SES101	-0.0630901	-2.28718	-2.22409
BLOCK04/SES043/SA043S11	SES144	-0.686139	-2.91022	-2.22409
BLOCK04/SES043/SA043S11	SES172	-0.151014	-2.3751	-2.22409
BLOCK04/SES043/SA043S23	SES083	0.0390234	-2.59109	-2.63011
BLOCK04/SES043/SA043S23	SES144	-0.729649	-3.35976	-2.63011
BLOCK04/SES043/SA043S23	SES177	-0.406238	-3.03635	-2.63011
BLOCK04/SES043/SA043S23	SES275	-1.05447	-3.68459	-2.63011
BLOCK04/SES043/SA043S26	SES083	0.155258	-3.04773	-3.20299
BLOCK04/SES043/SA043S26	SES101	0.0497499	-3.15324	-3.20299
BLOCK04/SES043/SA043S26	SES144	-0.298675	-3.50166	-3.20299
BLOCK04/SES043/SA043S26	SES177	-0.443954	-3.64694	-3.20299
BLOCK04/SES043/SA043S28	SES016	-1.72279	-4.57299	-2.8502
BLOCK04/SES043/SA043S28	SES083	0.028985	-2.82122	-2.8502
BLOCK04/SES043/SA043S28	SES101	0.18092	-2.66928	-2.8502
BLOCK04/SES043/SA043S28	SES144	-1.31314	-4.16334	-2.8502
BLOCK04/SES044/SA044S10	SES127	-1.10674	-3.06737	-1.96063
BLOCK04/SES044/SA044S10	SES144	-1.55637	-3.51699	-1.96063
BLOCK04/SES044/SA044S10	SES147	-2.63299	-4.59362	-1.96063
BLOCK04/SES044/SA044S10	SES148	-1.48122	-3.44185	-1.96063
BLOCK04/SES044/SA044S11	SES101	-0.0612171	-2.08153	-2.02031
BLOCK04/SES044/SA044S11	SES144	-1.11396	-3.13427	-2.02031
BLOCK04/SES044/SA044S11	SES147	-1.82616	-3.84647	-2.02031
BLOCK04/SES044/SA044S11	SES177	-0.513697	-2.53401	-2.02031
BLOCK04/SES044/SA044S24	SES007	-0.688836	-1.95482	-1.26599
BLOCK04/SES044/SA044S24	SES101	0.311756	-0.954233	-1.26599
BLOCK04/SES044/SA044S24	SES147	-2.42554	-3.69153	-1.26599
BLOCK04/SES044/SA044S24	SES177	-0.109193	-1.37518	-1.26599
BLOCK04/SES044/SA044S26	SES007	-0.365394	-0.421999	-0.0566044
BLOCK04/SES044/SA044S26	SES016	-2.00982	-2.06642	-0.0566044
BLOCK04/SES044/SA044S26	SES101	0.103805	0.0472008	-0.0566044
BLOCK04/SES044/SA044S26	SES147	-1.7174	-1.77401	-0.0566044
BLOCK04/SES044/SA044S29	SES007	-0.653595	-0.873028	-0.219432
BLOCK04/SES044/SA044S29	SES101	0.1848	-0.034632	-0.219432
BLOCK04/SES044/SA044S29	SES147	-1.77875	-1.99818	-0.219432
BLOCK04/SES044/SA044S29	SES177	-0.652195	-0.871628	-0.219432
BLOCK04/SES046/SA046S13	SES101	-0.121951	-5.02306	-4.90111
BLOCK04/SES046/SA046S13	SES144	0.0971804	-4.80393	-4.90111
BLOCK04/SES046/SA046S13	SES147	-0.92586	-5.82697	-4.90111
BLOCK04/SES046/SA046S13	SES177	-0.692112	-5.59322	-4.90111
BLOCK04/SES046/SA046S15	SES048	0.0852793	0.46137	0.37609
BLOCK04/SES046/SA046S15	SES083	-0.27204	0.10405	0.37609
BLOCK04/SES046/SA046S15	SES120	-1.18727	-0.811183	0.37609
BLOCK04/SES046/SA046S15	SES148	-0.162178	0.213912	0.37609
BLOCK04/SES046/SA046S22	SES101	-0.0433626	-3.37673	-3.33336
BLOCK04/SES046/SA046S22	SES144	-0.0553007	-3.38867	-3.33336
BLOCK04/SES046/SA046S22	SES147	-0.763449	-4.09681	-3.33336
BLOCK04/SES046/SA046S22	SES172	-0.221916	-3.55528	-3.33336
BLOCK04/SES046/SA046S25	SES083	-0.449309	-2.72561	-2.2763
BLOCK04/SES046/SA046S25	SES127	-1.13451	-3.41082	-2.2763
BLOCK04/SES046/SA046S25	SES144	-0.423418	-2.69972	-2.2763
BLOCK04/SES046/SA046S25	SES148	-0.551656	-2.82796	-2.2763
BLOCK04/SES046/SA046S28	SES007	-0.486026	-2.28259	-1.79656
BLOCK04/SES046/SA046S28	SES105	-0.162946	-1.95951	-1.79656
BLOCK04/SES046/SA046S28	SES147	-1.15284	-2.94941	-1.79656
BLOCK04/SES046/SA046S28	SES148	-0.532396	-2.32896	-1.79656
BLOCK04/SES049/SA049S16	SES104	0.17773	-2.29233	-2.47006
BLOCK04/SES049/SA049S16	SES106	-0.629462	-3.09952	-2.47006
BLOCK04/SES049/SA049S16	SES120	-0.779248	-3.24931	-2.47006
BLOCK04/SES049/SA049S16	SES206	-1.44091	-3.91097	-2.47006
BLOCK04/SES049/SA049S18	SES099	0.337878	-2.18899	-2.52687
BLOCK04/SES049/SA049S18	SES104	-0.215387	-2.74225	-2.52687
BLOCK04/SES049/SA049S18	SES125	-0.61097	-3.13784	-2.52687
BLOCK04/SES049/SA049S18	SES206	-1.98688	-4.51375	-2.52687
BLOCK04/SES049/SA049S25	SES087	-2.82358	-6.30447	-3.48089
BLOCK04/SES049/SA049S25	SES104	-0.54624	-4.02713	-3.48089
BLOCK04/SES049/SA049S25	SES125	-1.66605	-5.14695	-3.48089
BLOCK04/SES049/SA049S25	SES206	-1.4244	-4.9053	-3.48089
BLOCK04/SES049/SA049S27	SES099	-0.193312	-2.40293	-2.20961
BLOCK04/SES049/SA049S27	SES104	0.114945	-2.09467	-2.20961
BLOCK04/SES049/SA049S27	SES125	-0.79054	-3.00015	-2.20961
BLOCK04/SES049/SA049S27	SES206	-1.30208	-3.51169	-2.20961
BLOCK04/SES049/SA049S29	SES099	-0.340015	-2.65178	-2.31176
BLOCK04/SES049/SA049S29	SES104	-0.116559	-2.42832	-2.31176
BLOCK04/SES049/SA049S29	SES125	-0.808274	-3.12004	-2.31176
BLOCK04/SES049/SA049S29	SES206	-1.30832	-3.62008	-2.31176
BLOCK06/SES063/SA063S09	SES068	-0.289759	-3.19574	-2.90598
BLOCK06/SES063/SA063S09	SES083	-0.188322	-3.0943	-2.90598
BLOCK06/SES063/SA063S09	SES177	-0.551857	-3.45784	-2.90598
BLOCK06/SES063/SA063S09	SES187	-0.964286	-3.87026	-2.90598
BLOCK06/SES063/SA063S10	SES068	-0.416443	-3.10207	-2.68562
BLOCK06/SES063/SA063S10	SES083	-0.0819645	-2.76759	-2.68562
BLOCK06/SES063/SA063S10	SES172	-0.544321	-3.22994	-2.68562
BLOCK06/SES063/SA063S10	SES187	-0.938766	-3.62439	-2.68562
BLOCK06/SES063/SA063S20	SES068	-1.15197	-3.6463	-2.49433
BLOCK06/SES063/SA063S20	SES083	-0.0138583	-2.50819	-2.49433
BLOCK06/SES063/SA063S20	SES172	-0.620951	-3.11528	-2.49433
BLOCK06/SES063/SA063S20	SES187	-0.614666	-3.109	-2.49433
BLOCK06/SES063/SA063S24	SES029	-0.835944	-1.93787	-1.10193
BLOCK06/SES063/SA063S24	SES083	0.402282	-0.699646	-1.10193
BLOCK06/SES063/SA063S24	SES177	-0.346089	-1.44802	-1.10193
BLOCK06/SES063/SA063S24	SES189	0.226989	-0.874939	-1.10193
BLOCK06/SES063/SA063S27	SES083	-0.00132155	-2.71962	-2.7183
BLOCK06/SES063/SA063S27	SES172	-0.761978	-3.48028	-2.7183
BLOCK06/SES063/SA063S27	SES187	-1.02594	-3.74424	-2.7183
BLOCK06/SES063/SA063S27	SES292	-0.729049	-3.44735	-2.7183
BLOCK06/SES067/SA067S12	SES083	-0.0251678	-0.00261889	0.0225489
BLOCK06/SES067/SA067S12	SES172	-0.656813	-0.634264	0.0225489
BLOCK06/SES067/SA067S12	SES202	-0.239103	-0.216554	0.0225489
BLOCK06/SES067/SA067S12	SES292	-0.621681	-0.599132	0.0225489
BLOCK06/SES067/SA067S14	SES085	-2.89536	-0.903271	1.99209
BLOCK06/SES067/SA067S14	SES177	-0.391722	1.60037	1.99209
BLOCK06/SES067/SA067S14	SES183	-0.404706	1.58738	1.99209
BLOCK06/SES067/SA067S14	SES202	0.0760149	2.0681	1.99209
BLOCK06/SES067/SA067S21	SES144	-1.3105	-1.87166	-0.561155
BLOCK06/SES067/SA067S21	SES177	-0.234393	-0.795548	-0.561155
BLOCK06/SES067/SA067S21	SES183	-0.195428	-0.756583	-0.561155
BLOCK06/SES067/SA067S21	SES189	-0.172918	-0.734073	-0.561155
BLOCK06/SES067/SA067S25	SES085	-2.87755	-1.36296	1.51459
BLOCK06/SES067/SA067S25	SES177	-0.419928	1.09466	1.51459
BLOCK06/SES067/SA067S25	SES183	-0.493605	1.02098	1.51459
BLOCK06/SES067/SA067S25	SES202	-0.0788919	1.4357	1.51459
BLOCK06/SES067/SA067S29	SES085	-3.0901	-2.55446	0.535638
BLOCK06/SES067/SA067S29	SES177	-0.854957	-0.319319	0.535638
BLOCK06/SES067/SA067S29	SES183	-0.460413	0.0752246	0.535638
BLOCK06/SES067/SA067S29	SES202	-0.0670778	0.46856	0.535638
BLOCK06/SES069/SA069S12	SES029	-0.81818	-1.82768	-1.0095
BLOCK06/SES069/SA069S12	SES082	0.0479591	-0.961541	-1.0095
BLOCK06/SES069/SA069S12	SES087	-0.687555	-1.69706	-1.0095
BLOCK06/SES069/SA069S12	SES206	0.446204	-0.563297	-1.0095
BLOCK06/SES069/SA069S13	SES029	-0.465602	-0.96595	-0.500348
BLOCK06/SES069/SA069S13	SES087	-0.215854	-0.716203	-0.500348
BLOCK06/SES069/SA069S13	SES206	0.00697553	-0.493373	-0.500348
BLOCK06/SES069/SA069S13	SES226	-0.669112	-1.16946	-0.500348
BLOCK06/SES069/SA069S23	SES029	0.0843702	-0.286601	-0.370971
BLOCK06/SES069/SA069S23	SES087	0.24428	-0.126691	-0.370971
BLOCK06/SES069/SA069S23	SES206	0.0353603	-0.335611	-0.370971
BLOCK06/SES069/SA069S23	SES226	-0.558563	-0.929534	-0.370971
BLOCK06/SES069/SA069S25	SES087	-0.316881	-0.995838	-0.678957
BLOCK06/SES069/SA069S25	SES206	0.0551162	-0.623841	-0.678957
BLOCK06/SES069/SA069S25	SES226	-0.481398	-1.16035	-0.678957
BLOCK06/SES069/SA069S25	SES270	-0.882999	-1.56196	-0.678957
BLOCK06/SES069/SA069S27	SES087	-0.598809	-2.51337	-1.91456
BLOCK06/SES069/SA069S27	SES206	0.350444	-1.56412	-1.91456
BLOCK06/SES069/SA069S27	SES226	-0.22366	-2.13822	-1.91456
BLOCK06/SES069/SA069S27	SES270	-0.636767	-2.55133	-1.91456
BLOCK08/SES081/SA081S11	SES060	0.289532	-1.76633	-2.05586
BLOCK08/SES081/SA081S11	SES062	-0.211061	-2.26692	-2.05586
BLOCK08/SES081/SA081S11	SES117	-1.42218	-3.47804	-2.05586
BLOCK08/SES081/SA081S11	SES162	-0.915591	-2.97145	-2.05586
BLOCK08/SES081/SA081S13	SES016	0.186845	-1.78777	-1.97461
BLOCK08/SES081/SA081S13	SES060	0.373205	-1.60141	-1.97461
BLOCK08/SES081/SA081S13	SES068	-0.373084	-2.3477	-1.97461
BLOCK08/SES081/SA081S13	SES129	-1.11838	-3.09299	-1.97461
BLOCK08/SES081/SA081S24	SES060	0.374712	-1.46325	-1.83797
BLOCK08/SES081/SA081S24	SES068	-0.444383	-2.28235	-1.83797
BLOCK08/SES081/SA081S24	SES117	-1.47743	-3.3154	-1.83797
BLOCK08/SES081/SA081S24	SES275	-0.799909	-2.63788	-1.83797
BLOCK08/SES081/SA081S27	SES007	-0.621095	-3.74319	-3.12209
BLOCK08/SES081/SA081S27	SES060	0.094075	-3.02802	-3.12209
BLOCK08/SES081/SA081S27	SES117	-1.14551	-4.2676	-3.12209
BLOCK08/SES081/SA081S27	SES275	-0.627616	-3.74971	-3.12209
BLOCK08/SES081/SA081S29	SES007	-0.330245	-3.33655	-3.00631
BLOCK08/SES081/SA081S29	SES060	0.468265	-2.53804	-3.00631
BLOCK08/SES081/SA081S29	SES117	-0.991786	-3.9981	-3.00631
BLOCK08/SES081/SA081S29	SES275	-0.589362	-3.59567	-3.00631
BLOCK08/SES086/SA086S11	SES029	-0.929374	-4.19802	-3.26864
BLOCK08/SES086/SA086S11	SES082	-0.901956	-4.1706	-3.26864
BLOCK08/SES086/SA086S11	SES087	0.291694	-2.97695	-3.26864
BLOCK08/SES086/SA086S11	SES206	-0.473693	-3.74234	-3.26864
BLOCK08/SES086/SA086S12	SES029	-0.573584	-3.49581	-2.92223
BLOCK08/SES086/SA086S12	SES082	-0.761706	-3.68393	-2.92223
BLOCK08/SES086/SA086S12	SES087	0.62867	-2.29356	-2.92223
BLOCK08/SES086/SA086S12	SES206	-0.311217	-3.23344	-2.92223
BLOCK08/SES086/SA086S20	SES029	-0.195996	-0.963946	-0.76795
BLOCK08/SES086/SA086S20	SES082	-0.791346	-1.5593	-0.76795
BLOCK08/SES086/SA086S20	SES087	0.650429	-0.117522	-0.76795
BLOCK08/SES086/SA086S20	SES206	-0.107149	-0.875099	-0.76795
BLOCK08/SES086/SA086S24	SES087	0.23147	-4.01718	-4.24865
BLOCK08/SES086/SA086S24	SES104	-0.076231	-4.32488	-4.24865
BLOCK08/SES086/SA086S24	SES120	-1.03383	-5.28248	-4.24865
BLOCK08/SES086/SA086S24	SES206	-0.0869265	-4.33558	-4.24865
BLOCK08/SES086/SA086S28	SES029	-0.966668	-3.01568	-2.04901
BLOCK08/SES086/SA086S28	SES082	-0.838808	-2.88782	-2.04901
BLOCK08/SES086/SA086S28	SES087	0.29496	-1.75405	-2.04901
BLOCK08/SES086/SA086S28	SES206	-0.434152	-2.48317	-2.04901
BLOCK08/SES089/SA089S13	SES087	0.328086	-4.57019	-4.89827
BLOCK08/SES089/SA089S13	SES206	-0.314753	-5.21303	-4.89827
BLOCK08/SES089/SA089S13	SES226	-1.06525	-5.96352	-4.89827
BLOCK08/SES089/SA089S13	SES270	-1.2217	-6.11998	-4.89827
BLOCK08/SES089/SA089S14	SES062	-0.910772	-4.25409	-3.34332
BLOCK08/SES089/SA089S14	SES087	0.359959	-2.98336	-3.34332
BLOCK08/SES089/SA089S14	SES206	-0.622913	-3.96624	-3.34332
BLOCK08/SES089/SA089S14	SES226	-1.65688	-5.0002	-3.34332
BLOCK08/SES089/SA089S23	SES087	0.564912	-3.96486	-4.52977
BLOCK08/SES089/SA089S23	SES206	-0.740594	-5.27036	-4.52977
BLOCK08/SES089/SA089S23	SES226	-1.51656	-6.04632	-4.52977
BLOCK08/SES089/SA089S23	SES270	-1.69463	-6.2244	-4.52977
BLOCK08/SES089/SA089S25	SES062	-0.559205	-3.10014	-2.54093
BLOCK08/SES089/SA089S25	SES087	0.77804	-1.76289	-2.54093
BLOCK08/SES089/SA089S25	SES206	-0.541892	-3.08283	-2.54093
BLOCK08/SES089/SA089S25	SES226	-0.896608	-3.43754	-2.54093
BLOCK08/SES089/SA089S28	SES062	-0.509754	-4.28733	-3.77758
BLOCK08/SES089/SA089S28	SES087	0.719706	-3.05788	-3.77758
BLOCK08/SES089/SA089S28	SES206	-0.143266	-3.92085	-3.77758
BLOCK08/SES089/SA089S28	SES226	-0.451245	-4.22883	-3.77758
BLOCK09/SES097/SA097S11	SES099	-0.377125	-3.79625	-3.41913
BLOCK09/SES097/SA097S11	SES125	-1.17234	-4.59146	-3.41913
BLOCK09/SES097/SA097S11	SES206	-0.376278	-3.79541	-3.41913
BLOCK09/SES097/SA097S11	SES226	0.339672	-3.07945	-3.41913
BLOCK09/SES097/SA097S14	SES062	-1.07578	-3.85634	-2.78057
BLOCK09/SES097/SA097S14	SES099	-0.543291	-3.32386	-2.78057
BLOCK09/SES097/SA097S14	SES104	0.0462768	-2.73429	-2.78057
BLOCK09/SES097/SA097S14	SES206	-0.334622	-3.11519	-2.78057
BLOCK09/SES097/SA097S22	SES099	-0.334485	-4.03816	-3.70368
BLOCK09/SES097/SA097S22	SES206	-0.285655	-3.98933	-3.70368
BLOCK09/SES097/SA097S22	SES226	0.0954614	-3.60821	-3.70368
BLOCK09/SES097/SA097S22	SES270	-0.231825	-3.9355	-3.70368
BLOCK09/SES097/SA097S26	SES099	0.048985	-4.04654	-4.09553
BLOCK09/SES097/SA097S26	SES120	-0.388203	-4.48373	-4.09553
BLOCK09/SES097/SA097S26	SES206	-0.578557	-4.67409	-4.09553
BLOCK09/SES097/SA097S26	SES226	-0.505022	-4.60055	-4.09553
BLOCK09/SES097/SA097S28	SES099	-0.69415	-3.96599	-3.27184
BLOCK09/SES097/SA097S28	SES120	-0.530406	-3.80225	-3.27184
BLOCK09/SES097/SA097S28	SES206	-0.633959	-3.9058	-3.27184
BLOCK09/SES097/SA097S28	SES226	-0.860204	-4.13205	-3.27184
BLOCK09/SES098/SA098S11	SES127	-0.354624	-3.2411	-2.88648
BLOCK09/SES098/SA098S11	SES144	-1.4946	-4.38108	-2.88648
BLOCK09/SES098/SA098S11	SES147	-1.50735	-4.39383	-2.88648
BLOCK09/SES098/SA098S11	SES148	-1.53153	-4.41802	-2.88648
BLOCK09/SES098/SA098S12	SES127	-1.61692	-4.7209	-3.10398
BLOCK09/SES098/SA098S12	SES144	-2.40366	-5.50764	-3.10398
BLOCK09/SES098/SA098S12	SES147	-1.59436	-4.69834	-3.10398
BLOCK09/SES098/SA098S12	SES189	-1.36886	-4.47284	-3.10398
BLOCK09/SES098/SA098S20	SES127	-1.64692	-4.40254	-2.75562
BLOCK09/SES098/SA098S20	SES147	-1.68057	-4.4362	-2.75562
BLOCK09/SES098/SA098S20	SES148	-1.00824	-3.76387	-2.75562
BLOCK09/SES098/SA098S20	SES292	-0.609412	-3.36504	-2.75562
BLOCK09/SES098/SA098S23	SES127	-0.650763	-3.50372	-2.85295
BLOCK09/SES098/SA098S23	SES147	-2.00844	-4.8614	-2.85295
BLOCK09/SES098/SA098S23	SES187	-1.12704	-3.97999	-2.85295
BLOCK09/SES098/SA098S23	SES292	-1.22308	-4.07604	-2.85295
BLOCK09/SES098/SA098S27	SES127	-1.15242	-2.65121	-1.49878
BLOCK09/SES098/SA098S27	SES147	-2.90046	-4.39924	-1.49878
BLOCK09/SES098/SA098S27	SES148	-1.46602	-2.96481	-1.49878
BLOCK09/SES098/SA098S27	SES292	-0.885913	-2.3847	-1.49878
BLOCK10/SES102/SA102S13	SES101	0.161643	-0.552287	-0.713929
BLOCK10/SES102/SA102S13	SES105	-0.517448	-1.23138	-0.713929
BLOCK10/SES102/SA102S13	SES120	-0.954791	-1.66872	-0.713929
BLOCK10/SES102/SA102S13	SES158	-0.204086	-0.918015	-0.713929
BLOCK10/SES102/SA102S14	SES007	0.185817	1.84201	1.65619
BLOCK10/SES102/SA102S14	SES101	0.277016	1.93321	1.65619
BLOCK10/SES102/SA102S14	SES105	-0.450543	1.20565	1.65619
BLOCK10/SES102/SA102S14	SES147	-3.23822	-1.58203	1.65619
BLOCK10/SES102/SA102S22	SES007	-0.374903	-0.376868	-0.0019655
BLOCK10/SES102/SA102S22	SES101	0.159493	0.157527	-0.0019655
BLOCK10/SES102/SA102S22	SES105	-0.432005	-0.433971	-0.0019655
BLOCK10/SES102/SA102S22	SES158	-0.739355	-0.741321	-0.0019655
BLOCK10/SES102/SA102S25	SES007	-0.250885	-0.705704	-0.454819
BLOCK10/SES102/SA102S25	SES101	0.14402	-0.310799	-0.454819
BLOCK10/SES102/SA102S25	SES105	-1.18633	-1.64115	-0.454819
BLOCK10/SES102/SA102S25	SES147	-2.95495	-3.40977	-0.454819
BLOCK10/SES102/SA102S27	SES007	-0.152797	-1.74117	-1.58837
BLOCK10/SES102/SA102S27	SES101	0.22541	-1.36296	-1.58837
BLOCK10/SES102/SA102S27	SES105	-0.707859	-2.29623	-1.58837
BLOCK10/SES102/SA102S27	SES147	-2.42873	-4.0171	-1.58837
BLOCK10/SES103/SA103S14	SES105	-1.3107	-4.66694	-3.35624
BLOCK10/SES103/SA103S14	SES106	-0.730912	-4.08716	-3.35624
BLOCK10/SES103/SA103S14	SES120	-1.23758	-4.59383	-3.35624
BLOCK10/SES103/SA103S14	SES206	-1.37812	-4.73437	-3.35624
BLOCK10/SES103/SA103S15	SES099	-2.12606	-5.99811	-3.87205
BLOCK10/SES103/SA103S15	SES101	-2.27633	-6.14839	-3.87205
BLOCK10/SES103/SA103S15	SES104	-0.843017	-4.71507	-3.87205
BLOCK10/SES103/SA103S15	SES125	-2.31751	-6.18956	-3.87205
BLOCK10/SES103/SA103S24	SES104	-0.460932	-2.86661	-2.40568
BLOCK10/SES103/SA103S24	SES125	-1.75129	-4.15697	-2.40568
BLOCK10/SES103/SA103S24	SES148	-1.49946	-3.90513	-2.40568
BLOCK10/SES103/SA103S24	SES158	-0.292228	-2.6979	-2.40568
BLOCK10/SES103/SA103S26	SES104	-0.480419	-2.64975	-2.16933
BLOCK10/SES103/SA103S26	SES106	-0.4401	-2.60943	-2.16933
BLOCK10/SES103/SA103S26	SES125	-0.987854	-3.15718	-2.16933
BLOCK10/SES103/SA103S26	SES148	-2.35335	-4.52268	-2.16933
BLOCK10/SES103/SA103S28	SES104	-0.635498	-4.39556	-3.76006
BLOCK10/SES103/SA103S28	SES106	-1.598	-5.35806	-3.76006
BLOCK10/SES103/SA103S28	SES125	-2.06119	-5.82125	-3.76006
BLOCK10/SES103/SA103S28	SES206	-1.2847	-5.04477	-3.76006
BLOCK12/SES121/SA121S12	SES042	-0.334521	-3.38895	-3.05443
BLOCK12/SES121/SA121S12	SES087	-0.553372	-3.6078	-3.05443
BLOCK12/SES121/SA121S12	SES105	-0.827046	-3.88147	-3.05443
BLOCK12/SES121/SA121S12	SES206	-0.404291	-3.45872	-3.05443
BLOCK12/SES121/SA121S14	SES007	-0.571728	-4.83207	-4.26034
BLOCK12/SES121/SA121S14	SES105	-1.1501	-5.41044	-4.26034
BLOCK12/SES121/SA121S14	SES106	-0.734057	-4.9944	-4.26034
BLOCK12/SES121/SA121S14	SES206	-0.478637	-4.73898	-4.26034
BLOCK12/SES121/SA121S23	SES105	-0.867344	-4.88581	-4.01846
BLOCK12/SES121/SA121S23	SES106	-0.20674	-4.2252	-4.01846
BLOCK12/SES121/SA121S23	SES120	-0.586506	-4.60497	-4.01846
BLOCK12/SES121/SA121S23	SES206	-0.389662	-4.40813	-4.01846
BLOCK12/SES121/SA121S25	SES007	-0.665365	-4.69944	-4.03407
BLOCK12/SES121/SA121S25	SES105	-1.54312	-5.57719	-4.03407
BLOCK12/SES121/SA121S25	SES106	-0.383515	-4.41759	-4.03407
BLOCK12/SES121/SA121S25	SES206	-0.371259	-4.40533	-4.03407
BLOCK12/SES121/SA121S27	SES087	0.134282	-3.95692	-4.09121
BLOCK12/SES121/SA121S27	SES105	-2.00354	-6.09475	-4.09121
BLOCK12/SES121/SA121S27	SES120	-0.400587	-4.49179	-4.09121
BLOCK12/SES121/SA121S27	SES206	-0.247915	-4.33912	-4.09121
BLOCK12/SES124/SA124S16	SES042	-1.54347	-1.07017	0.473301
BLOCK12/SES124/SA124S16	SES082	-0.484102	-0.0108011	0.473301
BLOCK12/SES124/SA124S16	SES183	-0.505711	-0.0324098	0.473301
BLOCK12/SES124/SA124S16	SES206	-0.099743	0.373558	0.473301
BLOCK12/SES124/SA124S17	SES105	0.280081	1.11074	0.830661
BLOCK12/SES124/SA124S17	SES149	-0.0259724	0.804689	0.830661
BLOCK12/SES124/SA124S17	SES158	-0.202331	0.62833	0.830661
BLOCK12/SES124/SA124S17	SES275	-3.71606	-2.8854	0.830661
BLOCK12/SES124/SA124S23	SES105	-0.542301	0.893234	1.43553
BLOCK12/SES124/SA124S23	SES125	0.701794	2.13733	1.43553
BLOCK12/SES124/SA124S23	SES129	-0.309956	1.12558	1.43553
BLOCK12/SES124/SA124S23	SES158	0.583955	2.01949	1.43553
BLOCK12/SES124/SA124S26	SES105	-1.00446	-2.58723	-1.58277
BLOCK12/SES124/SA124S26	SES125	0.28339	-1.29938	-1.58277
BLOCK12/SES124/SA124S26	SES129	-0.632815	-2.21558	-1.58277
BLOCK12/SES124/SA124S26	SES158	0.0130274	-1.56974	-1.58277
BLOCK12/SES124/SA124S28	SES104	0.188982	-0.505658	-0.69464
BLOCK12/SES124/SA124S28	SES106	-0.103064	-0.797704	-0.69464
BLOCK12/SES124/SA124S28	SES125	0.32035	-0.374289	-0.69464
BLOCK12/SES124/SA124S28	SES275	-2.69957	-3.39421	-0.69464
BLOCK12/SES126/SA126S13	SES007	-0.448034	-1.86328	-1.41524
BLOCK12/SES126/SA126S13	SES162	-0.49803	-1.91327	-1.41524
BLOCK12/SES126/SA126S13	SES177	-0.485544	-1.90079	-1.41524
BLOCK12/SES126/SA126S13	SES180	-0.409305	-1.82455	-1.41524
BLOCK12/SES126/SA126S14	SES144	-2.42521	-3.06324	-0.638027
BLOCK12/SES126/SA126S14	SES148	-2.03123	-2.66925	-0.638027
BLOCK12/SES126/SA126S14	SES177	-0.321813	-0.95984	-0.638027
BLOCK12/SES126/SA126S14	SES180	-1.0145	-1.65252	-0.638027
BLOCK12/SES126/SA126S20	SES007	-0.249625	0.739766	0.989391
BLOCK12/SES126/SA126S20	SES162	-0.621296	0.368095	0.989391
BLOCK12/SES126/SA126S20	SES172	0.159198	1.14859	0.989391
BLOCK12/SES126/SA126S20	SES180	-0.662578	0.326813	0.989391
BLOCK12/SES126/SA126S24	SES120	0.109623	-0.848263	-0.957886
BLOCK12/SES126/SA126S24	SES162	-0.853844	-1.81173	-0.957886
BLOCK12/SES126/SA126S24	SES177	-0.333903	-1.29179	-0.957886
BLOCK12/SES126/SA126S24	SES180	-0.321004	-1.27889	-0.957886
BLOCK12/SES126/SA126S26	SES120	0.154175	-1.26666	-1.42084
BLOCK12/SES126/SA126S26	SES177	-0.361416	-1.78225	-1.42084
BLOCK12/SES126/SA126S26	SES180	0.256453	-1.16438	-1.42084
BLOCK12/SES126/SA126S26	SES202	-0.4584	-1.87924	-1.42084
BLOCK12/SES128/SA128S10	SES087	-2.23328	-4.6403	-2.40702
BLOCK12/SES128/SA128S10	SES206	-0.824504	-3.23152	-2.40702
BLOCK12/SES128/SA128S10	SES226	-0.302657	-2.70967	-2.40702
BLOCK12/SES128/SA128S10	SES270	-0.245045	-2.65206	-2.40702
BLOCK12/SES128/SA128S12	SES120	-0.382484	-2.17753	-1.79505
BLOCK12/SES128/SA128S12	SES158	-0.271605	-2.06665	-1.79505
BLOCK12/SES128/SA128S12	SES206	-1.21832	-3.01337	-1.79505
BLOCK12/SES128/SA128S12	SES226	-0.977987	-2.77304	-1.79505
BLOCK12/SES128/SA128S21	SES106	0.0035727	-1.9394	-1.94297
BLOCK12/SES128/SA128S21	SES120	-0.56618	-2.50915	-1.94297
BLOCK12/SES128/SA128S21	SES206	-1.03845	-2.98142	-1.94297
BLOCK12/SES128/SA128S21	SES226	-0.0354047	-1.97837	-1.94297
BLOCK12/SES128/SA128S24	SES087	-2.58133	-4.2018	-1.62048
BLOCK12/SES128/SA128S24	SES120	-0.0406859	-1.66116	-1.62048
BLOCK12/SES128/SA128S24	SES206	-1.017	-2.63748	-1.62048
BLOCK12/SES128/SA128S24	SES226	-0.6197	-2.24018	-1.62048
BLOCK12/SES128/SA128S27	SES099	-0.0225444	0.379059	0.401603
BLOCK12/SES128/SA128S27	SES120	-0.241798	0.159806	0.401603
BLOCK12/SES128/SA128S27	SES206	-0.859391	-0.457787	0.401603
BLOCK12/SES128/SA128S27	SES226	-0.299494	0.10211	0.401603
BLOCK13/SES130/SA130S13	SES143	0.521828	-0.90065	-1.42248
BLOCK13/SES130/SA130S13	SES144	0.916159	-0.50632	-1.42248
BLOCK13/SES130/SA130S13	SES146	-0.245685	-1.66816	-1.42248
BLOCK13/SES130/SA130S13	SES275	-0.584488	-2.00697	-1.42248
BLOCK13/SES130/SA130S15	SES143	0.188076	-2.31591	-2.50398
BLOCK13/SES130/SA130S15	SES144	0.437214	-2.06677	-2.50398
BLOCK13/SES130/SA130S15	SES146	-0.0932729	-2.59726	-2.50398
BLOCK13/SES130/SA130S15	SES275	-0.674108	-3.17809	-2.50398
BLOCK13/SES130/SA130S23	SES127	0.295948	-2.5313	-2.82725
BLOCK13/SES130/SA130S23	SES144	-0.68609	-3.51334	-2.82725
BLOCK13/SES130/SA130S23	SES146	0.276105	-2.55114	-2.82725
BLOCK13/SES130/SA130S23	SES162	-0.0241089	-2.85136	-2.82725
BLOCK13/SES130/SA130S25	SES127	-0.0799466	-1.42401	-1.34407
BLOCK13/SES130/SA130S25	SES144	-0.608535	-1.9526	-1.34407
BLOCK13/SES130/SA130S25	SES146	-0.0336392	-1.37771	-1.34407
BLOCK13/SES130/SA130S25	SES275	-1.40378	-2.74785	-1.34407
BLOCK13/SES130/SA130S28	SES127	-0.161284	-3.80304	-3.64175
BLOCK13/SES130/SA130S28	SES144	-0.529296	-4.17105	-3.64175
BLOCK13/SES130/SA130S28	SES146	0.417699	-3.22405	-3.64175
BLOCK13/SES130/SA130S28	SES275	-1.07102	-4.71277	-3.64175
BLOCK13/SES131/SA131S13	SES002	-1.29127	-6.87453	-5.58325
BLOCK13/SES131/SA131S13	SES007	-1.07056	-6.65382	-5.58325
BLOCK13/SES131/SA131S13	SES099	-1.44982	-7.03307	-5.58325
BLOCK13/SES131/SA131S13	SES105	-1.67948	-7.26274	-5.58325
BLOCK13/SES131/SA131S14	SES104	-0.905689	-2.90713	-2.00144
BLOCK13/SES131/SA131S14	SES106	-1.51933	-3.52077	-2.00144
BLOCK13/SES131/SA131S14	SES125	-2.25342	-4.25486	-2.00144
BLOCK13/SES131/SA131S14	SES148	-0.117077	-2.11852	-2.00144
BLOCK13/SES131/SA131S20	SES104	-0.991905	-3.73625	-2.74434
BLOCK13/SES131/SA131S20	SES106	-1.33953	-4.08387	-2.74434
BLOCK13/SES131/SA131S20	SES125	-2.5689	-5.31325	-2.74434
BLOCK13/SES131/SA131S20	SES148	-0.713178	-3.45752	-2.74434
BLOCK13/SES131/SA131S22	SES099	-1.09249	-4.45049	-3.358
BLOCK13/SES131/SA131S22	SES104	-0.213286	-3.57128	-3.358
BLOCK13/SES131/SA131S22	SES125	-0.954135	-4.31213	-3.358
BLOCK13/SES131/SA131S22	SES206	-0.462472	-3.82047	-3.358
BLOCK13/SES131/SA131S29	SES087	-0.314704	-6.39066	-6.07595
BLOCK13/SES131/SA131S29	SES104	-1.26615	-7.3421	-6.07595
BLOCK13/SES131/SA131S29	SES125	-2.88878	-8.96473	-6.07595
BLOCK13/SES131/SA131S29	SES206	-1.09533	-7.17128	-6.07595
BLOCK13/SES132/SA132S11	SES083	-0.487572	-6.43113	-5.94356
BLOCK13/SES132/SA132S11	SES120	-1.45104	-7.39459	-5.94356
BLOCK13/SES132/SA132S11	SES127	-3.06158	-9.00514	-5.94356
BLOCK13/SES132/SA132S11	SES275	-0.0890326	-6.03259	-5.94356
BLOCK13/SES132/SA132S12	SES083	-0.866681	-4.98234	-4.11566
BLOCK13/SES132/SA132S12	SES143	-0.749845	-4.86551	-4.11566
BLOCK13/SES132/SA132S12	SES144	-0.363465	-4.47913	-4.11566
BLOCK13/SES132/SA132S12	SES148	-0.968873	-5.08453	-4.11566
BLOCK13/SES132/SA132S22	SES062	-0.384827	-4.59756	-4.21273
BLOCK13/SES132/SA132S22	SES083	-0.521528	-4.73426	-4.21273
BLOCK13/SES132/SA132S22	SES127	-1.72375	-5.93648	-4.21273
BLOCK13/SES132/SA132S22	SES275	-0.0627794	-4.27551	-4.21273
BLOCK13/SES132/SA132S24	SES007	-0.0218434	-2.97841	-2.95657
BLOCK13/SES132/SA132S24	SES083	-0.624479	-3.58105	-2.95657
BLOCK13/SES132/SA132S24	SES127	-2.26601	-5.22258	-2.95657
BLOCK13/SES132/SA132S24	SES275	-0.0647852	-3.02136	-2.95657
BLOCK13/SES132/SA132S27	SES083	-0.661606	-6.04534	-5.38373
BLOCK13/SES132/SA132S27	SES120	-0.627381	-6.01111	-5.38373
BLOCK13/SES132/SA132S27	SES127	-4.33631	-9.72004	-5.38373
BLOCK13/SES132/SA132S27	SES275	0.0982418	-5.28549	-5.38373
BLOCK14/SES141/SA141S09	SES143	-0.661523	-3.13453	-2.473
BLOCK14/SES141/SA141S09	SES144	-0.106974	-2.57998	-2.473
BLOCK14/SES141/SA141S09	SES162	-0.35416	-2.82716	-2.473
BLOCK14/SES141/SA141S09	SES180	-0.38452	-2.85752	-2.473
BLOCK14/SES141/SA141S15	SES127	-0.987565	-2.79856	-1.81099
BLOCK14/SES141/SA141S15	SES144	-1.1577	-2.96869	-1.81099
BLOCK14/SES141/SA141S15	SES162	-0.552065	-2.36306	-1.81099
BLOCK14/SES141/SA141S15	SES180	-0.555976	-2.36697	-1.81099
BLOCK14/SES141/SA141S24	SES127	-1.02489	-3.01627	-1.99138
BLOCK14/SES141/SA141S24	SES144	-1.07436	-3.06574	-1.99138
BLOCK14/SES141/SA141S24	SES162	-0.644187	-2.63557	-1.99138
BLOCK14/SES141/SA141S24	SES183	-0.926304	-2.91769	-1.99138
BLOCK14/SES141/SA141S26	SES142	0.676559	-2.36488	-3.04144
BLOCK14/SES141/SA141S26	SES144	-0.434162	-3.4756	-3.04144
BLOCK14/SES141/SA141S26	SES172	-0.0429549	-3.0844	-3.04144
BLOCK14/SES141/SA141S26	SES180	-0.311989	-3.35343	-3.04144
BLOCK14/SES141/SA141S29	SES127	-0.100377	-2.19424	-2.09386
BLOCK14/SES141/SA141S29	SES142	0.400714	-1.69315	-2.09386
BLOCK14/SES141/SA141S29	SES144	-0.862581	-2.95644	-2.09386
BLOCK14/SES141/SA141S29	SES180	-0.0326178	-2.12648	-2.09386
BLOCK15/SES157/SA157S08	SES083	-1.36407	-0.923572	0.440499
BLOCK15/SES157/SA157S08	SES127	-0.120858	0.319641	0.440499
BLOCK15/SES157/SA157S08	SES148	-1.39666	-0.956161	0.440499
BLOCK15/SES157/SA157S08	SES292	-1.32279	-0.882295	0.440499
BLOCK15/SES157/SA157S11	SES083	-1.29712	-3.22959	-1.93247
BLOCK15/SES157/SA157S11	SES127	-0.579434	-2.51191	-1.93247
BLOCK15/SES157/SA157S11	SES148	-1.52245	-3.45493	-1.93247
BLOCK15/SES157/SA157S11	SES292	-1.3887	-3.32118	-1.93247
BLOCK15/SES157/SA157S21	SES127	0.161061	1.26352	1.10246
BLOCK15/SES157/SA157S21	SES148	-1.02561	0.0768427	1.10246
BLOCK15/SES157/SA157S21	SES158	-0.993799	0.108656	1.10246
BLOCK15/SES157/SA157S21	SES292	-1.45029	-0.347831	1.10246
BLOCK15/SES157/SA157S24	SES127	-0.246053	-1.2269	-0.980852
BLOCK15/SES157/SA157S24	SES148	-1.4962	-2.47705	-0.980852
BLOCK15/SES157/SA157S24	SES183	-1.64991	-2.63077	-0.980852
BLOCK15/SES157/SA157S24	SES292	-1.76143	-2.74228	-0.980852
BLOCK15/SES157/SA157S26	SES007	-0.212991	0.38195	0.594941
BLOCK15/SES157/SA157S26	SES127	0.189021	0.783962	0.594941
BLOCK15/SES157/SA157S26	SES147	-2.57859	-1.98365	0.594941
BLOCK15/SES157/SA157S26	SES148	-1.50057	-0.905632	0.594941
BLOCK16/SES161/SA161S10	SES007	-0.391089	-1.01927	-0.62818
BLOCK16/SES161/SA161S10	SES105	-0.415965	-1.04414	-0.62818
BLOCK16/SES161/SA161S10	SES158	-0.52148	-1.14966	-0.62818
BLOCK16/SES161/SA161S10	SES275	-1.35785	-1.98603	-0.62818
BLOCK16/SES161/SA161S12	SES007	-0.456532	-1.253	-0.796469
BLOCK16/SES161/SA161S12	SES105	-0.746939	-1.54341	-0.796469
BLOCK16/SES161/SA161S12	SES158	-0.0179555	-0.814425	-0.796469
BLOCK16/SES161/SA161S12	SES275	-1.51644	-2.31291	-0.796469
BLOCK16/SES161/SA161S20	SES007	-0.487199	-1.14253	-0.655334
BLOCK16/SES161/SA161S20	SES105	-0.57135	-1.22668	-0.655334
BLOCK16/SES161/SA161S20	SES158	-0.0349852	-0.690319	-0.655334
BLOCK16/SES161/SA161S20	SES275	-2.65191	-3.30724	-0.655334
BLOCK16/SES161/SA161S23	SES007	-0.566103	-2.10307	-1.53697
BLOCK16/SES161/SA161S23	SES105	-0.264423	-1.80139	-1.53697
BLOCK16/SES161/SA161S23	SES148	-0.810308	-2.34728	-1.53697
BLOCK16/SES161/SA161S23	SES158	-0.334197	-1.87116	-1.53697
BLOCK16/SES161/SA161S28	SES007	-0.498244	-1.76962	-1.27138
BLOCK16/SES161/SA161S28	SES105	-1.09513	-2.36651	-1.27138
BLOCK16/SES161/SA161S28	SES158	-0.181184	-1.45256	-1.27138
BLOCK16/SES161/SA161S28	SES206	-0.764874	-2.03625	-1.27138
BLOCK16/SES164/SA164S11	SES104	0.186554	0.487271	0.300717
BLOCK16/SES164/SA164S11	SES125	0.0178806	0.318597	0.300717
BLOCK16/SES164/SA164S11	SES158	0.612745	0.913462	0.300717
BLOCK16/SES164/SA164S11	SES206	-1.5398	-1.23909	0.300717
BLOCK16/SES164/SA164S13	SES099	-0.206164	-1.61305	-1.40689
BLOCK16/SES164/SA164S13	SES104	-0.144765	-1.55165	-1.40689
BLOCK16/SES164/SA164S13	SES125	-0.203871	-1.61076	-1.40689
BLOCK16/SES164/SA164S13	SES206	-1.46944	-2.87633	-1.40689
BLOCK16/SES164/SA164S24	SES002	-0.668881	-1.08641	-0.417527
BLOCK16/SES164/SA164S24	SES099	-0.733291	-1.15082	-0.417527
BLOCK16/SES164/SA164S24	SES125	-0.766231	-1.18376	-0.417527
BLOCK16/SES164/SA164S24	SES226	0.473976	0.0564484	-0.417527
BLOCK16/SES164/SA164S27	SES087	-2.61055	-2.92891	-0.318356
BLOCK16/SES164/SA164S27	SES125	-0.447158	-0.765514	-0.318356
BLOCK16/SES164/SA164S27	SES206	-0.433722	-0.752078	-0.318356
BLOCK16/SES164/SA164S27	SES226	0.100975	-0.217381	-0.318356
BLOCK16/SES164/SA164S29	SES002	-0.378497	-1.25457	-0.876072
BLOCK16/SES164/SA164S29	SES019	-1.43464	-2.31071	-0.876072
BLOCK16/SES164/SA164S29	SES125	-0.638275	-1.51435	-0.876072
BLOCK16/SES164/SA164S29	SES226	-0.0356441	-0.911716	-0.876072
BLOCK16/SES169/SA169S13	SES117	-1.03779	-3.7615	-2.72371
BLOCK16/SES169/SA169S13	SES144	-0.709547	-3.43326	-2.72371
BLOCK16/SES169/SA169S13	SES146	0.0208302	-2.70288	-2.72371
BLOCK16/SES169/SA169S13	SES162	-0.0309088	-2.75462	-2.72371
BLOCK16/SES169/SA169S14	SES144	-1.26719	-1.99193	-0.724741
BLOCK16/SES169/SA169S14	SES148	-0.265684	-0.990425	-0.724741
BLOCK16/SES169/SA169S14	SES177	-0.109178	-0.833919	-0.724741
BLOCK16/SES169/SA169S14	SES180	-0.0703979	-0.795139	-0.724741
BLOCK16/SES169/SA169S24	SES117	-1.11986	-3.25732	-2.13747
BLOCK16/SES169/SA169S24	SES144	-1.09704	-3.23451	-2.13747
BLOCK16/SES169/SA169S24	SES146	-0.0722139	-2.20968	-2.13747
BLOCK16/SES169/SA169S24	SES162	0.0292747	-2.10819	-2.13747
BLOCK16/SES169/SA169S27	SES127	-0.350177	-2.33508	-1.98491
BLOCK16/SES169/SA169S27	SES129	-0.136593	-2.1215	-1.98491
BLOCK16/SES169/SA169S27	SES144	-1.10488	-3.08978	-1.98491
BLOCK16/SES169/SA169S27	SES146	0.000783086	-1.98412	-1.98491
BLOCK16/SES169/SA169S29	SES144	-1.02855	-1.44913	-0.420585
BLOCK16/SES169/SA169S29	SES162	-0.0744875	-0.495072	-0.420585
BLOCK16/SES169/SA169S29	SES177	-0.152293	-0.572878	-0.420585
BLOCK16/SES169/SA169S29	SES180	0.112166	-0.308419	-0.420585
BLOCK17/SES171/SA171S12	SES083	-1.7744	-2.81338	-1.03898
BLOCK17/SES171/SA171S12	SES148	-2.11007	-3.14906	-1.03898
BLOCK17/SES171/SA171S12	SES172	0.329001	-0.709983	-1.03898
BLOCK17/SES171/SA171S12	SES292	-2.46889	-3.50787	-1.03898
BLOCK17/SES171/SA171S15	SES148	-2.27405	-2.8357	-0.561653
BLOCK17/SES171/SA171S15	SES177	-0.676971	-1.23862	-0.561653
BLOCK17/SES171/SA171S15	SES180	-1.26224	-1.82389	-0.561653
BLOCK17/SES171/SA171S15	SES292	-2.28632	-2.84798	-0.561653
BLOCK17/SES171/SA171S22	SES007	-0.55992	1.10547	1.66539
BLOCK17/SES171/SA171S22	SES148	-1.86789	-0.202502	1.66539
BLOCK17/SES171/SA171S22	SES177	-0.221876	1.44351	1.66539
BLOCK17/SES171/SA171S22	SES180	-0.980078	0.685311	1.66539
BLOCK17/SES171/SA171S25	SES101	-0.202642	-2.73636	-2.53372
BLOCK17/SES171/SA171S25	SES120	-1.63326	-4.16698	-2.53372
BLOCK17/SES171/SA171S25	SES177	-0.582199	-3.11592	-2.53372
BLOCK17/SES171/SA171S25	SES180	-0.772482	-3.3062	-2.53372
BLOCK17/SES171/SA171S27	SES177	-0.220999	-1.73237	-1.51137
BLOCK17/SES171/SA171S27	SES180	-1.09481	-2.60617	-1.51137
BLOCK17/SES171/SA171S27	SES189	-0.532682	-2.04405	-1.51137
BLOCK17/SES171/SA171S27	SES292	-1.64835	-3.15971	-1.51137
BLOCK17/SES173/SA173S13	SES162	-0.883784	0.370844	1.25463
BLOCK17/SES173/SA173S13	SES177	-0.485917	0.768711	1.25463
BLOCK17/SES173/SA173S13	SES180	-0.578684	0.675944	1.25463
BLOCK17/SES173/SA173S13	SES292	-1.43788	-0.183254	1.25463
BLOCK17/SES173/SA173S14	SES007	-0.0724197	0.682174	0.754594
BLOCK17/SES173/SA173S14	SES162	-0.841221	-0.0866266	0.754594
BLOCK17/SES173/SA173S14	SES177	-0.383636	0.370958	0.754594
BLOCK17/SES173/SA173S14	SES180	-0.937107	-0.182513	0.754594
BLOCK17/SES173/SA173S24	SES144	-2.56666	-3.78826	-1.2216
BLOCK17/SES173/SA173S24	SES162	-0.737491	-1.95909	-1.2216
BLOCK17/SES173/SA173S24	SES177	-0.286669	-1.50827	-1.2216
BLOCK17/SES173/SA173S24	SES180	-1.09505	-2.31665	-1.2216
BLOCK17/SES173/SA173S27	SES162	-1.05648	-0.230844	0.825631
BLOCK17/SES173/SA173S27	SES177	-0.314604	0.511028	0.825631
BLOCK17/SES173/SA173S27	SES180	-0.645675	0.179957	0.825631
BLOCK17/SES173/SA173S27	SES292	-0.517493	0.308138	0.825631
BLOCK17/SES173/SA173S29	SES162	-0.440188	0.455512	0.8957
BLOCK17/SES173/SA173S29	SES175	-0.237674	0.658026	0.8957
BLOCK17/SES173/SA173S29	SES177	0.114114	1.00981	0.8957
BLOCK17/SES173/SA173S29	SES292	-1.15523	-0.259528	0.8957
BLOCK18/SES182/SA182S10	SES144	-1.2486	-2.15015	-0.901548
BLOCK18/SES182/SA182S10	SES177	0.0409905	-0.860557	-0.901548
BLOCK18/SES182/SA182S10	SES180	0.0971224	-0.804425	-0.901548
BLOCK18/SES182/SA182S10	SES275	-1.06117	-1.96272	-0.901548
BLOCK18/SES182/SA182S12	SES144	-1.02887	-2.10682	-1.07795
BLOCK18/SES182/SA182S12	SES177	0.0736489	-1.0043	-1.07795
BLOCK18/SES182/SA182S12	SES180	-0.490619	-1.56857	-1.07795
BLOCK18/SES182/SA182S12	SES275	-0.661644	-1.7396	-1.07795
BLOCK18/SES182/SA182S21	SES117	-1.69977	-3.64308	-1.9433
BLOCK18/SES182/SA182S21	SES144	-1.15708	-3.10038	-1.9433
BLOCK18/SES182/SA182S21	SES162	-0.0152282	-1.95853	-1.9433
BLOCK18/SES182/SA182S21	SES180	-0.322079	-2.26538	-1.9433
BLOCK18/SES182/SA182S23	SES117	-1.74855	-2.7682	-1.01965
BLOCK18/SES182/SA182S23	SES144	-1.73318	-2.75283	-1.01965
BLOCK18/SES182/SA182S23	SES180	-0.030764	-1.05041	-1.01965
BLOCK18/SES182/SA182S23	SES275	-1.17255	-2.1922	-1.01965
BLOCK18/SES182/SA182S25	SES007	0.0681717	-2.63255	-2.70073
BLOCK18/SES182/SA182S25	SES162	-0.216461	-2.91719	-2.70073
BLOCK18/SES182/SA182S25	SES177	-0.122715	-2.82344	-2.70073
BLOCK18/SES182/SA182S25	SES180	-0.0465536	-2.74728	-2.70073
BLOCK18/SES184/SA184S12	SES177	-0.618044	-1.67532	-1.05728
BLOCK18/SES184/SA184S12	SES180	-0.63054	-1.68782	-1.05728
BLOCK18/SES184/SA184S12	SES189	-0.646823	-1.7041	-1.05728
BLOCK18/SES184/SA184S12	SES292	-0.521418	-1.5787	-1.05728
BLOCK18/SES184/SA184S13	SES101	-0.453637	-3.01682	-2.56318
BLOCK18/SES184/SA184S13	SES177	-0.491277	-3.05446	-2.56318
BLOCK18/SES184/SA184S13	SES180	-0.601626	-3.16481	-2.56318
BLOCK18/SES184/SA184S13	SES292	-0.801493	-3.36468	-2.56318
BLOCK18/SES184/SA184S22	SES177	-0.370856	-1.91626	-1.54541
BLOCK18/SES184/SA184S22	SES180	-0.552621	-2.09803	-1.54541
BLOCK18/SES184/SA184S22	SES189	-0.594831	-2.14024	-1.54541
BLOCK18/SES184/SA184S22	SES292	-0.774782	-2.32019	-1.54541
BLOCK18/SES184/SA184S25	SES101	-0.454178	-2.81156	-2.35738
BLOCK18/SES184/SA184S25	SES177	-0.585392	-2.94277	-2.35738
BLOCK18/SES184/SA184S25	SES180	-0.186434	-2.54382	-2.35738
BLOCK18/SES184/SA184S25	SES292	-0.511193	-2.86857	-2.35738
BLOCK18/SES184/SA184S27	SES083	-0.645225	-2.56506	-1.91984
BLOCK18/SES184/SA184S27	SES177	-0.444491	-2.36433	-1.91984
BLOCK18/SES184/SA184S27	SES202	-0.47862	-2.39846	-1.91984
BLOCK18/SES184/SA184S27	SES292	-0.7258	-2.64564	-1.91984
BLOCK20/SES204/SA204S12	SES062	-0.0662223	0.148635	0.214858
BLOCK20/SES204/SA204S12	SES083	-0.521295	-0.306438	0.214858
BLOCK20/SES204/SA204S12	SES206	0.185098	0.399956	0.214858
BLOCK20/SES204/SA204S12	SES226	-0.902235	-0.687377	0.214858
BLOCK20/SES204/SA204S14	SES068	0.164375	2.52299	2.35862
BLOCK20/SES204/SA204S14	SES087	-1.09028	1.26834	2.35862
BLOCK20/SES204/SA204S14	SES206	0.634395	2.99301	2.35862
BLOCK20/SES204/SA204S14	SES226	-0.461504	1.89711	2.35862
BLOCK20/SES204/SA204S22	SES068	-0.180078	-0.033531	0.146547
BLOCK20/SES204/SA204S22	SES082	-0.187883	-0.0413359	0.146547
BLOCK20/SES204/SA204S22	SES083	-0.349819	-0.203272	0.146547
BLOCK20/SES204/SA204S22	SES206	0.300717	0.447264	0.146547
BLOCK20/SES204/SA204S25	SES062	-0.0607935	-0.138052	-0.0772585
BLOCK20/SES204/SA204S25	SES083	-0.334971	-0.412229	-0.0772585
BLOCK20/SES204/SA204S25	SES206	0.249584	0.172326	-0.0772585
BLOCK20/SES204/SA204S25	SES226	-0.674477	-0.751736	-0.0772585
BLOCK20/SES204/SA204S27	SES068	0.116039	0.597602	0.481563
BLOCK20/SES204/SA204S27	SES082	-0.0328791	0.448684	0.481563
BLOCK20/SES204/SA204S27	SES087	-0.617288	-0.135725	0.481563
BLOCK20/SES204/SA204S27	SES206	0.430557	0.91212	0.481563
BLOCK20/SES207/SA207S10	SES127	-1.69252	-2.95271	-1.26019
BLOCK20/SES207/SA207S10	SES183	-0.283986	-1.54418	-1.26019
BLOCK20/SES207/SA207S10	SES189	-0.339693	-1.59988	-1.26019
BLOCK20/SES207/SA207S10	SES292	-0.41127	-1.67146	-1.26019
BLOCK20/SES207/SA207S11	SES127	-2.3291	-3.90298	-1.57388
BLOCK20/SES207/SA207S11	SES183	-0.774783	-2.34866	-1.57388
BLOCK20/SES207/SA207S11	SES187	0.0855237	-1.48835	-1.57388
BLOCK20/SES207/SA207S11	SES292	0.0947727	-1.4791	-1.57388
BLOCK20/SES207/SA207S25	SES068	-1.42234	-4.99928	-3.57693
BLOCK20/SES207/SA207S25	SES083	-0.37473	-3.95166	-3.57693
BLOCK20/SES207/SA207S25	SES127	-1.35599	-4.93292	-3.57693
BLOCK20/SES207/SA207S25	SES187	-0.280271	-3.8572	-3.57693
BLOCK20/SES207/SA207S27	SES127	-2.64134	-6.73379	-4.09245
BLOCK20/SES207/SA207S27	SES183	-0.650479	-4.74293	-4.09245
BLOCK20/SES207/SA207S27	SES187	-0.0466552	-4.13911	-4.09245
BLOCK20/SES207/SA207S27	SES292	-0.106026	-4.19848	-4.09245
BLOCK20/SES207/SA207S29	SES083	-0.474168	-2.87448	-2.40031
BLOCK20/SES207/SA207S29	SES085	-0.536711	-2.93702	-2.40031
BLOCK20/SES207/SA207S29	SES172	-1.27598	-3.67629	-2.40031
BLOCK20/SES207/SA207S29	SES189	-0.644847	-3.04516	-2.40031
BLOCK22/SES221/SA221S12	SES068	0.276399	0.618212	0.341813
BLOCK22/SES221/SA221S12	SES143	-1.93056	-1.58875	0.341813
BLOCK22/SES221/SA221S12	SES175	-1.02115	-0.679337	0.341813
BLOCK22/SES221/SA221S12	SES202	-0.277252	0.0645614	0.341813
BLOCK22/SES221/SA221S15	SES085	-1.31526	-1.63198	-0.316718
BLOCK22/SES221/SA221S15	SES143	-1.91115	-2.22787	-0.316718
BLOCK22/SES221/SA221S15	SES175	-1.33672	-1.65344	-0.316718
BLOCK22/SES221/SA221S15	SES187	-0.483818	-0.800536	-0.316718
BLOCK22/SES221/SA221S23	SES068	-0.157664	-1.03683	-0.879169
BLOCK22/SES221/SA221S23	SES143	-1.90268	-2.78185	-0.879169
BLOCK22/SES221/SA221S23	SES175	-1.532	-2.41117	-0.879169
BLOCK22/SES221/SA221S23	SES189	-0.292351	-1.17152	-0.879169
BLOCK22/SES221/SA221S27	SES085	-0.929479	-1.2898	-0.360321
BLOCK22/SES221/SA221S27	SES143	-1.85245	-2.21277	-0.360321
BLOCK22/SES221/SA221S27	SES175	-1.55175	-1.91208	-0.360321
BLOCK22/SES221/SA221S27	SES189	-0.0929467	-0.453268	-0.360321
BLOCK22/SES221/SA221S29	SES085	-1.36864	-1.28579	0.082848
BLOCK22/SES221/SA221S29	SES143	-1.57653	-1.49369	0.082848
BLOCK22/SES221/SA221S29	SES175	-1.04605	-0.963198	0.082848
BLOCK22/SES221/SA221S29	SES187	-0.224283	-0.141435	0.082848
BLOCK22/SES223/SA223S11	SES143	-0.843804	-3.89014	-3.04634
BLOCK22/SES223/SA223S11	SES144	-1.32085	-4.36719	-3.04634
BLOCK22/SES223/SA223S11	SES175	-1.62694	-4.67327	-3.04634
BLOCK22/SES223/SA223S11	SES187	-0.908117	-3.95445	-3.04634
BLOCK22/SES223/SA223S13	SES068	-0.251464	-1.01718	-0.765718
BLOCK22/SES223/SA223S13	SES143	-0.942179	-1.7079	-0.765718
BLOCK22/SES223/SA223S13	SES146	-1.67292	-2.43864	-0.765718
BLOCK22/SES223/SA223S13	SES202	-0.987831	-1.75355	-0.765718
BLOCK22/SES223/SA223S22	SES143	-0.744354	-3.17788	-2.43352
BLOCK22/SES223/SA223S22	SES144	-1.37096	-3.80449	-2.43352
BLOCK22/SES223/SA223S22	SES175	-0.931671	-3.3652	-2.43352
BLOCK22/SES223/SA223S22	SES187	-0.619108	-3.05263	-2.43352
BLOCK22/SES223/SA223S25	SES068	-0.0812682	-1.09936	-1.01809
BLOCK22/SES223/SA223S25	SES143	-1.03818	-2.05627	-1.01809
BLOCK22/SES223/SA223S25	SES175	-1.27462	-2.29271	-1.01809
BLOCK22/SES223/SA223S25	SES187	-0.384247	-1.40234	-1.01809
BLOCK22/SES223/SA223S27	SES143	-0.819601	-2.6393	-1.8197
BLOCK22/SES223/SA223S27	SES146	-1.50305	-3.32275	-1.8197
BLOCK22/SES223/SA223S27	SES187	-0.609442	-2.42914	-1.8197
BLOCK22/SES223/SA223S27	SES292	-0.22579	-2.04549	-1.8197
BLOCK27/SES273/SA273S12	SES099	-0.790741	-2.8211	-2.03036
BLOCK27/SES273/SA273S12	SES104	-0.114232	-2.14459	-2.03036
BLOCK27/SES273/SA273S12	SES125	-0.76953	-2.79989	-2.03036
BLOCK27/SES273/SA273S12	SES206	-1.01479	-3.04514	-2.03036
BLOCK27/SES273/SA273S13	SES099	-1.35008	-1.96113	-0.611057
BLOCK27/SES273/SA273S13	SES104	-0.533914	-1.14497	-0.611057
BLOCK27/SES273/SA273S13	SES206	-1.58007	-2.19112	-0.611057
BLOCK27/SES273/SA273S13	SES292	-1.15418	-1.76524	-0.611057
BLOCK27/SES273/SA273S21	SES099	-0.33495	-2.17896	-1.84401
BLOCK27/SES273/SA273S21	SES148	-1.48292	-3.32694	-1.84401
BLOCK27/SES273/SA273S21	SES149	-0.723396	-2.56741	-1.84401
BLOCK27/SES273/SA273S21	SES177	-0.516189	-2.3602	-1.84401
BLOCK27/SES273/SA273S25	SES104	-0.258399	-1.93325	-1.67485
BLOCK27/SES273/SA273S25	SES125	-0.462943	-2.1378	-1.67485
BLOCK27/SES273/SA273S25	SES158	-0.100816	-1.77567	-1.67485
BLOCK27/SES273/SA273S25	SES206	-1.59597	-3.27082	-1.67485
BLOCK27/SES273/SA273S27	SES099	-0.486351	-1.71723	-1.23088
BLOCK27/SES273/SA273S27	SES104	-0.214583	-1.44546	-1.23088
BLOCK27/SES273/SA273S27	SES149	-0.833102	-2.06398	-1.23088
BLOCK27/SES273/SA273S27	SES275	-1.49982	-2.7307	-1.23088
BLOCK27/SES274/SA274S10	SES105	-0.604374	-0.363498	0.240876
BLOCK27/SES274/SA274S10	SES125	-1.10757	-0.866689	0.240876
BLOCK27/SES274/SA274S10	SES129	-0.254804	-0.0139282	0.240876
BLOCK27/SES274/SA274S10	SES158	-1.01711	-0.776233	0.240876
BLOCK27/SES274/SA274S11	SES105	-0.451016	-0.541175	-0.0901589
BLOCK27/SES274/SA274S11	SES149	-0.407526	-0.497685	-0.0901589
BLOCK27/SES274/SA274S11	SES158	-0.379716	-0.469875	-0.0901589
BLOCK27/SES274/SA274S11	SES275	-2.4277	-2.51786	-0.0901589
BLOCK27/SES274/SA274S21	SES105	-0.480881	-0.818063	-0.337182
BLOCK27/SES274/SA274S21	SES129	-0.0234681	-0.360651	-0.337182
BLOCK27/SES274/SA274S21	SES149	-0.563871	-0.901053	-0.337182
BLOCK27/SES274/SA274S21	SES158	-1.21854	-1.55572	-0.337182
BLOCK27/SES274/SA274S24	SES105	-0.41744	-0.558569	-0.141129
BLOCK27/SES274/SA274S24	SES129	0.187909	0.0467806	-0.141129
BLOCK27/SES274/SA274S24	SES149	-0.440481	-0.58161	-0.141129
BLOCK27/SES274/SA274S24	SES158	-1.53672	-1.67785	-0.141129
BLOCK27/SES274/SA274S29	SES105	-0.670959	-2.69892	-2.02796
BLOCK27/SES274/SA274S29	SES106	-1.11144	-3.13941	-2.02796
BLOCK27/SES274/SA274S29	SES120	-0.450688	-2.47865	-2.02796
BLOCK27/SES274/SA274S29	SES275	-1.22327	-3.25123	-2.02796
BLOCK27/SES276/SA276S16	SES148	-0.0984192	-2.52753	-2.42911
BLOCK27/SES276/SA276S16	SES172	-1.46054	-3.88965	-2.42911
BLOCK27/SES276/SA276S16	SES180	-0.516065	-2.94517	-2.42911
BLOCK27/SES276/SA276S16	SES292	0.323253	-2.10586	-2.42911
BLOCK27/SES276/SA276S17	SES101	-0.504317	-2.46568	-1.96136
BLOCK27/SES276/SA276S17	SES177	-0.441896	-2.40326	-1.96136
BLOCK27/SES276/SA276S17	SES180	-0.345989	-2.30735	-1.96136
BLOCK27/SES276/SA276S17	SES292	-0.357505	-2.31887	-1.96136
BLOCK27/SES276/SA276S24	SES101	-0.354795	-2.34402	-1.98923
BLOCK27/SES276/SA276S24	SES177	-0.0784843	-2.06771	-1.98923
BLOCK27/SES276/SA276S24	SES180	-0.52981	-2.51904	-1.98923
BLOCK27/SES276/SA276S24	SES292	-0.367125	-2.35635	-1.98923
BLOCK27/SES276/SA276S26	SES101	-1.063	-2.90565	-1.84265
BLOCK27/SES276/SA276S26	SES177	-0.397808	-2.24046	-1.84265
BLOCK27/SES276/SA276S26	SES180	-0.736427	-2.57908	-1.84265
BLOCK27/SES276/SA276S26	SES292	-0.0436798	-1.88633	-1.84265
BLOCK27/SES276/SA276S28	SES101	-0.965433	-3.08564	-2.12021
BLOCK27/SES276/SA276S28	SES177	-0.415055	-2.53526	-2.12021
BLOCK27/SES276/SA276S28	SES180	-0.54179	-2.662	-2.12021
BLOCK27/SES276/SA276S28	SES292	0.210897	-1.90931	-2.12021
BLOCK27/SES277/SA277S12	SES101	-0.664535	-5.33308	-4.66854
BLOCK27/SES277/SA277S12	SES177	-0.751292	-5.41983	-4.66854
BLOCK27/SES277/SA277S12	SES180	-0.835024	-5.50356	-4.66854
BLOCK27/SES277/SA277S12	SES292	-0.357004	-5.02554	-4.66854
BLOCK27/SES277/SA277S14	SES177	-0.677626	-4.48278	-3.80516
BLOCK27/SES277/SA277S14	SES180	-1.04637	-4.85152	-3.80516
BLOCK27/SES277/SA277S14	SES189	-0.160121	-3.96528	-3.80516
BLOCK27/SES277/SA277S14	SES292	-0.832945	-4.6381	-3.80516
BLOCK27/SES277/SA277S21	SES177	-0.434251	-2.57733	-2.14308
BLOCK27/SES277/SA277S21	SES180	-0.828156	-2.97123	-2.14308
BLOCK27/SES277/SA277S21	SES189	0.165144	-1.97793	-2.14308
BLOCK27/SES277/SA277S21	SES292	-0.487111	-2.63019	-2.14308
BLOCK27/SES277/SA277S24	SES144	-0.979031	-5.8484	-4.86937
BLOCK27/SES277/SA277S24	SES177	-0.316116	-5.18548	-4.86937
BLOCK27/SES277/SA277S24	SES180	-1.03306	-5.90243	-4.86937
BLOCK27/SES277/SA277S24	SES189	0.116995	-4.75237	-4.86937
BLOCK27/SES277/SA277S29	SES177	-0.211611	-2.35702	-2.14541
BLOCK27/SES277/SA277S29	SES180	-0.639574	-2.78499	-2.14541
BLOCK27/SES277/SA277S29	SES202	-0.601492	-2.7469	-2.14541
BLOCK27/SES277/SA277S29	SES292	-0.601549	-2.74696	-2.14541
BLOCK27/SES279/SA279S09	SES120	-0.291653	-1.80346	-1.5118
BLOCK27/SES279/SA279S09	SES146	-0.918959	-2.43076	-1.5118
BLOCK27/SES279/SA279S09	SES206	-0.675278	-2.18708	-1.5118
BLOCK27/SES279/SA279S09	SES226	-1.14869	-2.66049	-1.5118
BLOCK27/SES279/SA279S10	SES099	-0.28108	-0.806904	-0.525823
BLOCK27/SES279/SA279S10	SES206	-1.13473	-1.66055	-0.525823
BLOCK27/SES279/SA279S10	SES226	-0.677283	-1.20311	-0.525823
BLOCK27/SES279/SA279S10	SES292	-0.606014	-1.13184	-0.525823
BLOCK27/SES279/SA279S20	SES099	-1.77446	-3.49861	-1.72415
BLOCK27/SES279/SA279S20	SES206	-0.45369	-2.17784	-1.72415
BLOCK27/SES279/SA279S20	SES226	-1.38499	-3.10915	-1.72415
BLOCK27/SES279/SA279S20	SES292	-0.347785	-2.07194	-1.72415
BLOCK27/SES279/SA279S26	SES099	-0.469952	-1.06885	-0.598898
BLOCK27/SES279/SA279S26	SES206	-0.756486	-1.35538	-0.598898
BLOCK27/SES279/SA279S26	SES226	-0.381623	-0.980522	-0.598898
BLOCK27/SES279/SA279S26	SES292	-0.665788	-1.26469	-0.598898
BLOCK27/SES279/SA279S28	SES099	0.211261	0.243777	0.0325164
BLOCK27/SES279/SA279S28	SES120	0.107156	0.139672	0.0325164
BLOCK27/SES279/SA279S28	SES177	-0.592067	-0.559551	0.0325164
BLOCK27/SES279/SA279S28	SES206	-1.28404	-1.25152	0.0325164
BLOCK29/SES290/SA290S12	SES162	0.135904	0.460109	0.324205
BLOCK29/SES290/SA290S12	SES177	0.0630261	0.387231	0.324205
BLOCK29/SES290/SA290S12	SES180	-0.205511	0.118694	0.324205
BLOCK29/SES290/SA290S12	SES292	-1.04104	-0.71683	0.324205
BLOCK29/SES290/SA290S13	SES007	0.237507	-0.90614	-1.14365
BLOCK29/SES290/SA290S13	SES162	-0.810747	-1.95439	-1.14365
BLOCK29/SES290/SA290S13	SES177	-0.429245	-1.57289	-1.14365
BLOCK29/SES290/SA290S13	SES180	-0.0641944	-1.20784	-1.14365
BLOCK29/SES290/SA290S22	SES177	-0.0242809	-0.649426	-0.625145
BLOCK29/SES290/SA290S22	SES180	-0.0053947	-0.63054	-0.625145
BLOCK29/SES290/SA290S22	SES202	-0.254906	-0.880051	-0.625145
BLOCK29/SES290/SA290S22	SES292	-0.511264	-1.13641	-0.625145
BLOCK29/SES290/SA290S25	SES162	-0.0429657	0.606935	0.6499
BLOCK29/SES290/SA290S25	SES177	0.0982774	0.748178	0.6499
BLOCK29/SES290/SA290S25	SES180	-0.37767	0.272231	0.6499
BLOCK29/SES290/SA290S25	SES292	-0.421623	0.228277	0.6499
BLOCK29/SES290/SA290S29	SES177	0.0590265	2.30903	2.25
BLOCK29/SES290/SA290S29	SES180	-0.00528431	2.24472	2.25
BLOCK29/SES290/SA290S29	SES275	-2.20745	0.0425508	2.25
BLOCK29/SES290/SA290S29	SES292	-0.612502	1.6375	2.25
BLOCK29/SES291/SA291S11	SES105	-0.830568	-3.36913	-2.53856
BLOCK29/SES291/SA291S11	SES125	-0.942753	-3.48131	-2.53856
BLOCK29/SES291/SA291S11	SES158	-0.282417	-2.82098	-2.53856
BLOCK29/SES291/SA291S11	SES275	-1.30589	-3.84445	-2.53856
BLOCK29/SES291/SA291S12	SES158	-0.0313199	-0.656462	-0.625142
BLOCK29/SES291/SA291S12	SES226	-0.876241	-1.50138	-0.625142
BLOCK29/SES291/SA291S12	SES270	-0.42216	-1.0473	-0.625142
BLOCK29/SES291/SA291S12	SES275	-1.55748	-2.18262	-0.625142
BLOCK29/SES291/SA291S22	SES082	-0.226568	-1.61859	-1.39203
BLOCK29/SES291/SA291S22	SES158	-0.175744	-1.56777	-1.39203
BLOCK29/SES291/SA291S22	SES259	-0.287019	-1.67904	-1.39203
BLOCK29/SES291/SA291S22	SES275	-1.5049	-2.89692	-1.39203
BLOCK29/SES291/SA291S24	SES104	-0.0417445	-2.07461	-2.03287
BLOCK29/SES291/SA291S24	SES125	-0.562326	-2.5952	-2.03287
BLOCK29/SES291/SA291S24	SES158	-0.120897	-2.15377	-2.03287
BLOCK29/SES291/SA291S24	SES275	-1.39001	-3.42288	-2.03287
BLOCK29/SES291/SA291S27	SES158	-0.0433762	-1.56766	-1.52428
BLOCK29/SES291/SA291S27	SES172	-1.41712	-2.9414	-1.52428
BLOCK29/SES291/SA291S27	SES275	-1.70466	-3.22894	-1.52428
BLOCK29/SES291/SA291S27	SES292	-0.295808	-1.82009	-1.52428
