BLOCK00/SES002/SA002S12	SES002	1.02216	-54.397	-55.4192
BLOCK00/SES002/SA002S13	SES002	0.591995	-55.9146	-56.5066
BLOCK00/SES002/SA002S23	SES002	0.795097	-55.0837	-55.8788
BLOCK00/SES002/SA002S26	SES002	1.00066	-54.8078	-55.8085
BLOCK00/SES002/SA002S28	SES002	0.670116	-55.6865	-56.3566
BLOCK00/SES007/SA007S14	SES007	0.383118	-55.3428	-55.7259
BLOCK00/SES007/SA007S15	SES007	-0.00696945	-56.3862	-56.3792
BLOCK00/SES007/SA007S24	SES007	0.0241318	-56.535	-56.5591
BLOCK00/SES007/SA007S27	SES007	0.323002	-57.0594	-57.3824
BLOCK00/SES007/SA007S29	SES007	0.107201	-55.4276	-55.5348
BLOCK00/SES008/SA008S11	SES008	0.80735	-56.6949	-57.5023
BLOCK00/SES008/SA008S12	SES008	0.563202	-57.0152	-57.5784
BLOCK00/SES008/SA008S19	SES008	0.939041	-56.0074	-56.9464
BLOCK00/SES008/SA008S22	SES008	0.854389	-57.3693	-58.2237
BLOCK00/SES008/SA008S29	SES008	1.07134	-56.2836	-57.355
BLOCK01/SES014/SA014S10	SES014	0.981262	-56.0795	-57.0607
BLOCK01/SES014/SA014S12	SES014	1.17542	-55.0176	-56.1931
BLOCK01/SES014/SA014S24	SES014	0.941792	-55.5697	-56.5115
BLOCK01/SES014/SA014S26	SES014	1.4054	-53.6632	-55.0686
BLOCK01/SES014/SA014S28	SES014	1.17823	-55.3134	-56.4916
BLOCK01/SES016/SA016S12	SES016	0.333504	-57.4478	-57.7813
BLOCK01/SES016/SA016S13	SES016	0.376221	-57.7419	-58.1182
BLOCK01/SES016/SA016S22	SES016	0.313671	-57.3449	-57.6586
BLOCK01/SES016/SA016S25	SES016	0.523682	-55.1861	-55.7098
BLOCK01/SES016/SA016S27	SES016	0.71603	-55.1603	-55.8763
BLOCK01/SES019/SA019S13	SES019	1.06478	-56.2911	-57.3559
BLOCK01/SES019/SA019S14	SES019	0.878883	-55.8187	-56.6976
BLOCK01/SES019/SA019S22	SES019	0.805805	-55.7498	-56.5556
BLOCK01/SES019/SA019S25	SES019	0.897228	-55.3673	-56.2645
BLOCK01/SES019/SA019S29	SES019	1.39031	-55.4338	-56.8241
BLOCK02/SES029/SA029S11	SES029	0.378345	-56.4723	-56.8507
BLOCK02/SES029/SA029S12	SES029	0.212921	-56.413	-56.6259
BLOCK02/SES029/SA029S20	SES029	0.0256729	-57.8433	-57.869
BLOCK02/SES029/SA029S25	SES029	0.268585	-56.8354	-57.104
BLOCK02/SES029/SA029S28	SES029	0.177193	-56.8176	-56.9948
BLOCK04/SES042/SA042S12	SES042	1.50422	-54.7292	-56.2334
BLOCK04/SES042/SA042S15	SES042	0.68708	-54.5607	-55.2478
BLOCK04/SES042/SA042S22	SES042	1.7004	-53.4617	-55.1621
BLOCK04/SES042/SA042S25	SES042	1.09929	-54.7686	-55.8679
BLOCK04/SES042/SA042S27	SES042	1.2409	-53.8553	-55.0962
BLOCK04/SES048/SA048S11	SES048	0.385681	-55.4356	-55.8212
BLOCK04/SES048/SA048S12	SES048	0.570633	-55.3419	-55.9125
BLOCK04/SES048/SA048S20	SES048	0.361359	-55.0687	-55.4301
BLOCK04/SES048/SA048S23	SES048	0.479137	-56.5808	-57.0599
BLOCK04/SES048/SA048S27	SES048	0.442261	-54.652	-55.0943
BLOCK06/SES060/SA060S11	SES060	0.528248	-55.986	-56.5142
BLOCK06/SES060/SA060S12	SES060	0.408379	-56.9659	-57.3743
BLOCK06/SES060/SA060S22	SES060	0.462635	-56.0013	-56.464
BLOCK06/SES060/SA060S24	SES060	0.386665	-55.3193	-55.706
BLOCK06/SES060/SA060S28	SES060	0.778046	-54.3013	-55.0794
BLOCK06/SES062/SA062S10	SES062	0.781937	-54.1433	-54.9252
BLOCK06/SES062/SA062S11	SES062	0.61095	-54.793	-55.4039
BLOCK06/SES062/SA062S21	SES062	0.721878	-53.6662	-54.3881
BLOCK06/SES062/SA062S26	SES062	0.641293	-54.4708	-55.1121
BLOCK06/SES062/SA062S29	SES062	0.515701	-55.1428	-55.6585
BLOCK06/SES068/SA068S14	SES068	0.517963	-56.1627	-56.6806
BLOCK06/SES068/SA068S15	SES068	0.673958	-55.0616	-55.7355
BLOCK06/SES068/SA068S23	SES068	0.639187	-55.1603	-55.7994
BLOCK06/SES068/SA068S27	SES068	0.625381	-55.7636	-56.389
BLOCK06/SES068/SA068S29	SES068	0.609814	-55.1775	-55.7873
BLOCK08/SES082/SA082S12	SES082	0.832478	-54.6811	-55.5136
BLOCK08/SES082/SA082S14	SES082	0.365456	-56.0904	-56.4559
BLOCK08/SES082/SA082S21	SES082	0.465137	-55.3607	-55.8258
BLOCK08/SES082/SA082S24	SES082	0.691063	-54.8776	-55.5686
BLOCK08/SES082/SA082S28	SES082	0.628593	-56.1092	-56.7378
BLOCK08/SES083/SA083S14	SES083	0.0712738	-56.5263	-56.5976
BLOCK08/SES083/SA083S15	SES083	0.248436	-55.829	-56.0775
BLOCK08/SES083/SA083S24	SES083	-0.0890312	-57.1502	-57.0612
BLOCK08/SES083/SA083S26	SES083	0.193821	-55.8401	-56.0339
BLOCK08/SES083/SA083S29	SES083	0.197514	-55.6733	-55.8708
BLOCK08/SES085/SA085S10	SES085	0.927433	-54.7104	-55.6378
BLOCK08/SES085/SA085S13	SES085	0.819393	-56.5313	-57.3507
BLOCK08/SES085/SA085S22	SES085	0.6674	-56.7142	-57.3816
BLOCK08/SES085/SA085S26	SES085	0.858536	-56.3925	-57.251
BLOCK08/SES085/SA085S28	SES085	0.699184	-55.7636	-56.4628
BLOCK08/SES087/SA087S15	SES087	0.668335	-55.1094	-55.7777
BLOCK08/SES087/SA087S16	SES087	0.821232	-55.6793	-56.5006
BLOCK08/SES087/SA087S24	SES087	0.649952	-54.7376	-55.3876
BLOCK08/SES087/SA087S26	SES087	0.881355	-54.5519	-55.4332
BLOCK08/SES087/SA087S29	SES087	0.685673	-55.2041	-55.8897
BLOCK09/SES099/SA099S15	SES099	0.623314	-56.4397	-57.063
BLOCK09/SES099/SA099S16	SES099	0.54026	-56.3469	-56.8872
BLOCK09/SES099/SA099S24	SES099	0.528732	-55.7609	-56.2896
BLOCK09/SES099/SA099S26	SES099	0.305649	-55.8899	-56.1955
BLOCK09/SES099/SA099S29	SES099	0.534172	-56.0102	-56.5443
BLOCK10/SES101/SA101S11	SES101	0.247044	-55.3951	-55.6421
BLOCK10/SES101/SA101S13	SES101	0.268806	-54.6899	-54.9587
BLOCK10/SES101/SA101S22	SES101	0.452133	-56.4016	-56.8538
BLOCK10/SES101/SA101S24	SES101	0.631336	-54.6535	-55.2849
BLOCK10/SES101/SA101S28	SES101	-0.0922127	-57.3151	-57.2229
BLOCK10/SES104/SA104S11	SES104	0.331181	-54.8573	-55.1885
BLOCK10/SES104/SA104S12	SES104	0.686848	-54.9693	-55.6561
BLOCK10/SES104/SA104S21	SES104	0.66357	-55.438	-56.1015
BLOCK10/SES104/SA104S24	SES104	0.76836	-55.2726	-56.041
BLOCK10/SES104/SA104S28	SES104	0.92168	-55.2109	-56.1326
BLOCK10/SES105/SA105S12	SES105	0.167568	-56.3032	-56.4708
BLOCK10/SES105/SA105S13	SES105	0.39447	-55.8475	-56.242
BLOCK10/SES105/SA105S22	SES105	0.219833	-55.6121	-55.8319
BLOCK10/SES105/SA105S26	SES105	0.447445	-55.774	-56.2215
BLOCK10/SES105/SA105S29	SES105	-0.00678253	-56.8996	-56.8928
BLOCK10/SES106/SA106S09	SES106	0.339382	-56.014	-56.3534
BLOCK10/SES106/SA106S11	SES106	0.597389	-54.9669	-55.5643
BLOCK10/SES106/SA106S22	SES106	1.14943	-56.0098	-57.1592
BLOCK10/SES106/SA106S27	SES106	0.370026	-55.8787	-56.2488
BLOCK10/SES106/SA106S29	SES106	0.529129	-54.7407	-55.2699
BLOCK11/SES117/SA117S12	SES117	0.796352	-56.0797	-56.876
BLOCK11/SES117/SA117S13	SES117	0.41386	-56.7866	-57.2005
BLOCK11/SES117/SA117S23	SES117	1.96117	-58.2376	-60.1987
BLOCK11/SES117/SA117S25	SES117	1.19807	-57.8308	-59.0289
BLOCK11/SES117/SA117S28	SES117	1.46967	-57.7129	-59.1825
BLOCK12/SES120/SA120S08	SES120	0.127068	-56.4634	-56.5905
BLOCK12/SES120/SA120S11	SES120	0.126148	-57.3725	-57.4986
BLOCK12/SES120/SA120S22	SES120	0.268574	-55.8834	-56.152
BLOCK12/SES120/SA120S24	SES120	0.449417	-55.6636	-56.113
BLOCK12/SES120/SA120S28	SES120	0.344498	-57.2828	-57.6273
BLOCK12/SES125/SA125S13	SES125	1.11188	-55.2588	-56.3707
BLOCK12/SES125/SA125S14	SES125	1.12877	-55.1431	-56.2719
BLOCK12/SES125/SA125S25	SES125	1.77286	-54.6559	-56.4287
BLOCK12/SES125/SA125S27	SES125	1.1691	-54.0041	-55.1732
BLOCK12/SES125/SA125S29	SES125	1.27196	-55.1105	-56.3824
BLOCK12/SES127/SA127S11	SES127	0.391914	-55.9259	-56.3178
BLOCK12/SES127/SA127S12	SES127	-0.106853	-55.9914	-55.8845
BLOCK12/SES127/SA127S23	SES127	0.305027	-57.0994	-57.4044
BLOCK12/SES127/SA127S25	SES127	0.0525322	-56.6031	-56.6556
BLOCK12/SES127/SA127S27	SES127	0.442978	-57.3572	-57.8002
BLOCK12/SES129/SA129S11	SES129	0.492825	-53.9061	-54.3989
BLOCK12/SES129/SA129S12	SES129	0.610355	-55.4966	-56.107
BLOCK12/SES129/SA129S22	SES129	0.424908	-55.6382	-56.0631
BLOCK12/SES129/SA129S27	SES129	0.728661	-54.7983	-55.527
BLOCK12/SES129/SA129S29	SES129	0.78537	-54.5585	-55.3438
BLOCK14/SES142/SA142S11	SES142	2.09749	-57.838	-59.9355
BLOCK14/SES142/SA142S12	SES142	1.49028	-58.5802	-60.0705
BLOCK14/SES142/SA142S24	SES142	1.9698	-57.896	-59.8658
BLOCK14/SES142/SA142S27	SES142	2.09553	-57.0961	-59.1916
BLOCK14/SES142/SA142S29	SES142	1.53515	-57.4138	-58.9489
BLOCK14/SES143/SA143S12	SES143	1.00846	-56.8765	-57.885
BLOCK14/SES143/SA143S13	SES143	0.775665	-57.4201	-58.1957
BLOCK14/SES143/SA143S23	SES143	1.14682	-57.3946	-58.5414
BLOCK14/SES143/SA143S25	SES143	1.09858	-57.0275	-58.1261
BLOCK14/SES143/SA143S28	SES143	0.768501	-56.0484	-56.8169
BLOCK14/SES144/SA144S09	SES144	0.747452	-55.9702	-56.7177
BLOCK14/SES144/SA144S11	SES144	1.13418	-57.3739	-58.5081
BLOCK14/SES144/SA144S21	SES144	0.671886	-57.0613	-57.7331
BLOCK14/SES144/SA144S25	SES144	0.789234	-56.3126	-57.1019
BLOCK14/SES144/SA144S29	SES144	0.993198	-57.025	-58.0182
BLOCK14/SES146/SA146S14	SES146	0.671612	-56.9227	-57.5944
BLOCK14/SES146/SA146S15	SES146	0.826118	-57.0569	-57.883
BLOCK14/SES146/SA146S24	SES146	0.820602	-56.5329	-57.3535
BLOCK14/SES146/SA146S26	SES146	1.41109	-56.5916	-58.0027
BLOCK14/SES146/SA146S29	SES146	1.06269	-56.9852	-58.0479
BLOCK14/SES147/SA147S11	SES147	0.637699	-57.4557	-58.0934
BLOCK14/SES147/SA147S13	SES147	0.658588	-56.8819	-57.5405
BLOCK14/SES147/SA147S23	SES147	1.04473	-58.697	-59.7417
BLOCK14/SES147/SA147S26	SES147	1.00761	-57.7331	-58.7408
BLOCK14/SES147/SA147S28	SES147	0.673275	-57.3481	-58.0214
BLOCK14/SES148/SA148S10	SES148	0.230686	-55.6449	-55.8755
BLOCK14/SES148/SA148S12	SES148	0.141861	-55.8165	-55.9584
BLOCK14/SES148/SA148S22	SES148	0.239792	-54.7153	-54.9551
BLOCK14/SES148/SA148S26	SES148	0.135841	-56.3446	-56.4805
BLOCK14/SES148/SA148S29	SES148	0.174698	-56.0165	-56.1912
BLOCK14/SES149/SA149S13	SES149	0.43021	-55.5838	-56.014
BLOCK14/SES149/SA149S14	SES149	0.50721	-55.3202	-55.8274
BLOCK14/SES149/SA149S24	SES149	0.412182	-55.4122	-55.8244
BLOCK14/SES149/SA149S26	SES149	0.501957	-54.7649	-55.2668
BLOCK14/SES149/SA149S28	SES149	0.936813	-55.633	-56.5698
BLOCK15/SES158/SA158S13	SES158	0.425507	-55.7481	-56.1736
BLOCK15/SES158/SA158S14	SES158	0.694767	-55.4072	-56.102
BLOCK15/SES158/SA158S23	SES158	0.582413	-55.6029	-56.1854
BLOCK15/SES158/SA158S26	SES158	0.773499	-56.5031	-57.2766
BLOCK15/SES158/SA158S28	SES158	0.631603	-54.9824	-55.614
BLOCK16/SES162/SA162S10	SES162	0.097374	-55.525	-55.6223
BLOCK16/SES162/SA162S11	SES162	0.517643	-56.269	-56.7866
BLOCK16/SES162/SA162S21	SES162	0.654026	-57.1344	-57.7884
BLOCK16/SES162/SA162S24	SES162	0.685192	-56.7839	-57.4691
BLOCK16/SES162/SA162S27	SES162	0.589134	-56.2581	-56.8473
BLOCK16/SES167/SA167S14	SES167	1.17469	-56.2049	-57.3795
BLOCK16/SES167/SA167S15	SES167	1.68558	-57.3528	-59.0383
BLOCK16/SES167/SA167S21	SES167	0.885048	-56.1771	-57.0621
BLOCK16/SES167/SA167S25	SES167	1.49011	-55.8084	-57.2985
BLOCK16/SES167/SA167S29	SES167	1.90264	-55.621	-57.5237
BLOCK17/SES172/SA172S12	SES172	0.457169	-56.1461	-56.6033
BLOCK17/SES172/SA172S13	SES172	0.468082	-57.3431	-57.8112
BLOCK17/SES172/SA172S23	SES172	0.121944	-56.6279	-56.7498
BLOCK17/SES172/SA172S27	SES172	0.534454	-56.0923	-56.6267
BLOCK17/SES172/SA172S29	SES172	0.405174	-56.8068	-57.212
BLOCK17/SES175/SA175S11	SES175	1.49025	-54.4366	-55.9269
BLOCK17/SES175/SA175S13	SES175	0.641029	-54.0868	-54.7278
BLOCK17/SES175/SA175S23	SES175	1.31519	-54.2408	-55.556
BLOCK17/SES175/SA175S25	SES175	0.86264	-55.4358	-56.2984
BLOCK17/SES175/SA175S28	SES175	1.75095	-53.8592	-55.6102
BLOCK17/SES177/SA177S15	SES177	0.23756	-56.6829	-56.9205
BLOCK17/SES177/SA177S17	SES177	0.343735	-55.6528	-55.9965
BLOCK17/SES177/SA177S23	SES177	0.362949	-55.8338	-56.1967
BLOCK17/SES177/SA177S26	SES177	0.37656	-55.36	-55.7366
BLOCK17/SES177/SA177S28	SES177	0.485386	-55.1129	-55.5982
BLOCK18/SES180/SA180S13	SES180	0.638195	-56.9841	-57.6222
BLOCK18/SES180/SA180S15	SES180	0.289345	-56.952	-57.2414
BLOCK18/SES180/SA180S24	SES180	0.680195	-55.734	-56.4142
BLOCK18/SES180/SA180S26	SES180	0.280861	-56.1606	-56.4414
BLOCK18/SES180/SA180S29	SES180	0.720753	-56.9712	-57.6919
BLOCK18/SES183/SA183S13	SES183	0.509869	-56.6801	-57.19
BLOCK18/SES183/SA183S14	SES183	0.495842	-56.236	-56.7319
BLOCK18/SES183/SA183S24	SES183	0.822422	-56.9531	-57.7756
BLOCK18/SES183/SA183S27	SES183	0.668484	-56.6936	-57.3621
BLOCK18/SES183/SA183S29	SES183	0.722752	-56.1232	-56.8459
BLOCK18/SES187/SA187S13	SES187	0.730709	-56.8575	-57.5882
BLOCK18/SES187/SA187S14	SES187	0.71022	-57.0841	-57.7943
BLOCK18/SES187/SA187S24	SES187	0.702377	-56.5074	-57.2098
BLOCK18/SES187/SA187S27	SES187	0.394943	-56.546	-56.941
BLOCK18/SES187/SA187S29	SES187	0.793964	-56.4773	-57.2713
BLOCK18/SES189/SA189S10	SES189	1.49753	-57.8287	-59.3262
BLOCK18/SES189/SA189S13	SES189	2.23636	-58.8725	-61.1089
BLOCK18/SES189/SA189S24	SES189	2.13461	-58.4273	-60.5619
BLOCK18/SES189/SA189S26	SES189	1.35297	-57.4774	-58.8304
BLOCK18/SES189/SA189S29	SES189	1.68319	-58.5282	-60.2114
BLOCK20/SES202/SA202S12	SES202	0.955688	-57.6028	-58.5585
BLOCK20/SES202/SA202S14	SES202	1.67376	-56.8491	-58.5229
BLOCK20/SES202/SA202S24	SES202	0.944065	-57.3267	-58.2708
BLOCK20/SES202/SA202S27	SES202	1.20591	-57.1458	-58.3517
BLOCK20/SES202/SA202S29	SES202	1.48446	-56.5451	-58.0296
BLOCK20/SES206/SA206S15	SES206	0.280853	-55.2805	-55.5614
BLOCK20/SES206/SA206S17	SES206	1.33751	-53.7566	-55.0941
BLOCK20/SES206/SA206S24	SES206	1.09108	-54.5843	-55.6754
BLOCK20/SES206/SA206S27	SES206	0.863583	-55.242	-56.1056
BLOCK20/SES206/SA206S29	SES206	1.24024	-53.5811	-54.8213
BLOCK22/SES226/SA226S12	SES226	1.01965	-54.3667	-55.3864
BLOCK22/SES226/SA226S13	SES226	-0.0157013	-56.2485	-56.2328
BLOCK22/SES226/SA226S20	SES226	0.90448	-54.905	-55.8094
BLOCK22/SES226/SA226S23	SES226	0.664528	-55.0997	-55.7642
BLOCK22/SES226/SA226S28	SES226	0.832676	-54.8776	-55.7102
BLOCK25/SES259/SA259S13	SES259	0.458199	-54.7575	-55.2157
BLOCK25/SES259/SA259S14	SES259	0.280079	-54.5892	-54.8693
BLOCK25/SES259/SA259S22	SES259	0.392353	-54.6483	-55.0407
BLOCK25/SES259/SA259S24	SES259	0.6731	-53.778	-54.4511
BLOCK25/SES259/SA259S28	SES259	0.459888	-54.6335	-55.0934
BLOCK27/SES270/SA270S14	SES270	0.605515	-56.1843	-56.7898
BLOCK27/SES270/SA270S16	SES270	0.415077	-55.4454	-55.8604
BLOCK27/SES270/SA270S22	SES270	0.853714	-54.2325	-55.0862
BLOCK27/SES270/SA270S26	SES270	0.8885	-55.7109	-56.5994
BLOCK27/SES270/SA270S28	SES270	0.490158	-55.9419	-56.4321
BLOCK27/SES275/SA275S17	SES275	0.47628	-55.614	-56.0903
BLOCK27/SES275/SA275S18	SES275	0.337543	-57.0126	-57.3502
BLOCK27/SES275/SA275S24	SES275	0.374359	-55.8798	-56.2541
BLOCK27/SES275/SA275S26	SES275	0.560684	-55.7855	-56.3462
BLOCK27/SES275/SA275S28	SES275	0.391838	-55.0057	-55.3976
BLOCK29/SES292/SA292S10	SES292	0.123154	-56.2678	-56.391
BLOCK29/SES292/SA292S12	SES292	0.0226707	-57.1553	-57.178
BLOCK29/SES292/SA292S22	SES292	0.336002	-55.792	-56.1281
BLOCK29/SES292/SA292S24	SES292	0.162781	-56.1498	-56.3126
BLOCK29/SES292/SA292S27	SES292	0.185642	-55.6267	-55.8123
BLOCK00/SES001/SA001S14	SES062	0.359577	-55.4179	-55.7774
BLOCK00/SES001/SA001S14	SES082	-0.635864	-56.4133	-55.7774
BLOCK00/SES001/SA001S14	SES106	-0.586056	-56.3635	-55.7774
BLOCK00/SES001/SA001S14	SES206	-0.178581	-55.956	-55.7774
BLOCK00/SES001/SA001S15	SES062	0.390732	-54.7937	-55.1844
BLOCK00/SES001/SA001S15	SES104	-0.71085	-55.8953	-55.1844
BLOCK00/SES001/SA001S15	SES106	-0.826691	-56.0111	-55.1844
BLOCK00/SES001/SA001S15	SES206	-0.149364	-55.3338	-55.1844
BLOCK00/SES001/SA001S24	SES062	-0.0192757	-55.9945	-55.9752
BLOCK00/SES001/SA001S24	SES082	-0.36388	-56.3391	-55.9752
BLOCK00/SES001/SA001S24	SES087	0.0142365	-55.961	-55.9752
BLOCK00/SES001/SA001S24	SES206	0.035984	-55.9392	-55.9752
BLOCK00/SES001/SA001S27	SES062	0.0862236	-55.0505	-55.1367
BLOCK00/SES001/SA001S27	SES082	-0.708668	-55.8454	-55.1367
BLOCK00/SES001/SA001S27	SES087	-0.170856	-55.3075	-55.1367
BLOCK00/SES001/SA001S27	SES206	-0.216339	-55.353	-55.1367
BLOCK00/SES001/SA001S29	SES062	-0.030262	-56.8462	-56.8159
BLOCK00/SES001/SA001S29	SES082	-0.716213	-57.5322	-56.8159
BLOCK00/SES001/SA001S29	SES158	-0.868965	-57.6849	-56.8159
BLOCK00/SES001/SA001S29	SES206	-0.524124	-57.3401	-56.8159
BLOCK00/SES003/SA003S11	SES002	0.231861	-56.5606	-56.7925
BLOCK00/SES003/SA003S11	SES019	0.00208282	-56.7904	-56.7925
BLOCK00/SES003/SA003S11	SES082	-0.18343	-56.9759	-56.7925
BLOCK00/SES003/SA003S11	SES125	0.0737152	-56.7188	-56.7925
BLOCK00/SES003/SA003S15	SES016	-0.316326	-55.6949	-55.3786
BLOCK00/SES003/SA003S15	SES019	-0.32288	-55.7015	-55.3786
BLOCK00/SES003/SA003S15	SES062	-0.244904	-55.6235	-55.3786
BLOCK00/SES003/SA003S15	SES206	-0.208824	-55.5874	-55.3786
BLOCK00/SES003/SA003S22	SES002	0.160301	-55.942	-56.1023
BLOCK00/SES003/SA003S22	SES062	-0.226456	-56.3288	-56.1023
BLOCK00/SES003/SA003S22	SES082	-0.367954	-56.4703	-56.1023
BLOCK00/SES003/SA003S22	SES087	0.0994034	-56.0029	-56.1023
BLOCK00/SES003/SA003S25	SES062	-0.23177	-57.2429	-57.0111
BLOCK00/SES003/SA003S25	SES082	-0.241428	-57.2526	-57.0111
BLOCK00/SES003/SA003S25	SES087	-0.10471	-57.1158	-57.0111
BLOCK00/SES003/SA003S25	SES206	-0.313519	-57.3247	-57.0111
BLOCK00/SES003/SA003S29	SES002	0.0439148	-56.2695	-56.3134
BLOCK00/SES003/SA003S29	SES062	-0.242085	-56.5555	-56.3134
BLOCK00/SES003/SA003S29	SES082	-0.254772	-56.5682	-56.3134
BLOCK00/SES003/SA003S29	SES087	0.16684	-56.1466	-56.3134
BLOCK00/SES004/SA004S12	SES083	-0.789097	-57.9563	-57.1672
BLOCK00/SES004/SA004S12	SES148	-0.261097	-57.4283	-57.1672
BLOCK00/SES004/SA004S12	SES172	-0.506229	-57.6734	-57.1672
BLOCK00/SES004/SA004S12	SES292	-0.372295	-57.5395	-57.1672
BLOCK00/SES004/SA004S17	SES083	-0.665253	-57.7867	-57.1214
BLOCK00/SES004/SA004S17	SES162	-0.0432014	-57.1646	-57.1214
BLOCK00/SES004/SA004S17	SES172	-0.633823	-57.7552	-57.1214
BLOCK00/SES004/SA004S17	SES292	-0.311928	-57.4333	-57.1214
BLOCK00/SES004/SA004S24	SES083	-0.62788	-57.7249	-57.097
BLOCK00/SES004/SA004S24	SES148	-0.108265	-57.2053	-57.097
BLOCK00/SES004/SA004S24	SES172	-0.379189	-57.4762	-57.097
BLOCK00/SES004/SA004S24	SES292	-0.144436	-57.2414	-57.097
BLOCK00/SES004/SA004S26	SES083	-0.280701	-56.9132	-56.6325
BLOCK00/SES004/SA004S26	SES127	-0.33643	-56.9689	-56.6325
BLOCK00/SES004/SA004S26	SES148	-0.043663	-56.6762	-56.6325
BLOCK00/SES004/SA004S26	SES292	0.00605774	-56.6265	-56.6325
BLOCK00/SES004/SA004S28	SES083	-0.677853	-58.2119	-57.5341
BLOCK00/SES004/SA004S28	SES127	-0.873035	-58.4071	-57.5341
BLOCK00/SES004/SA004S28	SES187	-0.395573	-57.9297	-57.5341
BLOCK00/SES004/SA004S28	SES292	-0.316685	-57.8508	-57.5341
BLOCK00/SES006/SA006S10	SES014	0.0396156	-58.7523	-58.7919
BLOCK00/SES006/SA006S10	SES158	-0.530293	-59.3222	-58.7919
BLOCK00/SES006/SA006S10	SES226	-0.829685	-59.6216	-58.7919
BLOCK00/SES006/SA006S10	SES270	-0.436577	-59.2285	-58.7919
BLOCK00/SES006/SA006S11	SES158	-0.458874	-58.9436	-58.4848
BLOCK00/SES006/SA006S11	SES226	-0.901371	-59.3861	-58.4848
BLOCK00/SES006/SA006S11	SES270	-0.416245	-58.901	-58.4848
BLOCK00/SES006/SA006S11	SES275	-0.345436	-58.8302	-58.4848
BLOCK00/SES006/SA006S23	SES062	-0.679848	-58.3261	-57.6463
BLOCK00/SES006/SA006S23	SES105	-0.394516	-58.0408	-57.6463
BLOCK00/SES006/SA006S23	SES158	-0.259125	-57.9054	-57.6463
BLOCK00/SES006/SA006S23	SES275	-0.0469398	-57.6932	-57.6463
BLOCK00/SES006/SA006S26	SES104	-0.043396	-57.1344	-57.091
BLOCK00/SES006/SA006S26	SES158	-0.186558	-57.2775	-57.091
BLOCK00/SES006/SA006S26	SES270	-0.290302	-57.3813	-57.091
BLOCK00/SES006/SA006S26	SES275	-0.226658	-57.3176	-57.091
BLOCK00/SES006/SA006S28	SES007	0.0217094	-58.6825	-58.7043
BLOCK00/SES006/SA006S28	SES105	-0.477905	-59.1822	-58.7043
BLOCK00/SES006/SA006S28	SES158	-0.679508	-59.3838	-58.7043
BLOCK00/SES006/SA006S28	SES275	0.100193	-58.6041	-58.7043
BLOCK00/SES009/SA009S12	SES083	-0.310936	-56.2531	-55.9422
BLOCK00/SES009/SA009S12	SES148	-0.0989914	-56.0412	-55.9422
BLOCK00/SES009/SA009S12	SES177	-0.664997	-56.6072	-55.9422
BLOCK00/SES009/SA009S12	SES292	0.0392761	-55.9029	-55.9422
BLOCK00/SES009/SA009S15	SES007	0.247803	-54.7701	-55.0179
BLOCK00/SES009/SA009S15	SES099	-0.224918	-55.2428	-55.0179
BLOCK00/SES009/SA009S15	SES148	-0.0766487	-55.0945	-55.0179
BLOCK00/SES009/SA009S15	SES172	-0.212715	-55.2306	-55.0179
BLOCK00/SES009/SA009S24	SES146	-0.648983	-56.7851	-56.1361
BLOCK00/SES009/SA009S24	SES148	-0.176765	-56.3129	-56.1361
BLOCK00/SES009/SA009S24	SES177	-0.393024	-56.5291	-56.1361
BLOCK00/SES009/SA009S24	SES292	0.100777	-56.0353	-56.1361
BLOCK00/SES009/SA009S26	SES083	-0.538857	-57.2263	-56.6875
BLOCK00/SES009/SA009S26	SES101	-0.361736	-57.0492	-56.6875
BLOCK00/SES009/SA009S26	SES120	-0.0176811	-56.7052	-56.6875
BLOCK00/SES009/SA009S26	SES177	-0.972061	-57.6595	-56.6875
BLOCK00/SES009/SA009S29	SES083	-0.277298	-56.1145	-55.8372
BLOCK00/SES009/SA009S29	SES101	0.0847015	-55.7525	-55.8372
BLOCK00/SES009/SA009S29	SES177	-0.627834	-56.465	-55.8372
BLOCK00/SES009/SA009S29	SES292	0.131428	-55.7058	-55.8372
BLOCK01/SES011/SA011S10	SES019	0.240799	-56.3472	-56.588
BLOCK01/SES011/SA011S10	SES042	0.422607	-56.1654	-56.588
BLOCK01/SES011/SA011S10	SES082	0.115139	-56.4729	-56.588
BLOCK01/SES011/SA011S10	SES206	0.515869	-56.0721	-56.588
BLOCK01/SES011/SA011S11	SES019	-0.224461	-56.8303	-56.6059
BLOCK01/SES011/SA011S11	SES042	-0.187004	-56.7929	-56.6059
BLOCK01/SES011/SA011S11	SES082	-0.551258	-57.1571	-56.6059
BLOCK01/SES011/SA011S11	SES206	0.136662	-56.4692	-56.6059
BLOCK01/SES011/SA011S22	SES019	0.074398	-56.3672	-56.4416
BLOCK01/SES011/SA011S22	SES042	0.226048	-56.2156	-56.4416
BLOCK01/SES011/SA011S22	SES082	0.052372	-56.3892	-56.4416
BLOCK01/SES011/SA011S22	SES206	0.267292	-56.1743	-56.4416
BLOCK01/SES011/SA011S24	SES019	0.199604	-56.3098	-56.5094
BLOCK01/SES011/SA011S24	SES042	0.612148	-55.8972	-56.5094
BLOCK01/SES011/SA011S24	SES104	0.227821	-56.2816	-56.5094
BLOCK01/SES011/SA011S24	SES206	0.382435	-56.1269	-56.5094
BLOCK01/SES011/SA011S27	SES082	0.212383	-56.7696	-56.982
BLOCK01/SES011/SA011S27	SES087	0.300758	-56.6813	-56.982
BLOCK01/SES011/SA011S27	SES125	0.766293	-56.2157	-56.982
BLOCK01/SES011/SA011S27	SES206	-0.0329895	-57.015	-56.982
BLOCK01/SES012/SA012S11	SES007	-0.345379	-54.7117	-54.3663
BLOCK01/SES012/SA012S11	SES082	0.170792	-54.1955	-54.3663
BLOCK01/SES012/SA012S11	SES083	-0.303452	-54.6697	-54.3663
BLOCK01/SES012/SA012S11	SES206	0.00537109	-54.3609	-54.3663
BLOCK01/SES012/SA012S14	SES082	0.395782	-54.5322	-54.928
BLOCK01/SES012/SA012S14	SES087	-0.247917	-55.1759	-54.928
BLOCK01/SES012/SA012S14	SES206	0.19268	-54.7353	-54.928
BLOCK01/SES012/SA012S14	SES292	-0.372681	-55.3007	-54.928
BLOCK01/SES012/SA012S24	SES082	0.509003	-55.7528	-56.2618
BLOCK01/SES012/SA012S24	SES087	0.0717278	-56.1901	-56.2618
BLOCK01/SES012/SA012S24	SES120	-0.693527	-56.9553	-56.2618
BLOCK01/SES012/SA012S24	SES206	0.0601463	-56.2017	-56.2618
BLOCK01/SES012/SA012S26	SES019	-0.472622	-55.6551	-55.1825
BLOCK01/SES012/SA012S26	SES082	0.414749	-54.7677	-55.1825
BLOCK01/SES012/SA012S26	SES206	0.271187	-54.9113	-55.1825
BLOCK01/SES012/SA012S26	SES292	-0.449444	-55.6319	-55.1825
BLOCK01/SES012/SA012S29	SES062	-0.152	-55.3775	-55.2255
BLOCK01/SES012/SA012S29	SES082	0.195911	-55.0295	-55.2255
BLOCK01/SES012/SA012S29	SES083	-0.298786	-55.5242	-55.2255
BLOCK01/SES012/SA012S29	SES206	0.0595398	-55.1659	-55.2255
BLOCK01/SES013/SA013S16	SES062	-0.896259	-58.3811	-57.4848
BLOCK01/SES013/SA013S16	SES106	0.0916748	-57.3932	-57.4848
BLOCK01/SES013/SA013S16	SES206	-0.408875	-57.8937	-57.4848
BLOCK01/SES013/SA013S16	SES226	-0.276917	-57.7618	-57.4848
BLOCK01/SES013/SA013S17	SES062	-0.532784	-56.4396	-55.9068
BLOCK01/SES013/SA013S17	SES106	-0.378933	-56.2858	-55.9068
BLOCK01/SES013/SA013S17	SES206	-0.432419	-56.3393	-55.9068
BLOCK01/SES013/SA013S17	SES226	-0.574196	-56.481	-55.9068
BLOCK01/SES013/SA013S23	SES104	0.0937233	-57.1703	-57.264
BLOCK01/SES013/SA013S23	SES106	0.0698547	-57.1941	-57.264
BLOCK01/SES013/SA013S23	SES206	-0.47031	-57.7343	-57.264
BLOCK01/SES013/SA013S23	SES270	-0.0700302	-57.334	-57.264
BLOCK01/SES013/SA013S25	SES042	0.612183	-55.7528	-56.3649
BLOCK01/SES013/SA013S25	SES104	0.445946	-55.919	-56.3649
BLOCK01/SES013/SA013S25	SES106	0.315418	-56.0495	-56.3649
BLOCK01/SES013/SA013S25	SES206	-0.27673	-56.6417	-56.3649
BLOCK01/SES013/SA013S29	SES062	-0.807865	-57.5607	-56.7528
BLOCK01/SES013/SA013S29	SES104	0.114773	-56.6381	-56.7528
BLOCK01/SES013/SA013S29	SES106	0.0477829	-56.705	-56.7528
BLOCK01/SES013/SA013S29	SES206	-0.344723	-57.0975	-56.7528
BLOCK02/SES021/SA021S13	SES016	-0.170189	-55.4287	-55.2585
BLOCK02/SES021/SA021S13	SES029	-0.332935	-55.5914	-55.2585
BLOCK02/SES021/SA021S13	SES087	0.558193	-54.7003	-55.2585
BLOCK02/SES021/SA021S13	SES206	-0.0472336	-55.3057	-55.2585
BLOCK02/SES021/SA021S15	SES087	0.767948	-54.4564	-55.2243
BLOCK02/SES021/SA021S15	SES125	0.606453	-54.6179	-55.2243
BLOCK02/SES021/SA021S15	SES206	-0.185909	-55.4102	-55.2243
BLOCK02/SES021/SA021S15	SES226	-0.601402	-55.8257	-55.2243
BLOCK02/SES021/SA021S23	SES062	-0.571922	-57.5771	-57.0052
BLOCK02/SES021/SA021S23	SES087	0.222431	-56.7828	-57.0052
BLOCK02/SES021/SA021S23	SES206	-0.296223	-57.3014	-57.0052
BLOCK02/SES021/SA021S23	SES226	-0.487778	-57.493	-57.0052
BLOCK02/SES021/SA021S27	SES002	0.291969	-54.7393	-55.0312
BLOCK02/SES021/SA021S27	SES016	0.0521355	-54.9791	-55.0312
BLOCK02/SES021/SA021S27	SES019	0.0123711	-55.0189	-55.0312
BLOCK02/SES021/SA021S27	SES062	0.125595	-54.9057	-55.0312
BLOCK02/SES021/SA021S29	SES087	0.41552	-55.6931	-56.1086
BLOCK02/SES021/SA021S29	SES125	0.655106	-55.4535	-56.1086
BLOCK02/SES021/SA021S29	SES206	-0.490421	-56.599	-56.1086
BLOCK02/SES021/SA021S29	SES226	-0.523514	-56.6321	-56.1086
BLOCK04/SES043/SA043S09	SES083	-0.631882	-58.3685	-57.7367
BLOCK04/SES043/SA043S09	SES101	-0.565624	-58.3023	-57.7367
BLOCK04/SES043/SA043S09	SES144	-0.18243	-57.9191	-57.7367
BLOCK04/SES043/SA043S09	SES172	-0.939808	-58.6765	-57.7367
BLOCK04/SES043/SA043S11	SES083	-0.445747	-56.6289	-56.1831
BLOCK04/SES043/SA043S11	SES101	-0.370209	-56.5533	-56.1831
BLOCK04/SES043/SA043S11	SES144	-0.473869	-56.657	-56.1831
BLOCK04/SES043/SA043S11	SES172	-0.448215	-56.6313	-56.1831
BLOCK04/SES043/SA043S23	SES083	-0.270424	-57.1564	-56.886
BLOCK04/SES043/SA043S23	SES144	-0.268936	-57.1549	-56.886
BLOCK04/SES043/SA043S23	SES177	-0.230614	-57.1166	-56.886
BLOCK04/SES043/SA043S23	SES275	-0.140804	-57.0268	-56.886
BLOCK04/SES043/SA043S26	SES083	-0.031002	-56.1142	-56.0832
BLOCK04/SES043/SA043S26	SES101	-0.292027	-56.3752	-56.0832
BLOCK04/SES043/SA043S26	SES144	-0.159966	-56.2432	-56.0832
BLOCK04/SES043/SA043S26	SES177	0.0269279	-56.0563	-56.0832
BLOCK04/SES043/SA043S28	SES016	-0.224422	-56.4936	-56.2692
BLOCK04/SES043/SA043S28	SES083	-0.207504	-56.4767	-56.2692
BLOCK04/SES043/SA043S28	SES101	-0.168877	-56.4381	-56.2692
BLOCK04/SES043/SA043S28	SES144	-0.553799	-56.823	-56.2692
BLOCK04/SES044/SA044S10	SES127	-0.455818	-58.4481	-57.9922
BLOCK04/SES044/SA044S10	SES144	-0.326187	-58.3184	-57.9922
BLOCK04/SES044/SA044S10	SES147	-0.338608	-58.3308	-57.9922
BLOCK04/SES044/SA044S10	SES148	-0.077774	-58.07	-57.9922
BLOCK04/SES044/SA044S11	SES101	-0.339142	-57.8616	-57.5225
BLOCK04/SES044/SA044S11	SES144	-0.243393	-57.7659	-57.5225
BLOCK04/SES044/SA044S11	SES147	-0.283516	-57.806	-57.5225
BLOCK04/SES044/SA044S11	SES177	-0.0746117	-57.5971	-57.5225
BLOCK04/SES044/SA044S24	SES007	-0.220768	-56.4004	-56.1797
BLOCK04/SES044/SA044S24	SES101	-0.20248	-56.3822	-56.1797
BLOCK04/SES044/SA044S24	SES147	-0.788895	-56.9686	-56.1797
BLOCK04/SES044/SA044S24	SES177	-0.324375	-56.5041	-56.1797
BLOCK04/SES044/SA044S26	SES007	-0.231956	-56.6887	-56.4567
BLOCK04/SES044/SA044S26	SES016	-0.59087	-57.0476	-56.4567
BLOCK04/SES044/SA044S26	SES101	-0.181103	-56.6378	-56.4567
BLOCK04/SES044/SA044S26	SES147	-0.246994	-56.7037	-56.4567
BLOCK04/SES044/SA044S29	SES007	-0.176926	-56.2496	-56.0727
BLOCK04/SES044/SA044S29	SES101	-0.312748	-56.3854	-56.0727
BLOCK04/SES044/SA044S29	SES147	-0.250999	-56.3237	-56.0727
BLOCK04/SES044/SA044S29	SES177	0.0700302	-56.0027	-56.0727
BLOCK04/SES046/SA046S13	SES101	-0.68829	-60.3155	-59.6272
BLOCK04/SES046/SA046S13	SES144	0.0705223	-59.5567	-59.6272
BLOCK04/SES046/SA046S13	SES147	-0.0669594	-59.6942	-59.6272
BLOCK04/SES046/SA046S13	SES177	0.125881	-59.5014	-59.6272
BLOCK04/SES046/SA046S15	SES048	-0.6394	-56.7807	-56.1413
BLOCK04/SES046/SA046S15	SES083	-0.292831	-56.4342	-56.1413
BLOCK04/SES046/SA046S15	SES120	-0.144554	-56.2859	-56.1413
BLOCK04/SES046/SA046S15	SES148	-0.01577	-56.1571	-56.1413
BLOCK04/SES046/SA046S22	SES101	-0.540245	-58.7424	-58.2022
BLOCK04/SES046/SA046S22	SES144	-0.0328979	-58.2351	-58.2022
BLOCK04/SES046/SA046S22	SES147	0.119522	-58.0827	-58.2022
BLOCK04/SES046/SA046S22	SES172	0.0906487	-58.1116	-58.2022
BLOCK04/SES046/SA046S25	SES083	-0.44268	-57.8131	-57.3704
BLOCK04/SES046/SA046S25	SES127	-0.326534	-57.6969	-57.3704
BLOCK04/SES046/SA046S25	SES144	-0.586597	-57.957	-57.3704
BLOCK04/SES046/SA046S25	SES148	0.00917053	-57.3612	-57.3704
BLOCK04/SES046/SA046S28	SES007	-0.592823	-58.4107	-57.8179
BLOCK04/SES046/SA046S28	SES105	-0.781578	-58.5995	-57.8179
BLOCK04/SES046/SA046S28	SES147	-0.681568	-58.4995	-57.8179
BLOCK04/SES046/SA046S28	SES148	-0.193535	-58.0114	-57.8179
BLOCK04/SES049/SA049S16	SES104	0.553497	-56.3791	-56.9326
BLOCK04/SES049/SA049S16	SES106	0.705566	-56.227	-56.9326
BLOCK04/SES049/SA049S16	SES120	-0.607201	-57.5398	-56.9326
BLOCK04/SES049/SA049S16	SES206	-0.440342	-57.3729	-56.9326
BLOCK04/SES049/SA049S18	SES099	0.32272	-56.9876	-57.3104
BLOCK04/SES049/SA049S18	SES104	0.0705109	-57.2399	-57.3104
BLOCK04/SES049/SA049S18	SES125	0.0633087	-57.2471	-57.3104
BLOCK04/SES049/SA049S18	SES206	-0.398441	-57.7088	-57.3104
BLOCK04/SES049/SA049S25	SES087	-0.386055	-57.3702	-56.9841
BLOCK04/SES049/SA049S25	SES104	0.315437	-56.6687	-56.9841
BLOCK04/SES049/SA049S25	SES125	0.177277	-56.8069	-56.9841
BLOCK04/SES049/SA049S25	SES206	-0.217583	-57.2017	-56.9841
BLOCK04/SES049/SA049S27	SES099	0.35252	-56.4668	-56.8193
BLOCK04/SES049/SA049S27	SES104	0.433105	-56.3862	-56.8193
BLOCK04/SES049/SA049S27	SES125	0.416138	-56.4032	-56.8193
BLOCK04/SES049/SA049S27	SES206	-0.900452	-57.7197	-56.8193
BLOCK04/SES049/SA049S29	SES099	0.138451	-56.1976	-56.336
BLOCK04/SES049/SA049S29	SES104	0.396217	-55.9398	-56.336
BLOCK04/SES049/SA049S29	SES125	0.292	-56.044	-56.336
BLOCK04/SES049/SA049S29	SES206	-0.783867	-57.1199	-56.336
BLOCK06/SES063/SA063S09	SES068	-0.372688	-57.0853	-56.7126
BLOCK06/SES063/SA063S09	SES083	-0.255562	-56.9682	-56.7126
BLOCK06/SES063/SA063S09	SES177	0.408909	-56.3037	-56.7126
BLOCK06/SES063/SA063S09	SES187	0.107491	-56.6052	-56.7126
BLOCK06/SES063/SA063S10	SES068	0.145905	-56.7579	-56.9038
BLOCK06/SES063/SA063S10	SES083	0.0222282	-56.8816	-56.9038
BLOCK06/SES063/SA063S10	SES172	0.475807	-56.428	-56.9038
BLOCK06/SES063/SA063S10	SES187	0.221382	-56.6824	-56.9038
BLOCK06/SES063/SA063S20	SES068	0.145641	-57.1128	-57.2585
BLOCK06/SES063/SA063S20	SES083	-0.0123177	-57.2708	-57.2585
BLOCK06/SES063/SA063S20	SES172	0.528267	-56.7302	-57.2585
BLOCK06/SES063/SA063S20	SES187	0.770348	-56.4881	-57.2585
BLOCK06/SES063/SA063S24	SES029	-0.241982	-55.4595	-55.2175
BLOCK06/SES063/SA063S24	SES083	0.312809	-54.9047	-55.2175
BLOCK06/SES063/SA063S24	SES177	0.570305	-54.6472	-55.2175
BLOCK06/SES063/SA063S24	SES189	-0.788651	-56.0061	-55.2175
BLOCK06/SES063/SA063S27	SES083	0.249916	-56.8797	-57.1296
BLOCK06/SES063/SA063S27	SES172	0.594936	-56.5346	-57.1296
BLOCK06/SES063/SA063S27	SES187	0.255737	-56.8738	-57.1296
BLOCK06/SES063/SA063S27	SES292	-0.124352	-57.2539	-57.1296
BLOCK06/SES067/SA067S12	SES083	-0.401226	-56.3541	-55.9529
BLOCK06/SES067/SA067S12	SES172	-0.395905	-56.3488	-55.9529
BLOCK06/SES067/SA067S12	SES202	0.413231	-55.5397	-55.9529
BLOCK06/SES067/SA067S12	SES292	-0.512138	-56.465	-55.9529
BLOCK06/SES067/SA067S14	SES085	-0.334625	-55.9428	-55.6082
BLOCK06/SES067/SA067S14	SES177	-0.0558624	-55.6641	-55.6082
BLOCK06/SES067/SA067S14	SES183	-0.076931	-55.6851	-55.6082
BLOCK06/SES067/SA067S14	SES202	-0.153793	-55.762	-55.6082
BLOCK06/SES067/SA067S21	SES144	-0.795486	-57.8594	-57.0639
BLOCK06/SES067/SA067S21	SES177	0.158077	-56.9058	-57.0639
BLOCK06/SES067/SA067S21	SES183	-0.345055	-57.4089	-57.0639
BLOCK06/SES067/SA067S21	SES189	0.0276604	-57.0362	-57.0639
BLOCK06/SES067/SA067S25	SES085	-0.116379	-55.3721	-55.2557
BLOCK06/SES067/SA067S25	SES177	0.255344	-55.0003	-55.2557
BLOCK06/SES067/SA067S25	SES183	0.0654106	-55.1903	-55.2557
BLOCK06/SES067/SA067S25	SES202	-0.140568	-55.3962	-55.2557
BLOCK06/SES067/SA067S29	SES085	0.0655518	-55.5061	-55.5716
BLOCK06/SES067/SA067S29	SES177	0.454487	-55.1171	-55.5716
BLOCK06/SES067/SA067S29	SES183	0.294613	-55.277	-55.5716
BLOCK06/SES067/SA067S29	SES202	0.498837	-55.0728	-55.5716
BLOCK06/SES069/SA069S12	SES029	-0.210155	-56.2014	-55.9913
BLOCK06/SES069/SA069S12	SES082	0.106907	-55.8844	-55.9913
BLOCK06/SES069/SA069S12	SES087	0.549686	-55.4416	-55.9913
BLOCK06/SES069/SA069S12	SES206	0.403259	-55.588	-55.9913
BLOCK06/SES069/SA069S13	SES029	-0.150055	-56.2465	-56.0964
BLOCK06/SES069/SA069S13	SES087	0.319283	-55.7772	-56.0964
BLOCK06/SES069/SA069S13	SES206	0.291946	-55.8045	-56.0964
BLOCK06/SES069/SA069S13	SES226	-0.500893	-56.5973	-56.0964
BLOCK06/SES069/SA069S23	SES029	-0.0420113	-55.0464	-55.0044
BLOCK06/SES069/SA069S23	SES087	0.382149	-54.6222	-55.0044
BLOCK06/SES069/SA069S23	SES206	0.269348	-54.735	-55.0044
BLOCK06/SES069/SA069S23	SES226	-0.352875	-55.3573	-55.0044
BLOCK06/SES069/SA069S25	SES087	0.352707	-54.901	-55.2537
BLOCK06/SES069/SA069S25	SES206	0.342804	-54.9109	-55.2537
BLOCK06/SES069/SA069S25	SES226	-0.324051	-55.5777	-55.2537
BLOCK06/SES069/SA069S25	SES270	-0.371502	-55.6252	-55.2537
BLOCK06/SES069/SA069S27	SES087	0.481186	-55.2121	-55.6933
BLOCK06/SES069/SA069S27	SES206	0.382076	-55.3112	-55.6933
BLOCK06/SES069/SA069S27	SES226	-0.181652	-55.875	-55.6933
BLOCK06/SES069/SA069S27	SES270	-0.176826	-55.8701	-55.6933
BLOCK08/SES081/SA081S11	SES060	0.320816	-57.3082	-57.629
BLOCK08/SES081/SA081S11	SES062	-0.83041	-58.4594	-57.629
BLOCK08/SES081/SA081S11	SES117	-0.577301	-58.2063	-57.629
BLOCK08/SES081/SA081S11	SES162	-0.158096	-57.7871	-57.629
BLOCK08/SES081/SA081S13	SES016	0.272289	-56.5998	-56.8721
BLOCK08/SES081/SA081S13	SES060	0.553471	-56.3186	-56.8721
BLOCK08/SES081/SA081S13	SES068	0.136574	-56.7355	-56.8721
BLOCK08/SES081/SA081S13	SES129	-1.22537	-58.0974	-56.8721
BLOCK08/SES081/SA081S24	SES060	0.591167	-56.6643	-57.2554
BLOCK08/SES081/SA081S24	SES068	-0.085331	-57.3408	-57.2554
BLOCK08/SES081/SA081S24	SES117	-1.05991	-58.3153	-57.2554
BLOCK08/SES081/SA081S24	SES275	-0.352257	-57.6077	-57.2554
BLOCK08/SES081/SA081S27	SES007	-0.301167	-57.7963	-57.4952
BLOCK08/SES081/SA081S27	SES060	0.404922	-57.0902	-57.4952
BLOCK08/SES081/SA081S27	SES117	-0.268791	-57.764	-57.4952
BLOCK08/SES081/SA081S27	SES275	-0.237705	-57.7329	-57.4952
BLOCK08/SES081/SA081S29	SES007	-0.39093	-57.8598	-57.4689
BLOCK08/SES081/SA081S29	SES060	0.623863	-56.845	-57.4689
BLOCK08/SES081/SA081S29	SES117	-0.252796	-57.7217	-57.4689
BLOCK08/SES081/SA081S29	SES275	-0.154694	-57.6236	-57.4689
BLOCK08/SES086/SA086S11	SES029	-0.173157	-56.6693	-56.4961
BLOCK08/SES086/SA086S11	SES082	-0.00192261	-56.4981	-56.4961
BLOCK08/SES086/SA086S11	SES087	0.382656	-56.1135	-56.4961
BLOCK08/SES086/SA086S11	SES206	0.136814	-56.3593	-56.4961
BLOCK08/SES086/SA086S12	SES029	-0.117813	-56.5973	-56.4795
BLOCK08/SES086/SA086S12	SES082	0.185825	-56.2937	-56.4795
BLOCK08/SES086/SA086S12	SES087	0.589111	-55.8904	-56.4795
BLOCK08/SES086/SA086S12	SES206	0.450512	-56.029	-56.4795
BLOCK08/SES086/SA086S20	SES029	0.0619316	-55.3709	-55.4328
BLOCK08/SES086/SA086S20	SES082	0.103844	-55.329	-55.4328
BLOCK08/SES086/SA086S20	SES087	0.771843	-54.661	-55.4328
BLOCK08/SES086/SA086S20	SES206	0.906021	-54.5268	-55.4328
BLOCK08/SES086/SA086S24	SES087	0.533062	-56.5683	-57.1014
BLOCK08/SES086/SA086S24	SES104	0.353127	-56.7482	-57.1014
BLOCK08/SES086/SA086S24	SES120	-0.80476	-57.9061	-57.1014
BLOCK08/SES086/SA086S24	SES206	0.243011	-56.8583	-57.1014
BLOCK08/SES086/SA086S28	SES029	-0.113342	-55.9636	-55.8502
BLOCK08/SES086/SA086S28	SES082	0.0965462	-55.7537	-55.8502
BLOCK08/SES086/SA086S28	SES087	0.451851	-55.3984	-55.8502
BLOCK08/SES086/SA086S28	SES206	0.383297	-55.4669	-55.8502
BLOCK08/SES089/SA089S13	SES087	0.439552	-56.4273	-56.8669
BLOCK08/SES089/SA089S13	SES206	0.108795	-56.7581	-56.8669
BLOCK08/SES089/SA089S13	SES226	-0.256294	-57.1231	-56.8669
BLOCK08/SES089/SA089S13	SES270	-0.26725	-57.1341	-56.8669
BLOCK08/SES089/SA089S14	SES062	-0.315529	-56.4492	-56.1337
BLOCK08/SES089/SA089S14	SES087	0.36322	-55.7705	-56.1337
BLOCK08/SES089/SA089S14	SES206	-0.0019989	-56.1357	-56.1337
BLOCK08/SES089/SA089S14	SES226	-0.390671	-56.5244	-56.1337
BLOCK08/SES089/SA089S23	SES087	0.508045	-56.4714	-56.9795
BLOCK08/SES089/SA089S23	SES206	0.0506477	-56.9288	-56.9795
BLOCK08/SES089/SA089S23	SES226	-0.439354	-57.4188	-56.9795
BLOCK08/SES089/SA089S23	SES270	-0.709347	-57.6888	-56.9795
BLOCK08/SES089/SA089S25	SES062	0.0740128	-55.8819	-55.956
BLOCK08/SES089/SA089S25	SES087	0.707638	-55.2483	-55.956
BLOCK08/SES089/SA089S25	SES206	0.576916	-55.379	-55.956
BLOCK08/SES089/SA089S25	SES226	-0.18222	-56.1382	-55.956
BLOCK08/SES089/SA089S28	SES062	-0.408714	-56.7956	-56.3868
BLOCK08/SES089/SA089S28	SES087	0.368229	-56.0186	-56.3868
BLOCK08/SES089/SA089S28	SES206	0.0323524	-56.3545	-56.3868
BLOCK08/SES089/SA089S28	SES226	-0.196918	-56.5838	-56.3868
BLOCK09/SES097/SA097S11	SES099	0.597164	-57.259	-57.8562
BLOCK09/SES097/SA097S11	SES125	0.398365	-57.4578	-57.8562
BLOCK09/SES097/SA097S11	SES206	-0.245209	-58.1014	-57.8562
BLOCK09/SES097/SA097S11	SES226	-0.124065	-57.9803	-57.8562
BLOCK09/SES097/SA097S14	SES062	-1.00572	-58.5379	-57.5322
BLOCK09/SES097/SA097S14	SES099	0.42342	-57.1088	-57.5322
BLOCK09/SES097/SA097S14	SES104	0.368721	-57.1635	-57.5322
BLOCK09/SES097/SA097S14	SES206	-0.536129	-58.0683	-57.5322
BLOCK09/SES097/SA097S22	SES099	0.546116	-57.3349	-57.881
BLOCK09/SES097/SA097S22	SES206	-0.516224	-58.3972	-57.881
BLOCK09/SES097/SA097S22	SES226	-0.178535	-58.0595	-57.881
BLOCK09/SES097/SA097S22	SES270	0.392319	-57.4887	-57.881
BLOCK09/SES097/SA097S26	SES099	0.545937	-57.0889	-57.6348
BLOCK09/SES097/SA097S26	SES120	-0.268456	-57.9033	-57.6348
BLOCK09/SES097/SA097S26	SES206	-0.329987	-57.9648	-57.6348
BLOCK09/SES097/SA097S26	SES226	-0.283005	-57.9178	-57.6348
BLOCK09/SES097/SA097S28	SES099	0.257065	-57.459	-57.716
BLOCK09/SES097/SA097S28	SES120	-0.391514	-58.1076	-57.716
BLOCK09/SES097/SA097S28	SES206	-0.625427	-58.3415	-57.716
BLOCK09/SES097/SA097S28	SES226	-0.365166	-58.0812	-57.716
BLOCK09/SES098/SA098S11	SES127	-0.717247	-60.0353	-59.318
BLOCK09/SES098/SA098S11	SES144	-0.418991	-59.737	-59.318
BLOCK09/SES098/SA098S11	SES147	-0.0936661	-59.4117	-59.318
BLOCK09/SES098/SA098S11	SES148	-0.563236	-59.8813	-59.318
BLOCK09/SES098/SA098S12	SES127	-0.703671	-60.9856	-60.282
BLOCK09/SES098/SA098S12	SES144	-0.324444	-60.6064	-60.282
BLOCK09/SES098/SA098S12	SES147	0.387997	-59.894	-60.282
BLOCK09/SES098/SA098S12	SES189	0.0168114	-60.2652	-60.282
BLOCK09/SES098/SA098S20	SES127	-0.777447	-59.543	-58.7655
BLOCK09/SES098/SA098S20	SES147	0.14854	-58.617	-58.7655
BLOCK09/SES098/SA098S20	SES148	-0.388557	-59.1541	-58.7655
BLOCK09/SES098/SA098S20	SES292	-0.741554	-59.5071	-58.7655
BLOCK09/SES098/SA098S23	SES127	0.0439949	-58.2646	-58.3086
BLOCK09/SES098/SA098S23	SES147	-0.0138016	-58.3224	-58.3086
BLOCK09/SES098/SA098S23	SES187	0.0795326	-58.229	-58.3086
BLOCK09/SES098/SA098S23	SES292	-0.541092	-58.8497	-58.3086
BLOCK09/SES098/SA098S27	SES127	-0.682983	-58.7368	-58.0538
BLOCK09/SES098/SA098S27	SES147	-0.433041	-58.4869	-58.0538
BLOCK09/SES098/SA098S27	SES148	-0.572079	-58.6259	-58.0538
BLOCK09/SES098/SA098S27	SES292	-0.793171	-58.847	-58.0538
BLOCK10/SES102/SA102S13	SES101	0.318256	-55.526	-55.8443
BLOCK10/SES102/SA102S13	SES105	-0.285233	-56.1295	-55.8443
BLOCK10/SES102/SA102S13	SES120	-0.16066	-56.005	-55.8443
BLOCK10/SES102/SA102S13	SES158	-1.10074	-56.945	-55.8443
BLOCK10/SES102/SA102S14	SES007	-0.0429535	-55.2412	-55.1983
BLOCK10/SES102/SA102S14	SES101	0.246357	-54.9519	-55.1983
BLOCK10/SES102/SA102S14	SES105	-0.0235329	-55.2218	-55.1983
BLOCK10/SES102/SA102S14	SES147	-1.05254	-56.2508	-55.1983
BLOCK10/SES102/SA102S22	SES007	-0.159351	-55.6013	-55.442
BLOCK10/SES102/SA102S22	SES101	-0.0213356	-55.4633	-55.442
BLOCK10/SES102/SA102S22	SES105	-0.0717392	-55.5137	-55.442
BLOCK10/SES102/SA102S22	SES158	-0.6092	-56.0512	-55.442
BLOCK10/SES102/SA102S25	SES007	0.0657272	-55.3001	-55.3658
BLOCK10/SES102/SA102S25	SES101	-0.0201759	-55.386	-55.3658
BLOCK10/SES102/SA102S25	SES105	0.0459862	-55.3199	-55.3658
BLOCK10/SES102/SA102S25	SES147	-0.933853	-56.2997	-55.3658
BLOCK10/SES102/SA102S27	SES007	-0.0846939	-56.8503	-56.7656
BLOCK10/SES102/SA102S27	SES101	-0.135349	-56.9009	-56.7656
BLOCK10/SES102/SA102S27	SES105	0.0108223	-56.7547	-56.7656
BLOCK10/SES102/SA102S27	SES147	-0.636925	-57.4025	-56.7656
BLOCK10/SES103/SA103S14	SES105	-0.284626	-56.7383	-56.4536
BLOCK10/SES103/SA103S14	SES106	0.015976	-56.4377	-56.4536
BLOCK10/SES103/SA103S14	SES120	-0.545326	-56.999	-56.4536
BLOCK10/SES103/SA103S14	SES206	-0.387897	-56.8415	-56.4536
BLOCK10/SES103/SA103S15	SES099	0.14262	-56.9015	-57.0441
BLOCK10/SES103/SA103S15	SES101	-0.901131	-57.9453	-57.0441
BLOCK10/SES103/SA103S15	SES104	0.102409	-56.9417	-57.0441
BLOCK10/SES103/SA103S15	SES125	0.117805	-56.9263	-57.0441
BLOCK10/SES103/SA103S24	SES104	0.226295	-56.0463	-56.2726
BLOCK10/SES103/SA103S24	SES125	0.149696	-56.1229	-56.2726
BLOCK10/SES103/SA103S24	SES148	-0.616646	-56.8892	-56.2726
BLOCK10/SES103/SA103S24	SES158	0.251881	-56.0207	-56.2726
BLOCK10/SES103/SA103S26	SES104	-0.0541267	-56.3757	-56.3215
BLOCK10/SES103/SA103S26	SES106	0.170128	-56.1514	-56.3215
BLOCK10/SES103/SA103S26	SES125	-0.294189	-56.6157	-56.3215
BLOCK10/SES103/SA103S26	SES148	-0.442394	-56.7639	-56.3215
BLOCK10/SES103/SA103S28	SES104	-0.102341	-57.8458	-57.7434
BLOCK10/SES103/SA103S28	SES106	0.0907211	-57.6527	-57.7434
BLOCK10/SES103/SA103S28	SES125	-0.0246506	-57.7681	-57.7434
BLOCK10/SES103/SA103S28	SES206	-0.862885	-58.6063	-57.7434
BLOCK12/SES121/SA121S12	SES042	-0.563324	-58.5634	-58.0001
BLOCK12/SES121/SA121S12	SES087	-0.550411	-58.5505	-58.0001
BLOCK12/SES121/SA121S12	SES105	-0.0976868	-58.0978	-58.0001
BLOCK12/SES121/SA121S12	SES206	-0.252724	-58.2528	-58.0001
BLOCK12/SES121/SA121S14	SES007	-0.542915	-58.4898	-57.9469
BLOCK12/SES121/SA121S14	SES105	-0.288876	-58.2357	-57.9469
BLOCK12/SES121/SA121S14	SES106	0.227043	-57.7198	-57.9469
BLOCK12/SES121/SA121S14	SES206	-0.175182	-58.122	-57.9469
BLOCK12/SES121/SA121S23	SES105	-0.354427	-58.8036	-58.4492
BLOCK12/SES121/SA121S23	SES106	0.317917	-58.1313	-58.4492
BLOCK12/SES121/SA121S23	SES120	-0.79818	-59.2474	-58.4492
BLOCK12/SES121/SA121S23	SES206	-0.510689	-58.9599	-58.4492
BLOCK12/SES121/SA121S25	SES007	-0.516102	-59.0627	-58.5466
BLOCK12/SES121/SA121S25	SES105	-0.477516	-59.0241	-58.5466
BLOCK12/SES121/SA121S25	SES106	-0.0394821	-58.5861	-58.5466
BLOCK12/SES121/SA121S25	SES206	-0.415409	-58.962	-58.5466
BLOCK12/SES121/SA121S27	SES087	-0.139889	-58.5675	-58.4276
BLOCK12/SES121/SA121S27	SES105	-0.36095	-58.7886	-58.4276
BLOCK12/SES121/SA121S27	SES120	-0.494167	-58.9218	-58.4276
BLOCK12/SES121/SA121S27	SES206	-0.0197029	-58.4473	-58.4276
BLOCK12/SES124/SA124S16	SES042	0.216679	-55.7942	-56.0109
BLOCK12/SES124/SA124S16	SES082	-0.532207	-56.5431	-56.0109
BLOCK12/SES124/SA124S16	SES183	-0.544243	-56.5551	-56.0109
BLOCK12/SES124/SA124S16	SES206	0.24292	-55.768	-56.0109
BLOCK12/SES124/SA124S17	SES105	0.113995	-54.6231	-54.737
BLOCK12/SES124/SA124S17	SES149	-0.239002	-54.9761	-54.737
BLOCK12/SES124/SA124S17	SES158	0.573448	-54.1636	-54.737
BLOCK12/SES124/SA124S17	SES275	-0.971767	-55.7088	-54.737
BLOCK12/SES124/SA124S23	SES105	0.035305	-54.3144	-54.3497
BLOCK12/SES124/SA124S23	SES125	0.225155	-54.1245	-54.3497
BLOCK12/SES124/SA124S23	SES129	-0.166775	-54.5164	-54.3497
BLOCK12/SES124/SA124S23	SES158	0.542633	-53.807	-54.3497
BLOCK12/SES124/SA124S26	SES105	-0.282078	-56.2748	-55.9928
BLOCK12/SES124/SA124S26	SES125	0.698769	-55.294	-55.9928
BLOCK12/SES124/SA124S26	SES129	-0.592937	-56.5857	-55.9928
BLOCK12/SES124/SA124S26	SES158	0.54409	-55.4487	-55.9928
BLOCK12/SES124/SA124S28	SES104	0.404434	-55.2514	-55.6558
BLOCK12/SES124/SA124S28	SES106	0.419231	-55.2366	-55.6558
BLOCK12/SES124/SA124S28	SES125	0.532894	-55.1229	-55.6558
BLOCK12/SES124/SA124S28	SES275	-0.771942	-56.4278	-55.6558
BLOCK12/SES126/SA126S13	SES007	-0.718647	-59.0468	-58.3282
BLOCK12/SES126/SA126S13	SES162	0.186226	-58.1419	-58.3282
BLOCK12/SES126/SA126S13	SES177	0.382133	-57.946	-58.3282
BLOCK12/SES126/SA126S13	SES180	-0.0514069	-58.3796	-58.3282
BLOCK12/SES126/SA126S14	SES144	-0.696671	-57.6797	-56.983
BLOCK12/SES126/SA126S14	SES148	0.0597343	-56.9233	-56.983
BLOCK12/SES126/SA126S14	SES177	0.668846	-56.3142	-56.983
BLOCK12/SES126/SA126S14	SES180	0.192768	-56.7903	-56.983
BLOCK12/SES126/SA126S20	SES007	-0.560455	-57.4127	-56.8522
BLOCK12/SES126/SA126S20	SES162	-0.357975	-57.2102	-56.8522
BLOCK12/SES126/SA126S20	SES172	-0.768867	-57.6211	-56.8522
BLOCK12/SES126/SA126S20	SES180	-0.937305	-57.7895	-56.8522
BLOCK12/SES126/SA126S24	SES120	-0.107365	-57.5334	-57.4261
BLOCK12/SES126/SA126S24	SES162	0.347595	-57.0785	-57.4261
BLOCK12/SES126/SA126S24	SES177	0.593178	-56.8329	-57.4261
BLOCK12/SES126/SA126S24	SES180	0.305012	-57.1211	-57.4261
BLOCK12/SES126/SA126S26	SES120	-0.36372	-60.4953	-60.1316
BLOCK12/SES126/SA126S26	SES177	-0.560055	-60.6916	-60.1316
BLOCK12/SES126/SA126S26	SES180	0.125385	-60.0062	-60.1316
BLOCK12/SES126/SA126S26	SES202	-1.15099	-61.2826	-60.1316
BLOCK12/SES128/SA128S10	SES087	-0.288536	-56.8331	-56.5446
BLOCK12/SES128/SA128S10	SES206	-0.473183	-57.0178	-56.5446
BLOCK12/SES128/SA128S10	SES226	-0.162514	-56.7071	-56.5446
BLOCK12/SES128/SA128S10	SES270	-0.0366058	-56.5812	-56.5446
BLOCK12/SES128/SA128S12	SES120	-0.484863	-56.6888	-56.204
BLOCK12/SES128/SA128S12	SES158	0.00228119	-56.2017	-56.204
BLOCK12/SES128/SA128S12	SES206	-0.647411	-56.8514	-56.204
BLOCK12/SES128/SA128S12	SES226	-0.213806	-56.4178	-56.204
BLOCK12/SES128/SA128S21	SES106	0.336502	-56.8805	-57.217
BLOCK12/SES128/SA128S21	SES120	-0.289604	-57.5066	-57.217
BLOCK12/SES128/SA128S21	SES206	-0.588688	-57.8057	-57.217
BLOCK12/SES128/SA128S21	SES226	0.00115204	-57.2159	-57.217
BLOCK12/SES128/SA128S24	SES087	-0.704063	-57.0048	-56.3007
BLOCK12/SES128/SA128S24	SES120	-0.318707	-56.6194	-56.3007
BLOCK12/SES128/SA128S24	SES206	-0.834351	-57.1351	-56.3007
BLOCK12/SES128/SA128S24	SES226	-0.349098	-56.6498	-56.3007
BLOCK12/SES128/SA128S27	SES099	-0.0991211	-55.3612	-55.262
BLOCK12/SES128/SA128S27	SES120	-0.430824	-55.6929	-55.262
BLOCK12/SES128/SA128S27	SES206	-0.454891	-55.7169	-55.262
BLOCK12/SES128/SA128S27	SES226	0.0228119	-55.2392	-55.262
BLOCK13/SES130/SA130S13	SES143	0.574375	-57.1619	-57.7363
BLOCK13/SES130/SA130S13	SES144	1.16235	-56.5739	-57.7363
BLOCK13/SES130/SA130S13	SES146	1.28808	-56.4482	-57.7363
BLOCK13/SES130/SA130S13	SES275	0.128368	-57.6079	-57.7363
BLOCK13/SES130/SA130S15	SES143	0.144104	-57.5627	-57.7068
BLOCK13/SES130/SA130S15	SES144	0.508842	-57.1979	-57.7068
BLOCK13/SES130/SA130S15	SES146	0.789761	-56.917	-57.7068
BLOCK13/SES130/SA130S15	SES275	0.121826	-57.5849	-57.7068
BLOCK13/SES130/SA130S23	SES127	-0.611469	-59.5924	-58.9809
BLOCK13/SES130/SA130S23	SES144	0.383541	-58.5974	-58.9809
BLOCK13/SES130/SA130S23	SES146	1.27113	-57.7098	-58.9809
BLOCK13/SES130/SA130S23	SES162	-0.237953	-59.2189	-58.9809
BLOCK13/SES130/SA130S25	SES127	-0.504326	-57.9202	-57.4158
BLOCK13/SES130/SA130S25	SES144	0.606064	-56.8098	-57.4158
BLOCK13/SES130/SA130S25	SES146	0.909081	-56.5068	-57.4158
BLOCK13/SES130/SA130S25	SES275	0.142776	-57.2731	-57.4158
BLOCK13/SES130/SA130S28	SES127	-0.173176	-58.9316	-58.7584
BLOCK13/SES130/SA130S28	SES144	0.349163	-58.4093	-58.7584
BLOCK13/SES130/SA130S28	SES146	1.13222	-57.6262	-58.7584
BLOCK13/SES130/SA130S28	SES275	0.111908	-58.6465	-58.7584
BLOCK13/SES131/SA131S13	SES002	-0.305321	-58.8307	-58.5254
BLOCK13/SES131/SA131S13	SES007	-0.687908	-59.2133	-58.5254
BLOCK13/SES131/SA131S13	SES099	-0.200184	-58.7256	-58.5254
BLOCK13/SES131/SA131S13	SES105	-0.402527	-58.9279	-58.5254
BLOCK13/SES131/SA131S14	SES104	-0.0131531	-56.9871	-56.9739
BLOCK13/SES131/SA131S14	SES106	0.172333	-56.8016	-56.9739
BLOCK13/SES131/SA131S14	SES125	-0.174641	-57.1486	-56.9739
BLOCK13/SES131/SA131S14	SES148	-0.752514	-57.7264	-56.9739
BLOCK13/SES131/SA131S20	SES104	-0.155437	-56.9837	-56.8283
BLOCK13/SES131/SA131S20	SES106	0.109467	-56.7188	-56.8283
BLOCK13/SES131/SA131S20	SES125	-0.275299	-57.1036	-56.8283
BLOCK13/SES131/SA131S20	SES148	-0.554295	-57.3825	-56.8283
BLOCK13/SES131/SA131S22	SES099	0.0228882	-57.8008	-57.8237
BLOCK13/SES131/SA131S22	SES104	0.302994	-57.5207	-57.8237
BLOCK13/SES131/SA131S22	SES125	0.184166	-57.6395	-57.8237
BLOCK13/SES131/SA131S22	SES206	-0.599144	-58.4228	-57.8237
BLOCK13/SES131/SA131S29	SES087	-0.0699081	-58.2339	-58.164
BLOCK13/SES131/SA131S29	SES104	0.0257492	-58.1382	-58.164
BLOCK13/SES131/SA131S29	SES125	-0.229477	-58.3934	-58.164
BLOCK13/SES131/SA131S29	SES206	-0.865616	-59.0296	-58.164
BLOCK13/SES132/SA132S11	SES083	0.0381355	-57.143	-57.1811
BLOCK13/SES132/SA132S11	SES120	0.0331001	-57.148	-57.1811
BLOCK13/SES132/SA132S11	SES127	0.227467	-56.9536	-57.1811
BLOCK13/SES132/SA132S11	SES275	0.148285	-57.0328	-57.1811
BLOCK13/SES132/SA132S12	SES083	-0.343578	-57.3675	-57.0239
BLOCK13/SES132/SA132S12	SES143	0.152641	-56.8713	-57.0239
BLOCK13/SES132/SA132S12	SES144	0.120834	-56.9031	-57.0239
BLOCK13/SES132/SA132S12	SES148	-0.0543785	-57.0783	-57.0239
BLOCK13/SES132/SA132S22	SES062	-0.103508	-56.8653	-56.7618
BLOCK13/SES132/SA132S22	SES083	-0.0220451	-56.7838	-56.7618
BLOCK13/SES132/SA132S22	SES127	0.107121	-56.6547	-56.7618
BLOCK13/SES132/SA132S22	SES275	0.274044	-56.4877	-56.7618
BLOCK13/SES132/SA132S24	SES007	-0.385162	-56.8661	-56.4809
BLOCK13/SES132/SA132S24	SES083	-0.113724	-56.5947	-56.4809
BLOCK13/SES132/SA132S24	SES127	-0.0235481	-56.5045	-56.4809
BLOCK13/SES132/SA132S24	SES275	-0.283665	-56.7646	-56.4809
BLOCK13/SES132/SA132S27	SES083	-0.389336	-57.7854	-57.3961
BLOCK13/SES132/SA132S27	SES120	-0.000522614	-57.3966	-57.3961
BLOCK13/SES132/SA132S27	SES127	-0.239437	-57.6355	-57.3961
BLOCK13/SES132/SA132S27	SES275	0.0331917	-57.3629	-57.3961
BLOCK14/SES141/SA141S09	SES143	0.614449	-57.5881	-58.2025
BLOCK14/SES141/SA141S09	SES144	0.526787	-57.6758	-58.2025
BLOCK14/SES141/SA141S09	SES162	0.258949	-57.9436	-58.2025
BLOCK14/SES141/SA141S09	SES180	0.717438	-57.4851	-58.2025
BLOCK14/SES141/SA141S15	SES127	0.0127487	-57.4405	-57.4533
BLOCK14/SES141/SA141S15	SES144	-0.06073	-57.514	-57.4533
BLOCK14/SES141/SA141S15	SES162	0.554047	-56.8992	-57.4533
BLOCK14/SES141/SA141S15	SES180	0.148533	-57.3048	-57.4533
BLOCK14/SES141/SA141S24	SES127	0.0316582	-57.3437	-57.3753
BLOCK14/SES141/SA141S24	SES144	-0.0680428	-57.4434	-57.3753
BLOCK14/SES141/SA141S24	SES162	0.491821	-56.8835	-57.3753
BLOCK14/SES141/SA141S24	SES183	0.228394	-57.1469	-57.3753
BLOCK14/SES141/SA141S26	SES142	1.11178	-57.3456	-58.4573
BLOCK14/SES141/SA141S26	SES144	0.307156	-58.1502	-58.4573
BLOCK14/SES141/SA141S26	SES172	0.110455	-58.3469	-58.4573
BLOCK14/SES141/SA141S26	SES180	0.889763	-57.5676	-58.4573
BLOCK14/SES141/SA141S29	SES127	0.314499	-57.5921	-57.9066
BLOCK14/SES141/SA141S29	SES142	0.399689	-57.5069	-57.9066
BLOCK14/SES141/SA141S29	SES144	-0.101608	-58.0082	-57.9066
BLOCK14/SES141/SA141S29	SES180	0.712078	-57.1945	-57.9066
BLOCK15/SES157/SA157S08	SES083	-0.482052	-55.7194	-55.2374
BLOCK15/SES157/SA157S08	SES127	-0.233223	-55.4706	-55.2374
BLOCK15/SES157/SA157S08	SES148	0.0103722	-55.227	-55.2374
BLOCK15/SES157/SA157S08	SES292	-0.265705	-55.5031	-55.2374
BLOCK15/SES157/SA157S11	SES083	-0.643398	-56.8481	-56.2047
BLOCK15/SES157/SA157S11	SES127	-0.512936	-56.7177	-56.2047
BLOCK15/SES157/SA157S11	SES148	-0.182598	-56.3873	-56.2047
BLOCK15/SES157/SA157S11	SES292	-0.244968	-56.4497	-56.2047
BLOCK15/SES157/SA157S21	SES127	-0.613117	-55.5378	-54.9247
BLOCK15/SES157/SA157S21	SES148	-0.0505066	-54.9752	-54.9247
BLOCK15/SES157/SA157S21	SES158	-0.619774	-55.5445	-54.9247
BLOCK15/SES157/SA157S21	SES292	-0.123066	-55.0478	-54.9247
BLOCK15/SES157/SA157S24	SES127	-0.276104	-55.3029	-55.0268
BLOCK15/SES157/SA157S24	SES148	-0.0485153	-55.0753	-55.0268
BLOCK15/SES157/SA157S24	SES183	-0.467308	-55.4941	-55.0268
BLOCK15/SES157/SA157S24	SES292	-0.00203323	-55.0289	-55.0268
BLOCK15/SES157/SA157S26	SES007	-0.0749626	-55.0984	-55.0234
BLOCK15/SES157/SA157S26	SES127	-0.4771	-55.5005	-55.0234
BLOCK15/SES157/SA157S26	SES147	-0.870235	-55.8936	-55.0234
BLOCK15/SES157/SA157S26	SES148	-0.121449	-55.1448	-55.0234
BLOCK16/SES161/SA161S10	SES007	-0.4277	-56.723	-56.2953
BLOCK16/SES161/SA161S10	SES105	-0.263603	-56.5589	-56.2953
BLOCK16/SES161/SA161S10	SES158	-0.450054	-56.7453	-56.2953
BLOCK16/SES161/SA161S10	SES275	-0.471767	-56.7671	-56.2953
BLOCK16/SES161/SA161S12	SES007	-0.153484	-56.3863	-56.2328
BLOCK16/SES161/SA161S12	SES105	-0.310318	-56.5431	-56.2328
BLOCK16/SES161/SA161S12	SES158	-0.183208	-56.416	-56.2328
BLOCK16/SES161/SA161S12	SES275	-0.352543	-56.5854	-56.2328
BLOCK16/SES161/SA161S20	SES007	-0.383911	-56.6746	-56.2907
BLOCK16/SES161/SA161S20	SES105	-0.0330505	-56.3237	-56.2907
BLOCK16/SES161/SA161S20	SES158	-0.168373	-56.459	-56.2907
BLOCK16/SES161/SA161S20	SES275	-0.547253	-56.8379	-56.2907
BLOCK16/SES161/SA161S23	SES007	-0.277309	-56.7949	-56.5176
BLOCK16/SES161/SA161S23	SES105	-0.11565	-56.6333	-56.5176
BLOCK16/SES161/SA161S23	SES148	-0.421696	-56.9393	-56.5176
BLOCK16/SES161/SA161S23	SES158	-0.462242	-56.9799	-56.5176
BLOCK16/SES161/SA161S28	SES007	-0.403919	-56.5111	-56.1072
BLOCK16/SES161/SA161S28	SES105	-0.40694	-56.5142	-56.1072
BLOCK16/SES161/SA161S28	SES158	-0.3241	-56.4313	-56.1072
BLOCK16/SES161/SA161S28	SES206	-0.683601	-56.7908	-56.1072
BLOCK16/SES164/SA164S11	SES104	0.26506	-55.4156	-55.6807
BLOCK16/SES164/SA164S11	SES125	-0.129925	-55.8106	-55.6807
BLOCK16/SES164/SA164S11	SES158	0.648964	-55.0317	-55.6807
BLOCK16/SES164/SA164S11	SES206	-0.682621	-56.3633	-55.6807
BLOCK16/SES164/SA164S13	SES099	0.190617	-57.0508	-57.2415
BLOCK16/SES164/SA164S13	SES104	-0.216778	-57.4582	-57.2415
BLOCK16/SES164/SA164S13	SES125	-0.477947	-57.7194	-57.2415
BLOCK16/SES164/SA164S13	SES206	-0.492023	-57.7335	-57.2415
BLOCK16/SES164/SA164S24	SES002	0.0800056	-56.5475	-56.6275
BLOCK16/SES164/SA164S24	SES099	-0.0534935	-56.681	-56.6275
BLOCK16/SES164/SA164S24	SES125	-0.450642	-57.0782	-56.6275
BLOCK16/SES164/SA164S24	SES226	0.119911	-56.5076	-56.6275
BLOCK16/SES164/SA164S27	SES087	-0.438675	-56.9164	-56.4777
BLOCK16/SES164/SA164S27	SES125	-0.393406	-56.8711	-56.4777
BLOCK16/SES164/SA164S27	SES206	-0.177158	-56.6549	-56.4777
BLOCK16/SES164/SA164S27	SES226	-0.109432	-56.5872	-56.4777
BLOCK16/SES164/SA164S29	SES002	-0.129856	-56.4397	-56.3099
BLOCK16/SES164/SA164S29	SES019	-0.198502	-56.5084	-56.3099
BLOCK16/SES164/SA164S29	SES125	-0.199329	-56.5092	-56.3099
BLOCK16/SES164/SA164S29	SES226	-0.198582	-56.5084	-56.3099
BLOCK16/SES169/SA169S13	SES117	0.0134583	-57.5955	-57.609
BLOCK16/SES169/SA169S13	SES144	0.304436	-57.3045	-57.609
BLOCK16/SES169/SA169S13	SES146	0.331394	-57.2776	-57.609
BLOCK16/SES169/SA169S13	SES162	-0.453053	-58.062	-57.609
BLOCK16/SES169/SA169S14	SES144	-0.388451	-56.6742	-56.2858
BLOCK16/SES169/SA169S14	SES148	-0.11665	-56.4024	-56.2858
BLOCK16/SES169/SA169S14	SES177	-0.363659	-56.6494	-56.2858
BLOCK16/SES169/SA169S14	SES180	-0.812218	-57.098	-56.2858
BLOCK16/SES169/SA169S24	SES117	-0.0695496	-57.9323	-57.8628
BLOCK16/SES169/SA169S24	SES144	0.067131	-57.7956	-57.8628
BLOCK16/SES169/SA169S24	SES146	0.222698	-57.6401	-57.8628
BLOCK16/SES169/SA169S24	SES162	-0.403675	-58.2664	-57.8628
BLOCK16/SES169/SA169S27	SES127	-0.201729	-57.5062	-57.3044
BLOCK16/SES169/SA169S27	SES129	-0.242035	-57.5465	-57.3044
BLOCK16/SES169/SA169S27	SES144	0.0912399	-57.2132	-57.3044
BLOCK16/SES169/SA169S27	SES146	0.219212	-57.0852	-57.3044
BLOCK16/SES169/SA169S29	SES144	0.0730362	-56.4851	-56.5581
BLOCK16/SES169/SA169S29	SES162	-0.435703	-56.9938	-56.5581
BLOCK16/SES169/SA169S29	SES177	-0.4995	-57.0576	-56.5581
BLOCK16/SES169/SA169S29	SES180	-0.054512	-56.6126	-56.5581
BLOCK17/SES171/SA171S12	SES083	-0.815113	-56.8104	-55.9953
BLOCK17/SES171/SA171S12	SES148	-0.100773	-56.0961	-55.9953
BLOCK17/SES171/SA171S12	SES172	-0.0240135	-56.0193	-55.9953
BLOCK17/SES171/SA171S12	SES292	-0.558723	-56.554	-55.9953
BLOCK17/SES171/SA171S15	SES148	-0.361153	-56.7169	-56.3557
BLOCK17/SES171/SA171S15	SES177	-0.133171	-56.4889	-56.3557
BLOCK17/SES171/SA171S15	SES180	-1.12107	-57.4768	-56.3557
BLOCK17/SES171/SA171S15	SES292	-0.847691	-57.2034	-56.3557
BLOCK17/SES171/SA171S22	SES007	-0.411274	-55.2287	-54.8174
BLOCK17/SES171/SA171S22	SES148	-0.17284	-54.9903	-54.8174
BLOCK17/SES171/SA171S22	SES177	-0.0431252	-54.8606	-54.8174
BLOCK17/SES171/SA171S22	SES180	-1.45595	-56.2734	-54.8174
BLOCK17/SES171/SA171S25	SES101	-0.724396	-59.6176	-58.8932
BLOCK17/SES171/SA171S25	SES120	-0.440521	-59.3338	-58.8932
BLOCK17/SES171/SA171S25	SES177	-0.030323	-58.9236	-58.8932
BLOCK17/SES171/SA171S25	SES180	-0.672981	-59.5662	-58.8932
BLOCK17/SES171/SA171S27	SES177	0.16494	-56.8761	-57.041
BLOCK17/SES171/SA171S27	SES180	-0.929497	-57.9705	-57.041
BLOCK17/SES171/SA171S27	SES189	-0.589893	-57.6309	-57.041
BLOCK17/SES171/SA171S27	SES292	-0.547653	-57.5887	-57.041
BLOCK17/SES173/SA173S13	SES162	0.00175858	-56.2898	-56.2915
BLOCK17/SES173/SA173S13	SES177	0.376377	-55.9151	-56.2915
BLOCK17/SES173/SA173S13	SES180	-0.889648	-57.1812	-56.2915
BLOCK17/SES173/SA173S13	SES292	-0.613804	-56.9053	-56.2915
BLOCK17/SES173/SA173S14	SES007	-0.76799	-57.7371	-56.9691
BLOCK17/SES173/SA173S14	SES162	-0.157993	-57.1271	-56.9691
BLOCK17/SES173/SA173S14	SES177	0.0689774	-56.9002	-56.9691
BLOCK17/SES173/SA173S14	SES180	-0.694523	-57.6637	-56.9691
BLOCK17/SES173/SA173S24	SES144	-0.295898	-58.8918	-58.5959
BLOCK17/SES173/SA173S24	SES162	-0.110558	-58.7065	-58.5959
BLOCK17/SES173/SA173S24	SES177	0.0877914	-58.5081	-58.5959
BLOCK17/SES173/SA173S24	SES180	-0.428829	-59.0247	-58.5959
BLOCK17/SES173/SA173S27	SES162	0.0658417	-56.5809	-56.6467
BLOCK17/SES173/SA173S27	SES177	0.24342	-56.4033	-56.6467
BLOCK17/SES173/SA173S27	SES180	-0.619946	-57.2667	-56.6467
BLOCK17/SES173/SA173S27	SES292	-0.688396	-57.3351	-56.6467
BLOCK17/SES173/SA173S29	SES162	-0.201408	-57.2728	-57.0714
BLOCK17/SES173/SA173S29	SES175	-0.525497	-57.5969	-57.0714
BLOCK17/SES173/SA173S29	SES177	0.186172	-56.8852	-57.0714
BLOCK17/SES173/SA173S29	SES292	-0.732716	-57.8041	-57.0714
BLOCK18/SES182/SA182S10	SES144	0.165901	-56.5672	-56.7331
BLOCK18/SES182/SA182S10	SES177	-0.108467	-56.8415	-56.7331
BLOCK18/SES182/SA182S10	SES180	0.420319	-56.3127	-56.7331
BLOCK18/SES182/SA182S10	SES275	0.0147133	-56.7183	-56.7331
BLOCK18/SES182/SA182S12	SES144	0.0317917	-56.9756	-57.0074
BLOCK18/SES182/SA182S12	SES177	0.154758	-56.8526	-57.0074
BLOCK18/SES182/SA182S12	SES180	0.091568	-56.9158	-57.0074
BLOCK18/SES182/SA182S12	SES275	-0.200569	-57.2079	-57.0074
BLOCK18/SES182/SA182S21	SES117	-0.00907898	-57.9523	-57.9433
BLOCK18/SES182/SA182S21	SES144	0.0605965	-57.8827	-57.9433
BLOCK18/SES182/SA182S21	SES162	0.351765	-57.5915	-57.9433
BLOCK18/SES182/SA182S21	SES180	0.590828	-57.3524	-57.9433
BLOCK18/SES182/SA182S23	SES117	-0.09338	-56.9483	-56.8549
BLOCK18/SES182/SA182S23	SES144	-0.227837	-57.0827	-56.8549
BLOCK18/SES182/SA182S23	SES180	0.19603	-56.6589	-56.8549
BLOCK18/SES182/SA182S23	SES275	-0.101624	-56.9565	-56.8549
BLOCK18/SES182/SA182S25	SES007	-0.209595	-59.1204	-58.9108
BLOCK18/SES182/SA182S25	SES162	0.284573	-58.6263	-58.9108
BLOCK18/SES182/SA182S25	SES177	0.085247	-58.8256	-58.9108
BLOCK18/SES182/SA182S25	SES180	0.666946	-58.2439	-58.9108
BLOCK18/SES184/SA184S12	SES177	-0.150974	-57.3211	-57.1702
BLOCK18/SES184/SA184S12	SES180	-0.481148	-57.6513	-57.1702
BLOCK18/SES184/SA184S12	SES189	-1.04516	-58.2153	-57.1702
BLOCK18/SES184/SA184S12	SES292	-0.0790329	-57.2492	-57.1702
BLOCK18/SES184/SA184S13	SES101	-0.572083	-57.8113	-57.2392
BLOCK18/SES184/SA184S13	SES177	-0.0603752	-57.2996	-57.2392
BLOCK18/SES184/SA184S13	SES180	-0.367153	-57.6064	-57.2392
BLOCK18/SES184/SA184S13	SES292	-0.0445633	-57.2838	-57.2392
BLOCK18/SES184/SA184S22	SES177	-0.106461	-56.7716	-56.6651
BLOCK18/SES184/SA184S22	SES180	-0.441067	-57.1062	-56.6651
BLOCK18/SES184/SA184S22	SES189	-1.02714	-57.6923	-56.6651
BLOCK18/SES184/SA184S22	SES292	-0.109665	-56.7748	-56.6651
BLOCK18/SES184/SA184S25	SES101	-0.174484	-56.6041	-56.4296
BLOCK18/SES184/SA184S25	SES177	0.0521126	-56.3775	-56.4296
BLOCK18/SES184/SA184S25	SES180	-0.174934	-56.6046	-56.4296
BLOCK18/SES184/SA184S25	SES292	0.0875626	-56.3421	-56.4296
BLOCK18/SES184/SA184S27	SES083	-0.429184	-56.9211	-56.4919
BLOCK18/SES184/SA184S27	SES177	-0.041378	-56.5333	-56.4919
BLOCK18/SES184/SA184S27	SES202	-0.489891	-56.9818	-56.4919
BLOCK18/SES184/SA184S27	SES292	-0.104462	-56.5964	-56.4919
BLOCK20/SES204/SA204S12	SES062	-0.201065	-55.7224	-55.5213
BLOCK20/SES204/SA204S12	SES083	-0.487812	-56.0091	-55.5213
BLOCK20/SES204/SA204S12	SES206	0.201584	-55.3197	-55.5213
BLOCK20/SES204/SA204S12	SES226	-0.288849	-55.8101	-55.5213
BLOCK20/SES204/SA204S14	SES068	0.0948105	-54.0104	-54.1052
BLOCK20/SES204/SA204S14	SES087	0.350922	-53.7542	-54.1052
BLOCK20/SES204/SA204S14	SES206	0.518333	-53.5868	-54.1052
BLOCK20/SES204/SA204S14	SES226	0.0712509	-54.0339	-54.1052
BLOCK20/SES204/SA204S22	SES068	-0.470509	-56.295	-55.8245
BLOCK20/SES204/SA204S22	SES082	-0.31097	-56.1354	-55.8245
BLOCK20/SES204/SA204S22	SES083	-0.379963	-56.2044	-55.8245
BLOCK20/SES204/SA204S22	SES206	0.087944	-55.7365	-55.8245
BLOCK20/SES204/SA204S25	SES062	-0.213383	-55.9716	-55.7582
BLOCK20/SES204/SA204S25	SES083	-0.283516	-56.0417	-55.7582
BLOCK20/SES204/SA204S25	SES206	0.145187	-55.613	-55.7582
BLOCK20/SES204/SA204S25	SES226	-0.215275	-55.9735	-55.7582
BLOCK20/SES204/SA204S27	SES068	0.0835876	-55.2705	-55.3541
BLOCK20/SES204/SA204S27	SES082	-0.0703125	-55.4244	-55.3541
BLOCK20/SES204/SA204S27	SES087	0.214394	-55.1397	-55.3541
BLOCK20/SES204/SA204S27	SES206	0.605099	-54.749	-55.3541
BLOCK20/SES207/SA207S10	SES127	-0.908447	-57.5625	-56.6541
BLOCK20/SES207/SA207S10	SES183	-0.0488281	-56.7029	-56.6541
BLOCK20/SES207/SA207S10	SES189	-0.523422	-57.1775	-56.6541
BLOCK20/SES207/SA207S10	SES292	-0.26889	-56.923	-56.6541
BLOCK20/SES207/SA207S11	SES127	-1.04805	-58.2591	-57.211
BLOCK20/SES207/SA207S11	SES183	-0.130238	-57.3413	-57.211
BLOCK20/SES207/SA207S11	SES187	-0.277752	-57.4888	-57.211
BLOCK20/SES207/SA207S11	SES292	-0.378922	-57.5899	-57.211
BLOCK20/SES207/SA207S25	SES068	0.100075	-57.966	-58.0661
BLOCK20/SES207/SA207S25	SES083	-0.247761	-58.3138	-58.0661
BLOCK20/SES207/SA207S25	SES127	-0.0981865	-58.1643	-58.0661
BLOCK20/SES207/SA207S25	SES187	0.14502	-57.9211	-58.0661
BLOCK20/SES207/SA207S27	SES127	-0.328732	-57.9693	-57.6406
BLOCK20/SES207/SA207S27	SES183	0.137951	-57.5026	-57.6406
BLOCK20/SES207/SA207S27	SES187	-0.0820427	-57.7226	-57.6406
BLOCK20/SES207/SA207S27	SES292	-0.147835	-57.7884	-57.6406
BLOCK20/SES207/SA207S29	SES083	-0.516708	-57.8813	-57.3646
BLOCK20/SES207/SA207S29	SES085	-0.255707	-57.6203	-57.3646
BLOCK20/SES207/SA207S29	SES172	-0.667683	-58.0323	-57.3646
BLOCK20/SES207/SA207S29	SES189	-0.634853	-57.9995	-57.3646
BLOCK22/SES221/SA221S12	SES068	0.0514793	-57.024	-57.0755
BLOCK22/SES221/SA221S12	SES143	-0.722916	-57.7984	-57.0755
BLOCK22/SES221/SA221S12	SES175	-1.45395	-58.5294	-57.0755
BLOCK22/SES221/SA221S12	SES202	0.26329	-56.8122	-57.0755
BLOCK22/SES221/SA221S15	SES085	0.0521317	-58.053	-58.1051
BLOCK22/SES221/SA221S15	SES143	-0.565933	-58.671	-58.1051
BLOCK22/SES221/SA221S15	SES175	-1.75557	-59.8607	-58.1051
BLOCK22/SES221/SA221S15	SES187	0.655773	-57.4493	-58.1051
BLOCK22/SES221/SA221S23	SES068	-0.167179	-58.4248	-58.2577
BLOCK22/SES221/SA221S23	SES143	-0.443245	-58.7009	-58.2577
BLOCK22/SES221/SA221S23	SES175	-1.26477	-59.5224	-58.2577
BLOCK22/SES221/SA221S23	SES189	0.666279	-57.5914	-58.2577
BLOCK22/SES221/SA221S27	SES085	0.419937	-57.3163	-57.7362
BLOCK22/SES221/SA221S27	SES143	-0.904102	-58.6403	-57.7362
BLOCK22/SES221/SA221S27	SES175	-1.62582	-59.3621	-57.7362
BLOCK22/SES221/SA221S27	SES189	0.674919	-57.0613	-57.7362
BLOCK22/SES221/SA221S29	SES085	-0.257473	-58.4576	-58.2002
BLOCK22/SES221/SA221S29	SES143	-0.447983	-58.6482	-58.2002
BLOCK22/SES221/SA221S29	SES175	-1.5724	-59.7726	-58.2002
BLOCK22/SES221/SA221S29	SES187	0.709957	-57.4902	-58.2002
BLOCK22/SES223/SA223S11	SES143	0.245697	-58.8985	-59.1442
BLOCK22/SES223/SA223S11	SES144	-0.356411	-59.5006	-59.1442
BLOCK22/SES223/SA223S11	SES175	-1.08963	-60.2338	-59.1442
BLOCK22/SES223/SA223S11	SES187	0.617985	-58.5262	-59.1442
BLOCK22/SES223/SA223S13	SES068	0.167831	-57.7944	-57.9622
BLOCK22/SES223/SA223S13	SES143	-0.460209	-58.4224	-57.9622
BLOCK22/SES223/SA223S13	SES146	-1.31133	-59.2735	-57.9622
BLOCK22/SES223/SA223S13	SES202	-0.182652	-58.1448	-57.9622
BLOCK22/SES223/SA223S22	SES143	0.0152321	-59.3484	-59.3637
BLOCK22/SES223/SA223S22	SES144	-0.0647316	-59.4284	-59.3637
BLOCK22/SES223/SA223S22	SES175	-1.48392	-60.8476	-59.3637
BLOCK22/SES223/SA223S22	SES187	0.457569	-58.9061	-59.3637
BLOCK22/SES223/SA223S25	SES068	-0.555157	-58.7841	-58.2289
BLOCK22/SES223/SA223S25	SES143	-0.0187721	-58.2477	-58.2289
BLOCK22/SES223/SA223S25	SES175	-1.94774	-60.1767	-58.2289
BLOCK22/SES223/SA223S25	SES187	0.462051	-57.7669	-58.2289
BLOCK22/SES223/SA223S27	SES143	0.0186119	-58.443	-58.4616
BLOCK22/SES223/SA223S27	SES146	-0.929935	-59.3915	-58.4616
BLOCK22/SES223/SA223S27	SES187	0.462566	-57.999	-58.4616
BLOCK22/SES223/SA223S27	SES292	-0.562668	-59.0243	-58.4616
BLOCK27/SES273/SA273S12	SES099	0.566578	-54.909	-55.4756
BLOCK27/SES273/SA273S12	SES104	0.831413	-54.6442	-55.4756
BLOCK27/SES273/SA273S12	SES125	0.862122	-54.6134	-55.4756
BLOCK27/SES273/SA273S12	SES206	-0.237011	-55.7126	-55.4756
BLOCK27/SES273/SA273S13	SES099	0.301838	-54.6702	-54.9721
BLOCK27/SES273/SA273S13	SES104	0.303986	-54.6681	-54.9721
BLOCK27/SES273/SA273S13	SES206	-0.446793	-55.4189	-54.9721
BLOCK27/SES273/SA273S13	SES292	-0.456219	-55.4283	-54.9721
BLOCK27/SES273/SA273S21	SES099	0.241161	-54.8494	-55.0905
BLOCK27/SES273/SA273S21	SES148	-0.636414	-55.727	-55.0905
BLOCK27/SES273/SA273S21	SES149	-0.138302	-55.2289	-55.0905
BLOCK27/SES273/SA273S21	SES177	-0.633553	-55.7241	-55.0905
BLOCK27/SES273/SA273S25	SES104	0.288483	-54.9106	-55.1991
BLOCK27/SES273/SA273S25	SES125	0.295891	-54.9032	-55.1991
BLOCK27/SES273/SA273S25	SES158	0.623085	-54.576	-55.1991
BLOCK27/SES273/SA273S25	SES206	-0.472893	-55.6719	-55.1991
BLOCK27/SES273/SA273S27	SES099	0.0745659	-55.7772	-55.8518
BLOCK27/SES273/SA273S27	SES104	0.232609	-55.6192	-55.8518
BLOCK27/SES273/SA273S27	SES149	0.472256	-55.3795	-55.8518
BLOCK27/SES273/SA273S27	SES275	0.00579071	-55.846	-55.8518
BLOCK27/SES274/SA274S10	SES105	-0.395493	-55.7997	-55.4043
BLOCK27/SES274/SA274S10	SES125	0.115948	-55.2883	-55.4043
BLOCK27/SES274/SA274S10	SES129	-0.460022	-55.8643	-55.4043
BLOCK27/SES274/SA274S10	SES158	-0.101498	-55.5058	-55.4043
BLOCK27/SES274/SA274S11	SES105	-0.215714	-54.7784	-54.5626
BLOCK27/SES274/SA274S11	SES149	0.0821724	-54.4805	-54.5626
BLOCK27/SES274/SA274S11	SES158	-0.0373688	-54.6	-54.5626
BLOCK27/SES274/SA274S11	SES275	-0.441059	-55.0037	-54.5626
BLOCK27/SES274/SA274S21	SES105	-0.372471	-55.5276	-55.1551
BLOCK27/SES274/SA274S21	SES129	-0.469158	-55.6243	-55.1551
BLOCK27/SES274/SA274S21	SES149	-0.135288	-55.2904	-55.1551
BLOCK27/SES274/SA274S21	SES158	-0.316437	-55.4715	-55.1551
BLOCK27/SES274/SA274S24	SES105	-0.254387	-55.1806	-54.9262
BLOCK27/SES274/SA274S24	SES129	-0.253281	-55.1795	-54.9262
BLOCK27/SES274/SA274S24	SES149	-0.0632362	-54.9894	-54.9262
BLOCK27/SES274/SA274S24	SES158	-0.245747	-55.1719	-54.9262
BLOCK27/SES274/SA274S29	SES105	-0.394333	-56.2507	-55.8563
BLOCK27/SES274/SA274S29	SES106	-0.207077	-56.0634	-55.8563
BLOCK27/SES274/SA274S29	SES120	-0.322422	-56.1788	-55.8563
BLOCK27/SES274/SA274S29	SES275	-0.293934	-56.1503	-55.8563
BLOCK27/SES276/SA276S16	SES148	0.01511	-56.8954	-56.9105
BLOCK27/SES276/SA276S16	SES172	-0.489437	-57.3999	-56.9105
BLOCK27/SES276/SA276S16	SES180	-0.308758	-57.2192	-56.9105
BLOCK27/SES276/SA276S16	SES292	0.0775681	-56.8329	-56.9105
BLOCK27/SES276/SA276S17	SES101	-0.321423	-57.4137	-57.0923
BLOCK27/SES276/SA276S17	SES177	-0.0878677	-57.1801	-57.0923
BLOCK27/SES276/SA276S17	SES180	-0.0844727	-57.1767	-57.0923
BLOCK27/SES276/SA276S17	SES292	0.001091	-57.0912	-57.0923
BLOCK27/SES276/SA276S24	SES101	-0.0444603	-56.7278	-56.6834
BLOCK27/SES276/SA276S24	SES177	-0.222282	-56.9057	-56.6834
BLOCK27/SES276/SA276S24	SES180	-0.163334	-56.8467	-56.6834
BLOCK27/SES276/SA276S24	SES292	0.122505	-56.5609	-56.6834
BLOCK27/SES276/SA276S26	SES101	-0.739517	-58.1798	-57.4402
BLOCK27/SES276/SA276S26	SES177	-0.25082	-57.6911	-57.4402
BLOCK27/SES276/SA276S26	SES180	-0.0808678	-57.5211	-57.4402
BLOCK27/SES276/SA276S26	SES292	-0.12542	-57.5657	-57.4402
BLOCK27/SES276/SA276S28	SES101	-0.560844	-57.9643	-57.4034
BLOCK27/SES276/SA276S28	SES177	-0.399975	-57.8034	-57.4034
BLOCK27/SES276/SA276S28	SES180	-0.103642	-57.5071	-57.4034
BLOCK27/SES276/SA276S28	SES292	0.0646896	-57.3387	-57.4034
BLOCK27/SES277/SA277S12	SES101	-0.241455	-58.8825	-58.641
BLOCK27/SES277/SA277S12	SES177	-0.24017	-58.8812	-58.641
BLOCK27/SES277/SA277S12	SES180	0.0201569	-58.6209	-58.641
BLOCK27/SES277/SA277S12	SES292	-0.0649529	-58.706	-58.641
BLOCK27/SES277/SA277S14	SES177	-0.0202713	-58.2943	-58.274
BLOCK27/SES277/SA277S14	SES180	-0.647354	-58.9214	-58.274
BLOCK27/SES277/SA277S14	SES189	-0.176857	-58.4509	-58.274
BLOCK27/SES277/SA277S14	SES292	-0.420269	-58.6943	-58.274
BLOCK27/SES277/SA277S21	SES177	-0.303368	-57.4387	-57.1353
BLOCK27/SES277/SA277S21	SES180	-0.658554	-57.7938	-57.1353
BLOCK27/SES277/SA277S21	SES189	-0.683681	-57.819	-57.1353
BLOCK27/SES277/SA277S21	SES292	-0.0799217	-57.2152	-57.1353
BLOCK27/SES277/SA277S24	SES144	-0.283661	-59.101	-58.8173
BLOCK27/SES277/SA277S24	SES177	-0.135101	-58.9524	-58.8173
BLOCK27/SES277/SA277S24	SES180	-0.401279	-59.2186	-58.8173
BLOCK27/SES277/SA277S24	SES189	-0.490078	-59.3074	-58.8173
BLOCK27/SES277/SA277S29	SES177	0.0834427	-57.0476	-57.131
BLOCK27/SES277/SA277S29	SES180	-0.298767	-57.4298	-57.131
BLOCK27/SES277/SA277S29	SES202	-0.394405	-57.5254	-57.131
BLOCK27/SES277/SA277S29	SES292	-0.135639	-57.2667	-57.131
BLOCK27/SES279/SA279S09	SES120	-0.433521	-56.5863	-56.1528
BLOCK27/SES279/SA279S09	SES146	-0.588646	-56.7414	-56.1528
BLOCK27/SES279/SA279S09	SES206	-0.807587	-56.9603	-56.1528
BLOCK27/SES279/SA279S09	SES226	-0.340038	-56.4928	-56.1528
BLOCK27/SES279/SA279S10	SES099	0.161396	-55.3054	-55.4668
BLOCK27/SES279/SA279S10	SES206	-0.419937	-55.8868	-55.4668
BLOCK27/SES279/SA279S10	SES226	-0.0958176	-55.5627	-55.4668
BLOCK27/SES279/SA279S10	SES292	-0.20718	-55.674	-55.4668
BLOCK27/SES279/SA279S20	SES099	-0.123829	-56.1072	-55.9834
BLOCK27/SES279/SA279S20	SES206	-0.565914	-56.5493	-55.9834
BLOCK27/SES279/SA279S20	SES226	-0.1782	-56.1616	-55.9834
BLOCK27/SES279/SA279S20	SES292	-0.0079155	-55.9913	-55.9834
BLOCK27/SES279/SA279S26	SES099	0.0560875	-55.7581	-55.8141
BLOCK27/SES279/SA279S26	SES206	-0.600338	-56.4145	-55.8141
BLOCK27/SES279/SA279S26	SES226	-0.185452	-55.9996	-55.8141
BLOCK27/SES279/SA279S26	SES292	-0.15247	-55.9666	-55.8141
BLOCK27/SES279/SA279S28	SES099	-0.11594	-55.4307	-55.3148
BLOCK27/SES279/SA279S28	SES120	-0.268532	-55.5833	-55.3148
BLOCK27/SES279/SA279S28	SES177	-0.747284	-56.062	-55.3148
BLOCK27/SES279/SA279S28	SES206	-0.806396	-56.1212	-55.3148
BLOCK29/SES290/SA290S12	SES162	-0.061058	-56.8764	-56.8153
BLOCK29/SES290/SA290S12	SES177	0.0547867	-56.7606	-56.8153
BLOCK29/SES290/SA290S12	SES180	-0.59594	-57.4113	-56.8153
BLOCK29/SES290/SA290S12	SES292	-0.41362	-57.229	-56.8153
BLOCK29/SES290/SA290S13	SES007	-0.439545	-58.7806	-58.3411
BLOCK29/SES290/SA290S13	SES162	-0.340721	-58.6818	-58.3411
BLOCK29/SES290/SA290S13	SES177	-0.165184	-58.5063	-58.3411
BLOCK29/SES290/SA290S13	SES180	-0.326115	-58.6672	-58.3411
BLOCK29/SES290/SA290S22	SES177	0.0981178	-57.2491	-57.3473
BLOCK29/SES290/SA290S22	SES180	-0.131798	-57.479	-57.3473
BLOCK29/SES290/SA290S22	SES202	-0.244713	-57.592	-57.3473
BLOCK29/SES290/SA290S22	SES292	-0.424809	-57.7721	-57.3473
BLOCK29/SES290/SA290S25	SES162	-0.0354233	-56.289	-56.2535
BLOCK29/SES290/SA290S25	SES177	0.220505	-56.033	-56.2535
BLOCK29/SES290/SA290S25	SES180	-0.227974	-56.4815	-56.2535
BLOCK29/SES290/SA290S25	SES292	-0.240192	-56.4937	-56.2535
BLOCK29/SES290/SA290S29	SES177	0.320297	-54.9631	-55.2834
BLOCK29/SES290/SA290S29	SES180	-0.534748	-55.8181	-55.2834
BLOCK29/SES290/SA290S29	SES275	-0.778732	-56.0621	-55.2834
BLOCK29/SES290/SA290S29	SES292	-0.254314	-55.5377	-55.2834
BLOCK29/SES291/SA291S11	SES105	-0.293369	-57.0094	-56.716
BLOCK29/SES291/SA291S11	SES125	0.174629	-56.5414	-56.716
BLOCK29/SES291/SA291S11	SES158	0.232868	-56.4831	-56.716
BLOCK29/SES291/SA291S11	SES275	-0.564213	-57.2802	-56.716
BLOCK29/SES291/SA291S12	SES158	0.043663	-55.6306	-55.6742
BLOCK29/SES291/SA291S12	SES226	-0.153641	-55.8279	-55.6742
BLOCK29/SES291/SA291S12	SES270	0.233929	-55.4403	-55.6742
BLOCK29/SES291/SA291S12	SES275	-0.479137	-56.1534	-55.6742
BLOCK29/SES291/SA291S22	SES082	-0.0536308	-56.0457	-55.9921
BLOCK29/SES291/SA291S22	SES158	0.222309	-55.7698	-55.9921
BLOCK29/SES291/SA291S22	SES259	-0.0897026	-56.0818	-55.9921
BLOCK29/SES291/SA291S22	SES275	-0.622303	-56.6144	-55.9921
BLOCK29/SES291/SA291S24	SES104	0.66312	-55.106	-55.7691
BLOCK29/SES291/SA291S24	SES125	0.570591	-55.1985	-55.7691
BLOCK29/SES291/SA291S24	SES158	0.385464	-55.3836	-55.7691
BLOCK29/SES291/SA291S24	SES275	-0.266163	-56.0353	-55.7691
BLOCK29/SES291/SA291S27	SES158	0.457603	-56.2372	-56.6948
BLOCK29/SES291/SA291S27	SES172	-1.3546	-58.0494	-56.6948
BLOCK29/SES291/SA291S27	SES275	-0.556103	-57.2509	-56.6948
BLOCK29/SES291/SA291S27	SES292	-0.390568	-57.0854	-56.6948
