BLOCK00/SES002/SA002S12	SES002	1.88621	13.0741	11.1878
BLOCK00/SES002/SA002S13	SES002	1.97327	12.1831	10.2098
BLOCK00/SES002/SA002S23	SES002	1.49624	12.2204	10.7241
BLOCK00/SES002/SA002S26	SES002	1.99239	13.0035	11.0111
BLOCK00/SES002/SA002S28	SES002	1.70388	12.0154	10.3116
BLOCK00/SES007/SA007S14	SES007	1.0658	12.3887	11.3229
BLOCK00/SES007/SA007S15	SES007	0.77679	11.5047	10.7279
BLOCK00/SES007/SA007S24	SES007	0.903782	11.3617	10.4579
BLOCK00/SES007/SA007S27	SES007	0.976573	10.4947	9.51813
BLOCK00/SES007/SA007S29	SES007	0.580509	11.6652	11.0847
BLOCK00/SES008/SA008S11	SES008	1.85149	11.3965	9.54503
BLOCK00/SES008/SA008S12	SES008	1.29241	10.7685	9.47606
BLOCK00/SES008/SA008S19	SES008	1.98752	12.0229	10.0354
BLOCK00/SES008/SA008S22	SES008	1.2463	9.83918	8.59288
BLOCK00/SES008/SA008S29	SES008	2.01933	11.168	9.14868
BLOCK01/SES014/SA014S10	SES014	3.79453	13.3802	9.58568
BLOCK01/SES014/SA014S12	SES014	3.29789	13.2668	9.96887
BLOCK01/SES014/SA014S24	SES014	2.83572	12.7089	9.8732
BLOCK01/SES014/SA014S26	SES014	3.36515	15.0367	11.6715
BLOCK01/SES014/SA014S28	SES014	3.5216	13.7868	10.2652
BLOCK01/SES016/SA016S12	SES016	1.79009	11.5476	9.75751
BLOCK01/SES016/SA016S13	SES016	1.69562	12.429	10.7334
BLOCK01/SES016/SA016S22	SES016	1.84923	12.8293	10.98
BLOCK01/SES016/SA016S25	SES016	1.78878	13.8324	12.0437
BLOCK01/SES016/SA016S27	SES016	1.5568	13.669	12.1122
BLOCK01/SES019/SA019S13	SES019	2.80828	12.1046	9.29633
BLOCK01/SES019/SA019S14	SES019	2.32953	11.9439	9.61437
BLOCK01/SES019/SA019S22	SES019	2.69021	12.5618	9.87161
BLOCK01/SES019/SA019S25	SES019	2.52399	13.3068	10.7828
BLOCK01/SES019/SA019S29	SES019	3.12471	13.5054	10.3807
BLOCK02/SES029/SA029S11	SES029	1.62254	12.6373	11.0147
BLOCK02/SES029/SA029S12	SES029	1.21983	12.4205	11.2007
BLOCK02/SES029/SA029S20	SES029	1.39777	12.1289	10.7311
BLOCK02/SES029/SA029S25	SES029	1.41817	12.411	10.9928
BLOCK02/SES029/SA029S28	SES029	1.25244	12.0946	10.8421
BLOCK04/SES042/SA042S12	SES042	2.05542	12.4178	10.3624
BLOCK04/SES042/SA042S15	SES042	1.75936	13.5414	11.782
BLOCK04/SES042/SA042S22	SES042	2.23025	14.4161	12.1859
BLOCK04/SES042/SA042S25	SES042	1.5612	12.2562	10.695
BLOCK04/SES042/SA042S27	SES042	1.61609	13.1623	11.5462
BLOCK04/SES048/SA048S11	SES048	1.25525	12.2361	10.9808
BLOCK04/SES048/SA048S12	SES048	0.819531	11.731	10.9114
BLOCK04/SES048/SA048S20	SES048	0.528178	12.4234	11.8952
BLOCK04/SES048/SA048S23	SES048	1.55351	11.403	9.84949
BLOCK04/SES048/SA048S27	SES048	0.890706	12.2514	11.3607
BLOCK06/SES060/SA060S11	SES060	1.81223	13.3798	11.5675
BLOCK06/SES060/SA060S12	SES060	1.01514	12.512	11.4968
BLOCK06/SES060/SA060S22	SES060	0.647476	11.4647	10.8173
BLOCK06/SES060/SA060S24	SES060	1.54984	13.1956	11.6458
BLOCK06/SES060/SA060S28	SES060	1.81196	14.8442	13.0323
BLOCK06/SES062/SA062S10	SES062	1.50111	14.271	12.7699
BLOCK06/SES062/SA062S11	SES062	1.52482	13.3098	11.785
BLOCK06/SES062/SA062S21	SES062	1.98609	14.7991	12.813
BLOCK06/SES062/SA062S26	SES062	1.43935	13.8282	12.3889
BLOCK06/SES062/SA062S29	SES062	1.5255	13.7248	12.1993
BLOCK06/SES068/SA068S14	SES068	1.04962	12.2335	11.1839
BLOCK06/SES068/SA068S15	SES068	1.70622	13.5084	11.8022
BLOCK06/SES068/SA068S23	SES068	1.96583	13.6564	11.6905
BLOCK06/SES068/SA068S27	SES068	1.73724	13.5309	11.7937
BLOCK06/SES068/SA068S29	SES068	1.32697	12.8494	11.5224
BLOCK08/SES082/SA082S12	SES082	1.06363	11.7707	10.7071
BLOCK08/SES082/SA082S14	SES082	1.43325	11.6093	10.1761
BLOCK08/SES082/SA082S21	SES082	1.43982	12.9542	11.5144
BLOCK08/SES082/SA082S24	SES082	1.1882	12.8413	11.6531
BLOCK08/SES082/SA082S28	SES082	1.27404	11.4546	10.1806
BLOCK08/SES083/SA083S14	SES083	1.0522	12.1481	11.0959
BLOCK08/SES083/SA083S15	SES083	1.01277	12.9232	11.9104
BLOCK08/SES083/SA083S24	SES083	1.15748	11.5612	10.4038
BLOCK08/SES083/SA083S26	SES083	0.976111	11.9807	11.0046
BLOCK08/SES083/SA083S29	SES083	0.945729	12.4856	11.5399
BLOCK08/SES085/SA085S10	SES085	1.38533	13.4962	12.1109
BLOCK08/SES085/SA085S13	SES085	1.19017	12.2108	11.0206
BLOCK08/SES085/SA085S22	SES085	1.53274	12.8365	11.3038
BLOCK08/SES085/SA085S26	SES085	1.48106	13.0153	11.5342
BLOCK08/SES085/SA085S28	SES085	1.40867	12.3772	10.9685
BLOCK08/SES087/SA087S15	SES087	1.82985	11.6692	9.83936
BLOCK08/SES087/SA087S16	SES087	1.87483	12.0018	10.1269
BLOCK08/SES087/SA087S24	SES087	1.5128	12.5329	11.0201
BLOCK08/SES087/SA087S26	SES087	1.83738	13.1095	11.2721
BLOCK08/SES087/SA087S29	SES087	1.83193	12.6331	10.8012
BLOCK09/SES099/SA099S15	SES099	1.94166	11.3513	9.40968
BLOCK09/SES099/SA099S16	SES099	1.72634	11.8056	10.0792
BLOCK09/SES099/SA099S24	SES099	1.51769	12.1691	10.6515
BLOCK09/SES099/SA099S26	SES099	2.34475	12.6402	10.2955
BLOCK09/SES099/SA099S29	SES099	1.48036	11.4651	9.98474
BLOCK10/SES101/SA101S11	SES101	0.645834	11.915	11.2691
BLOCK10/SES101/SA101S13	SES101	0.946351	13.6778	12.7315
BLOCK10/SES101/SA101S22	SES101	1.02784	11.6543	10.6264
BLOCK10/SES101/SA101S24	SES101	1.20813	13.5358	12.3277
BLOCK10/SES101/SA101S28	SES101	0.814839	11.4396	10.6248
BLOCK10/SES104/SA104S11	SES104	1.25073	13.4152	12.1645
BLOCK10/SES104/SA104S12	SES104	1.38411	12.404	11.0199
BLOCK10/SES104/SA104S21	SES104	1.45746	11.9779	10.5204
BLOCK10/SES104/SA104S24	SES104	1.16401	12.2232	11.0592
BLOCK10/SES104/SA104S28	SES104	1.53794	12.3903	10.8523
BLOCK10/SES105/SA105S12	SES105	0.95077	10.8661	9.91531
BLOCK10/SES105/SA105S13	SES105	1.37747	11.2319	9.85444
BLOCK10/SES105/SA105S22	SES105	0.925305	11.4977	10.5724
BLOCK10/SES105/SA105S26	SES105	1.66623	11.9373	10.2711
BLOCK10/SES105/SA105S29	SES105	1.56834	11.3152	9.74684
BLOCK10/SES106/SA106S09	SES106	1.27502	11.259	9.98401
BLOCK10/SES106/SA106S11	SES106	1.28366	12.1078	10.8242
BLOCK10/SES106/SA106S22	SES106	2.79386	11.926	9.1321
BLOCK10/SES106/SA106S27	SES106	1.34482	11.3037	9.95885
BLOCK10/SES106/SA106S29	SES106	0.67345	11.3095	10.636
BLOCK11/SES117/SA117S12	SES117	1.3823	11.3465	9.96418
BLOCK11/SES117/SA117S13	SES117	1.39195	12.3564	10.9645
BLOCK11/SES117/SA117S23	SES117	1.91127	9.7829	7.87163
BLOCK11/SES117/SA117S25	SES117	1.75781	9.7568	7.99899
BLOCK11/SES117/SA117S28	SES117	1.749	10.8442	9.09516
BLOCK12/SES120/SA120S08	SES120	0.988729	11.6338	10.6451
BLOCK12/SES120/SA120S11	SES120	1.1185	10.2433	9.12485
BLOCK12/SES120/SA120S22	SES120	0.649117	11.7763	11.1272
BLOCK12/SES120/SA120S24	SES120	1.18082	11.8042	10.6234
BLOCK12/SES120/SA120S28	SES120	1.26682	10.5499	9.28308
BLOCK12/SES125/SA125S13	SES125	1.69222	11.4121	9.71983
BLOCK12/SES125/SA125S14	SES125	1.30996	11.2695	9.9595
BLOCK12/SES125/SA125S25	SES125	1.68334	11.5713	9.88796
BLOCK12/SES125/SA125S27	SES125	1.69552	13.0176	11.3221
BLOCK12/SES125/SA125S29	SES125	1.56839	11.9135	10.3451
BLOCK12/SES127/SA127S11	SES127	0.979158	12.1655	11.1863
BLOCK12/SES127/SA127S12	SES127	0.680048	12.8448	12.1647
BLOCK12/SES127/SA127S23	SES127	0.70562	11.2392	10.5336
BLOCK12/SES127/SA127S25	SES127	0.85408	11.8086	10.9545
BLOCK12/SES127/SA127S27	SES127	1.30823	11.6398	10.3315
BLOCK12/SES129/SA129S11	SES129	1.37026	14.643	13.2728
BLOCK12/SES129/SA129S12	SES129	0.993387	12.3425	11.3491
BLOCK12/SES129/SA129S22	SES129	1.15763	11.5923	10.4347
BLOCK12/SES129/SA129S27	SES129	1.66502	13.1742	11.5091
BLOCK12/SES129/SA129S29	SES129	1.56455	13.5277	11.9632
BLOCK14/SES142/SA142S11	SES142	2.5375	11.592	9.05452
BLOCK14/SES142/SA142S12	SES142	1.74348	11.2361	9.49265
BLOCK14/SES142/SA142S24	SES142	1.65151	11.8226	10.1711
BLOCK14/SES142/SA142S27	SES142	1.88861	12.2277	10.3391
BLOCK14/SES142/SA142S29	SES142	1.74298	11.1472	9.4042
BLOCK14/SES143/SA143S12	SES143	1.46829	11.2596	9.79131
BLOCK14/SES143/SA143S13	SES143	1.39069	10.7597	9.36902
BLOCK14/SES143/SA143S23	SES143	1.63255	11.0337	9.40119
BLOCK14/SES143/SA143S25	SES143	1.9194	12.0365	10.1171
BLOCK14/SES143/SA143S28	SES143	1.89928	11.9238	10.0245
BLOCK14/SES144/SA144S09	SES144	2.03149	11.957	9.92548
BLOCK14/SES144/SA144S11	SES144	1.76408	10.9267	9.16267
BLOCK14/SES144/SA144S21	SES144	1.07268	10.1089	9.0362
BLOCK14/SES144/SA144S25	SES144	1.85413	11.7818	9.92769
BLOCK14/SES144/SA144S29	SES144	1.56825	10.6585	9.09025
BLOCK14/SES146/SA146S14	SES146	1.38532	9.67256	8.28724
BLOCK14/SES146/SA146S15	SES146	1.58548	10.6993	9.11378
BLOCK14/SES146/SA146S24	SES146	1.64873	10.8459	9.19714
BLOCK14/SES146/SA146S26	SES146	2.33052	11.8415	9.51095
BLOCK14/SES146/SA146S29	SES146	1.28251	9.52583	8.24332
BLOCK14/SES147/SA147S11	SES147	1.64388	10.9613	9.31745
BLOCK14/SES147/SA147S13	SES147	2.637	12.4558	9.81884
BLOCK14/SES147/SA147S23	SES147	1.35202	10.216	8.86397
BLOCK14/SES147/SA147S26	SES147	1.85224	10.8373	8.98509
BLOCK14/SES147/SA147S28	SES147	1.49705	10.7761	9.27904
BLOCK14/SES148/SA148S10	SES148	1.49138	11.6581	10.1667
BLOCK14/SES148/SA148S12	SES148	1.07511	11.3873	10.3122
BLOCK14/SES148/SA148S22	SES148	1.21074	12.8796	11.6688
BLOCK14/SES148/SA148S26	SES148	1.1156	11.9847	10.8691
BLOCK14/SES148/SA148S29	SES148	1.24991	11.9354	10.6855
BLOCK14/SES149/SA149S13	SES149	0.681077	11.5184	10.8373
BLOCK14/SES149/SA149S14	SES149	0.518833	11.5543	11.0355
BLOCK14/SES149/SA149S24	SES149	1.02087	12.2216	11.2008
BLOCK14/SES149/SA149S26	SES149	1.31376	12.9973	11.6836
BLOCK14/SES149/SA149S28	SES149	1.62047	12.7956	11.1751
BLOCK15/SES158/SA158S13	SES158	1.0413	11.2378	10.1965
BLOCK15/SES158/SA158S14	SES158	1.28483	11.5668	10.282
BLOCK15/SES158/SA158S23	SES158	0.70253	11.2746	10.572
BLOCK15/SES158/SA158S26	SES158	1.69222	11.0423	9.35009
BLOCK15/SES158/SA158S28	SES158	1.21283	11.8841	10.6713
BLOCK16/SES162/SA162S10	SES162	1.11077	12.0395	10.9287
BLOCK16/SES162/SA162S11	SES162	0.962835	12.0815	11.1186
BLOCK16/SES162/SA162S21	SES162	1.43899	11.3832	9.94423
BLOCK16/SES162/SA162S24	SES162	1.34179	11.517	10.1752
BLOCK16/SES162/SA162S27	SES162	1.28576	11.8948	10.6091
BLOCK16/SES167/SA167S14	SES167	2.60931	12.8192	10.2099
BLOCK16/SES167/SA167S15	SES167	3.11457	12.2659	9.15131
BLOCK16/SES167/SA167S21	SES167	3.27862	12.9327	9.65411
BLOCK16/SES167/SA167S25	SES167	3.56364	13.1153	9.55164
BLOCK16/SES167/SA167S29	SES167	4.06081	13.9588	9.89801
BLOCK17/SES172/SA172S12	SES172	1.12897	11.713	10.584
BLOCK17/SES172/SA172S13	SES172	1.21593	10.3044	9.08846
BLOCK17/SES172/SA172S23	SES172	0.997637	11.474	10.4764
BLOCK17/SES172/SA172S27	SES172	1.25683	11.813	10.5561
BLOCK17/SES172/SA172S29	SES172	1.51818	11.3507	9.8325
BLOCK17/SES175/SA175S11	SES175	6.28857	19.0486	12.76
BLOCK17/SES175/SA175S13	SES175	3.76533	16.3406	12.5752
BLOCK17/SES175/SA175S23	SES175	5.75258	18.4282	12.6756
BLOCK17/SES175/SA175S25	SES175	3.74204	15.0874	11.3454
BLOCK17/SES175/SA175S28	SES175	8.06883	20.9339	12.8651
BLOCK17/SES177/SA177S15	SES177	0.765612	11.0159	10.2502
BLOCK17/SES177/SA177S17	SES177	0.813749	11.9035	11.0897
BLOCK17/SES177/SA177S23	SES177	0.617146	11.9976	11.3805
BLOCK17/SES177/SA177S26	SES177	0.814953	12.4085	11.5935
BLOCK17/SES177/SA177S28	SES177	0.813063	12.8741	12.0611
BLOCK18/SES180/SA180S13	SES180	0.92527	11.0968	10.1715
BLOCK18/SES180/SA180S15	SES180	1.22654	11.5948	10.3682
BLOCK18/SES180/SA180S24	SES180	1.13826	12.1672	11.0289
BLOCK18/SES180/SA180S26	SES180	1.38677	12.367	10.9802
BLOCK18/SES180/SA180S29	SES180	1.07095	11.489	10.418
BLOCK18/SES183/SA183S13	SES183	1.61319	10.8941	9.28091
BLOCK18/SES183/SA183S14	SES183	1.6069	11.0655	9.45858
BLOCK18/SES183/SA183S24	SES183	2.11476	10.5289	8.41414
BLOCK18/SES183/SA183S27	SES183	1.61628	10.4097	8.79347
BLOCK18/SES183/SA183S29	SES183	1.18802	10.5418	9.35376
BLOCK18/SES187/SA187S13	SES187	1.8657	12.3651	10.4993
BLOCK18/SES187/SA187S14	SES187	1.60108	11.5995	9.99844
BLOCK18/SES187/SA187S24	SES187	1.58873	11.5817	9.993
BLOCK18/SES187/SA187S27	SES187	1.92684	12.0345	10.1077
BLOCK18/SES187/SA187S29	SES187	1.87993	12.3881	10.5082
BLOCK18/SES189/SA189S10	SES189	0.826296	11.8101	10.9838
BLOCK18/SES189/SA189S13	SES189	1.35834	11.6668	10.3084
BLOCK18/SES189/SA189S24	SES189	1.56557	12.1535	10.5879
BLOCK18/SES189/SA189S26	SES189	1.23608	12.5542	11.3181
BLOCK18/SES189/SA189S29	SES189	1.38089	11.2862	9.90533
BLOCK20/SES202/SA202S12	SES202	1.29344	10.5435	9.25006
BLOCK20/SES202/SA202S14	SES202	2.14558	11.5163	9.37068
BLOCK20/SES202/SA202S24	SES202	1.29937	11.3051	10.0058
BLOCK20/SES202/SA202S27	SES202	1.21302	11.8153	10.6022
BLOCK20/SES202/SA202S29	SES202	1.27764	12.5181	11.2404
BLOCK20/SES206/SA206S15	SES206	0.391477	11.549	11.1575
BLOCK20/SES206/SA206S17	SES206	2.05974	14.5461	12.4864
BLOCK20/SES206/SA206S24	SES206	2.02685	13.8187	11.7919
BLOCK20/SES206/SA206S27	SES206	1.63782	12.2891	10.6513
BLOCK20/SES206/SA206S29	SES206	1.684	14.3069	12.6229
BLOCK22/SES226/SA226S12	SES226	1.14166	13.2851	12.1434
BLOCK22/SES226/SA226S13	SES226	0.29254	10.4347	10.1422
BLOCK22/SES226/SA226S20	SES226	1.40971	12.9623	11.5526
BLOCK22/SES226/SA226S23	SES226	1.39755	12.4648	11.0673
BLOCK22/SES226/SA226S28	SES226	1.58834	13.0656	11.4773
BLOCK25/SES259/SA259S13	SES259	2.75103	14.2204	11.4694
BLOCK25/SES259/SA259S14	SES259	2.25962	14.2985	12.0389
BLOCK25/SES259/SA259S22	SES259	1.67738	13.0438	11.3664
BLOCK25/SES259/SA259S24	SES259	2.86565	15.2299	12.3643
BLOCK25/SES259/SA259S28	SES259	1.7144	13.0309	11.3165
BLOCK27/SES270/SA270S14	SES270	1.95371	11.1598	9.20614
BLOCK27/SES270/SA270S16	SES270	1.26036	11.4181	10.1577
BLOCK27/SES270/SA270S22	SES270	1.79354	13.1526	11.3591
BLOCK27/SES270/SA270S26	SES270	1.24792	10.9906	9.74268
BLOCK27/SES270/SA270S28	SES270	1.62297	11.6465	10.0236
BLOCK27/SES275/SA275S17	SES275	1.97455	11.8517	9.87717
BLOCK27/SES275/SA275S18	SES275	1.19094	11.2574	10.0664
BLOCK27/SES275/SA275S24	SES275	1.50679	11.2258	9.71897
BLOCK27/SES275/SA275S26	SES275	1.59604	11.5278	9.93175
BLOCK27/SES275/SA275S28	SES275	1.33006	12.0197	10.6897
BLOCK29/SES292/SA292S10	SES292	1.06358	11.7755	10.7119
BLOCK29/SES292/SA292S12	SES292	1.1813	11.5433	10.362
BLOCK29/SES292/SA292S22	SES292	0.705695	11.7134	11.0077
BLOCK29/SES292/SA292S24	SES292	0.98918	12.0149	11.0257
BLOCK29/SES292/SA292S27	SES292	0.751414	11.8072	11.0557
BLOCK00/SES001/SA001S14	SES062	-1.42454	9.30545	10.73
BLOCK00/SES001/SA001S14	SES082	-1.67349	9.0565	10.73
BLOCK00/SES001/SA001S14	SES106	-1.97346	8.75652	10.73
BLOCK00/SES001/SA001S14	SES206	-0.963816	9.76617	10.73
BLOCK00/SES001/SA001S15	SES062	-1.40977	9.76533	11.1751
BLOCK00/SES001/SA001S15	SES104	-1.67609	9.49902	11.1751
BLOCK00/SES001/SA001S15	SES106	-1.65557	9.51954	11.1751
BLOCK00/SES001/SA001S15	SES206	-0.989071	10.186	11.1751
BLOCK00/SES001/SA001S24	SES062	-1.3668	9.32175	10.6885
BLOCK00/SES001/SA001S24	SES082	-1.55955	9.129	10.6885
BLOCK00/SES001/SA001S24	SES087	-0.106653	10.5819	10.6885
BLOCK00/SES001/SA001S24	SES206	-0.882762	9.80578	10.6885
BLOCK00/SES001/SA001S27	SES062	-1.13086	11.0086	12.1394
BLOCK00/SES001/SA001S27	SES082	-1.11471	11.0247	12.1394
BLOCK00/SES001/SA001S27	SES087	-0.0621634	12.0773	12.1394
BLOCK00/SES001/SA001S27	SES206	-0.52487	11.6146	12.1394
BLOCK00/SES001/SA001S29	SES062	-1.44543	8.63322	10.0787
BLOCK00/SES001/SA001S29	SES082	-0.863322	9.21533	10.0787
BLOCK00/SES001/SA001S29	SES158	-1.06142	9.01723	10.0787
BLOCK00/SES001/SA001S29	SES206	-0.921899	9.15676	10.0787
BLOCK00/SES003/SA003S11	SES002	0.0259676	9.93617	9.9102
BLOCK00/SES003/SA003S11	SES019	-0.900506	9.0097	9.9102
BLOCK00/SES003/SA003S11	SES082	-0.886086	9.02412	9.9102
BLOCK00/SES003/SA003S11	SES125	-1.60543	8.30477	9.9102
BLOCK00/SES003/SA003S15	SES016	-0.833719	10.5252	11.3589
BLOCK00/SES003/SA003S15	SES019	-0.92982	10.4291	11.3589
BLOCK00/SES003/SA003S15	SES062	-1.44573	9.91318	11.3589
BLOCK00/SES003/SA003S15	SES206	-1.00031	10.3586	11.3589
BLOCK00/SES003/SA003S22	SES002	-0.783629	9.71837	10.502
BLOCK00/SES003/SA003S22	SES062	-1.34919	9.15281	10.502
BLOCK00/SES003/SA003S22	SES082	-1.55589	8.94612	10.502
BLOCK00/SES003/SA003S22	SES087	-0.391865	10.1101	10.502
BLOCK00/SES003/SA003S25	SES062	-1.39998	8.69377	10.0938
BLOCK00/SES003/SA003S25	SES082	-1.17358	8.92017	10.0938
BLOCK00/SES003/SA003S25	SES087	-0.11296	9.98079	10.0938
BLOCK00/SES003/SA003S25	SES206	-0.923842	9.16991	10.0938
BLOCK00/SES003/SA003S29	SES002	-0.212815	9.68884	9.90165
BLOCK00/SES003/SA003S29	SES062	-1.8332	8.06846	9.90165
BLOCK00/SES003/SA003S29	SES082	-1.00192	8.89973	9.90165
BLOCK00/SES003/SA003S29	SES087	-0.534905	9.36675	9.90165
BLOCK00/SES004/SA004S12	SES083	-1.34168	9.62735	10.969
BLOCK00/SES004/SA004S12	SES148	-1.56105	9.40798	10.969
BLOCK00/SES004/SA004S12	SES172	-0.259168	10.7099	10.969
BLOCK00/SES004/SA004S12	SES292	-0.601655	10.3674	10.969
BLOCK00/SES004/SA004S17	SES083	-1.11415	9.64468	10.7588
BLOCK00/SES004/SA004S17	SES162	-0.184686	10.5741	10.7588
BLOCK00/SES004/SA004S17	SES172	-0.537206	10.2216	10.7588
BLOCK00/SES004/SA004S17	SES292	-0.766096	9.99274	10.7588
BLOCK00/SES004/SA004S24	SES083	-1.18247	9.60766	10.7901
BLOCK00/SES004/SA004S24	SES148	-1.29871	9.49142	10.7901
BLOCK00/SES004/SA004S24	SES172	-0.415933	10.3742	10.7901
BLOCK00/SES004/SA004S24	SES292	-0.266432	10.5237	10.7901
BLOCK00/SES004/SA004S26	SES083	-1.23752	9.858	11.0955
BLOCK00/SES004/SA004S26	SES127	-1.34928	9.74624	11.0955
BLOCK00/SES004/SA004S26	SES148	-1.779	9.31652	11.0955
BLOCK00/SES004/SA004S26	SES292	-0.492009	10.6035	11.0955
BLOCK00/SES004/SA004S28	SES083	-0.488949	9.90171	10.3907
BLOCK00/SES004/SA004S28	SES127	-0.437744	9.95291	10.3907
BLOCK00/SES004/SA004S28	SES187	0.17829	10.5689	10.3907
BLOCK00/SES004/SA004S28	SES292	-0.256318	10.1343	10.3907
BLOCK00/SES006/SA006S10	SES014	-0.111745	7.08954	7.20129
BLOCK00/SES006/SA006S10	SES158	-0.3103	6.89099	7.20129
BLOCK00/SES006/SA006S10	SES226	-1.81456	5.38672	7.20129
BLOCK00/SES006/SA006S10	SES270	-0.0263062	7.17498	7.20129
BLOCK00/SES006/SA006S11	SES158	-0.454732	6.48613	6.94086
BLOCK00/SES006/SA006S11	SES226	-0.935074	6.00579	6.94086
BLOCK00/SES006/SA006S11	SES270	0.0694146	7.01028	6.94086
BLOCK00/SES006/SA006S11	SES275	-1.61934	5.32152	6.94086
BLOCK00/SES006/SA006S23	SES062	-1.67164	6.71748	8.38912
BLOCK00/SES006/SA006S23	SES105	-2.35591	6.03321	8.38912
BLOCK00/SES006/SA006S23	SES158	-0.849952	7.53917	8.38912
BLOCK00/SES006/SA006S23	SES275	-1.51383	6.87529	8.38912
BLOCK00/SES006/SA006S26	SES104	-1.50996	7.17132	8.68128
BLOCK00/SES006/SA006S26	SES158	-0.628074	8.05321	8.68128
BLOCK00/SES006/SA006S26	SES270	-0.0948095	8.58647	8.68128
BLOCK00/SES006/SA006S26	SES275	-1.5116	7.16968	8.68128
BLOCK00/SES006/SA006S28	SES007	-1.23674	5.32747	6.56421
BLOCK00/SES006/SA006S28	SES105	-1.56661	4.9976	6.56421
BLOCK00/SES006/SA006S28	SES158	-0.888305	5.67591	6.56421
BLOCK00/SES006/SA006S28	SES275	-0.757313	5.8069	6.56421
BLOCK00/SES009/SA009S12	SES083	-1.91014	9.22682	11.137
BLOCK00/SES009/SA009S12	SES148	-2.04182	9.09515	11.137
BLOCK00/SES009/SA009S12	SES177	-0.282788	10.8542	11.137
BLOCK00/SES009/SA009S12	SES292	-1.27383	9.86314	11.137
BLOCK00/SES009/SA009S15	SES007	0.167795	12.5164	12.3486
BLOCK00/SES009/SA009S15	SES099	-1.55679	10.7918	12.3486
BLOCK00/SES009/SA009S15	SES148	-3.62123	8.72733	12.3486
BLOCK00/SES009/SA009S15	SES172	-0.0931578	12.2554	12.3486
BLOCK00/SES009/SA009S24	SES146	-1.46682	9.35648	10.8233
BLOCK00/SES009/SA009S24	SES148	-2.41514	8.40817	10.8233
BLOCK00/SES009/SA009S24	SES177	0.0546484	10.878	10.8233
BLOCK00/SES009/SA009S24	SES292	-1.48433	9.33897	10.8233
BLOCK00/SES009/SA009S26	SES083	-1.98132	8.32639	10.3077
BLOCK00/SES009/SA009S26	SES101	-1.09236	9.21535	10.3077
BLOCK00/SES009/SA009S26	SES120	-1.12439	9.18333	10.3077
BLOCK00/SES009/SA009S26	SES177	-0.262004	10.0457	10.3077
BLOCK00/SES009/SA009S29	SES083	-2.06783	9.04992	11.1178
BLOCK00/SES009/SA009S29	SES101	-0.432088	10.6857	11.1178
BLOCK00/SES009/SA009S29	SES177	0.21964	11.3374	11.1178
BLOCK00/SES009/SA009S29	SES292	-1.6463	9.47145	11.1178
BLOCK01/SES011/SA011S10	SES019	-0.665345	10.0769	10.7423
BLOCK01/SES011/SA011S10	SES042	-0.276698	10.4656	10.7423
BLOCK01/SES011/SA011S10	SES082	-0.8042	9.93805	10.7423
BLOCK01/SES011/SA011S10	SES206	0.602983	11.3452	10.7423
BLOCK01/SES011/SA011S11	SES019	-0.687593	10.0618	10.7494
BLOCK01/SES011/SA011S11	SES042	-0.837789	9.91158	10.7494
BLOCK01/SES011/SA011S11	SES082	-1.36792	9.38145	10.7494
BLOCK01/SES011/SA011S11	SES206	0.169541	10.9189	10.7494
BLOCK01/SES011/SA011S22	SES019	-0.441545	10.2263	10.6679
BLOCK01/SES011/SA011S22	SES042	-0.200815	10.4671	10.6679
BLOCK01/SES011/SA011S22	SES082	-0.703217	9.96465	10.6679
BLOCK01/SES011/SA011S22	SES206	0.372433	11.0403	10.6679
BLOCK01/SES011/SA011S24	SES019	-0.714213	9.71573	10.4299
BLOCK01/SES011/SA011S24	SES042	-0.185144	10.2448	10.4299
BLOCK01/SES011/SA011S24	SES104	-1.02696	9.40299	10.4299
BLOCK01/SES011/SA011S24	SES206	0.0685205	10.4985	10.4299
BLOCK01/SES011/SA011S27	SES082	-0.0930281	9.5943	9.68732
BLOCK01/SES011/SA011S27	SES087	-0.838758	8.84857	9.68732
BLOCK01/SES011/SA011S27	SES125	-0.673826	9.0135	9.68732
BLOCK01/SES011/SA011S27	SES206	0.0913363	9.77866	9.68732
BLOCK01/SES012/SA012S11	SES007	-0.501171	12.3695	12.8707
BLOCK01/SES012/SA012S11	SES082	-0.758909	12.1117	12.8707
BLOCK01/SES012/SA012S11	SES083	-0.54177	12.3289	12.8707
BLOCK01/SES012/SA012S11	SES206	-1.71174	11.1589	12.8707
BLOCK01/SES012/SA012S14	SES082	-0.0826015	12.0958	12.1784
BLOCK01/SES012/SA012S14	SES087	-4.1837	7.99466	12.1784
BLOCK01/SES012/SA012S14	SES206	-1.29054	10.8878	12.1784
BLOCK01/SES012/SA012S14	SES292	-1.4611	10.7173	12.1784
BLOCK01/SES012/SA012S24	SES082	-0.015605	10.4647	10.4803
BLOCK01/SES012/SA012S24	SES087	-1.59951	8.88077	10.4803
BLOCK01/SES012/SA012S24	SES120	-1.47199	9.00829	10.4803
BLOCK01/SES012/SA012S24	SES206	-0.571608	9.90868	10.4803
BLOCK01/SES012/SA012S26	SES019	-3.61942	8.07385	11.6933
BLOCK01/SES012/SA012S26	SES082	-0.429203	11.2641	11.6933
BLOCK01/SES012/SA012S26	SES206	-0.375828	11.3174	11.6933
BLOCK01/SES012/SA012S26	SES292	-1.19062	10.5027	11.6933
BLOCK01/SES012/SA012S29	SES062	-0.542809	11.6204	12.1632
BLOCK01/SES012/SA012S29	SES082	0.285489	12.4487	12.1632
BLOCK01/SES012/SA012S29	SES083	-0.529153	11.6341	12.1632
BLOCK01/SES012/SA012S29	SES206	-0.659966	11.5032	12.1632
BLOCK01/SES013/SA013S16	SES062	-2.22803	6.06429	8.29232
BLOCK01/SES013/SA013S16	SES106	-0.283504	8.00882	8.29232
BLOCK01/SES013/SA013S16	SES206	-0.287203	8.00512	8.29232
BLOCK01/SES013/SA013S16	SES226	-0.998158	7.29416	8.29232
BLOCK01/SES013/SA013S17	SES062	-2.23162	7.90856	10.1402
BLOCK01/SES013/SA013S17	SES106	-1.51661	8.62357	10.1402
BLOCK01/SES013/SA013S17	SES206	-0.069294	10.0709	10.1402
BLOCK01/SES013/SA013S17	SES226	-1.14068	8.99951	10.1402
BLOCK01/SES013/SA013S23	SES104	-0.730205	7.72652	8.45672
BLOCK01/SES013/SA013S23	SES106	-0.120731	8.33599	8.45672
BLOCK01/SES013/SA013S23	SES206	-0.0530243	8.4037	8.45672
BLOCK01/SES013/SA013S23	SES270	0.362731	8.81945	8.45672
BLOCK01/SES013/SA013S25	SES042	0.286124	9.47424	9.18812
BLOCK01/SES013/SA013S25	SES104	-0.3329	8.85522	9.18812
BLOCK01/SES013/SA013S25	SES106	-0.152461	9.03565	9.18812
BLOCK01/SES013/SA013S25	SES206	-0.124475	9.06364	9.18812
BLOCK01/SES013/SA013S29	SES062	-2.55829	6.54629	9.10458
BLOCK01/SES013/SA013S29	SES104	-0.84466	8.25992	9.10458
BLOCK01/SES013/SA013S29	SES106	-0.635483	8.4691	9.10458
BLOCK01/SES013/SA013S29	SES206	-0.422231	8.68235	9.10458
BLOCK02/SES021/SA021S13	SES016	-1.32059	10.1136	11.4342
BLOCK02/SES021/SA021S13	SES029	-0.999847	10.4344	11.4342
BLOCK02/SES021/SA021S13	SES087	0.423434	11.8576	11.4342
BLOCK02/SES021/SA021S13	SES206	-0.819783	10.6144	11.4342
BLOCK02/SES021/SA021S15	SES087	0.240408	11.2904	11.05
BLOCK02/SES021/SA021S15	SES125	-1.09255	9.95744	11.05
BLOCK02/SES021/SA021S15	SES206	-0.443684	10.6063	11.05
BLOCK02/SES021/SA021S15	SES226	-1.43623	9.61376	11.05
BLOCK02/SES021/SA021S23	SES062	-2.01095	7.06885	9.0798
BLOCK02/SES021/SA021S23	SES087	0.264317	9.34412	9.0798
BLOCK02/SES021/SA021S23	SES206	-0.346769	8.73303	9.0798
BLOCK02/SES021/SA021S23	SES226	-0.717471	8.36233	9.0798
BLOCK02/SES021/SA021S27	SES002	-1.16778	11.1261	12.2939
BLOCK02/SES021/SA021S27	SES016	-1.33419	10.9597	12.2939
BLOCK02/SES021/SA021S27	SES019	-0.478976	11.8149	12.2939
BLOCK02/SES021/SA021S27	SES062	-1.46346	10.8304	12.2939
BLOCK02/SES021/SA021S29	SES087	0.368754	10.6471	10.2783
BLOCK02/SES021/SA021S29	SES125	-0.35939	9.91892	10.2783
BLOCK02/SES021/SA021S29	SES206	0.225563	10.5039	10.2783
BLOCK02/SES021/SA021S29	SES226	-1.22648	9.05183	10.2783
BLOCK04/SES043/SA043S09	SES083	-0.286022	9.2564	9.54242
BLOCK04/SES043/SA043S09	SES101	-0.407354	9.13507	9.54242
BLOCK04/SES043/SA043S09	SES144	-0.82626	8.71616	9.54242
BLOCK04/SES043/SA043S09	SES172	-0.589524	8.9529	9.54242
BLOCK04/SES043/SA043S11	SES083	-0.42316	9.97148	10.3946
BLOCK04/SES043/SA043S11	SES101	-0.368964	10.0257	10.3946
BLOCK04/SES043/SA043S11	SES144	-1.15242	9.24222	10.3946
BLOCK04/SES043/SA043S11	SES172	-0.205512	10.1891	10.3946
BLOCK04/SES043/SA043S23	SES083	-0.351249	10.2186	10.5699
BLOCK04/SES043/SA043S23	SES144	-1.2962	9.27367	10.5699
BLOCK04/SES043/SA043S23	SES177	-0.376046	10.1938	10.5699
BLOCK04/SES043/SA043S23	SES275	-1.84164	8.72823	10.5699
BLOCK04/SES043/SA043S26	SES083	-0.26729	9.58949	9.85678
BLOCK04/SES043/SA043S26	SES101	-0.393041	9.46374	9.85678
BLOCK04/SES043/SA043S26	SES144	-0.646175	9.21061	9.85678
BLOCK04/SES043/SA043S26	SES177	-0.203733	9.65305	9.85678
BLOCK04/SES043/SA043S28	SES016	-2.2224	8.52092	10.7433
BLOCK04/SES043/SA043S28	SES083	-0.384934	10.3584	10.7433
BLOCK04/SES043/SA043S28	SES101	0.0217686	10.7651	10.7433
BLOCK04/SES043/SA043S28	SES144	-1.81173	8.93159	10.7433
BLOCK04/SES044/SA044S10	SES127	-1.2821	8.16966	9.45176
BLOCK04/SES044/SA044S10	SES144	-2.74529	6.70647	9.45176
BLOCK04/SES044/SA044S10	SES147	-3.7992	5.65256	9.45176
BLOCK04/SES044/SA044S10	SES148	-2.95465	6.49711	9.45176
BLOCK04/SES044/SA044S11	SES101	-0.141877	9.61991	9.76179
BLOCK04/SES044/SA044S11	SES144	-2.05514	7.70665	9.76179
BLOCK04/SES044/SA044S11	SES147	-2.89118	6.8706	9.76179
BLOCK04/SES044/SA044S11	SES177	-0.522379	9.23941	9.76179
BLOCK04/SES044/SA044S24	SES007	-0.831364	9.99591	10.8273
BLOCK04/SES044/SA044S24	SES101	-0.338035	10.4892	10.8273
BLOCK04/SES044/SA044S24	SES147	-3.28272	7.54455	10.8273
BLOCK04/SES044/SA044S24	SES177	-0.635073	10.1922	10.8273
BLOCK04/SES044/SA044S26	SES007	-0.522645	10.444	10.9667
BLOCK04/SES044/SA044S26	SES016	-3.04192	7.92475	10.9667
BLOCK04/SES044/SA044S26	SES101	0.0938635	11.0605	10.9667
BLOCK04/SES044/SA044S26	SES147	-2.79847	8.1682	10.9667
BLOCK04/SES044/SA044S29	SES007	-0.569097	10.8344	11.4035
BLOCK04/SES044/SA044S29	SES101	-0.155505	11.248	11.4035
BLOCK04/SES044/SA044S29	SES147	-3.11911	8.28443	11.4035
BLOCK04/SES044/SA044S29	SES177	-0.809115	10.5944	11.4035
BLOCK04/SES046/SA046S13	SES101	-0.331532	8.46602	8.79755
BLOCK04/SES046/SA046S13	SES144	0.0379915	8.83554	8.79755
BLOCK04/SES046/SA046S13	SES147	-1.02465	7.7729	8.79755
BLOCK04/SES046/SA046S13	SES177	-0.328248	8.4693	8.79755
BLOCK04/SES046/SA046S15	SES048	0.131919	11.4373	11.3054
BLOCK04/SES046/SA046S15	SES083	-0.434884	10.8705	11.3054
BLOCK04/SES046/SA046S15	SES120	-1.22071	10.0847	11.3054
BLOCK04/SES046/SA046S15	SES148	-0.535272	10.7701	11.3054
BLOCK04/SES046/SA046S22	SES101	-0.395514	8.74441	9.13992
BLOCK04/SES046/SA046S22	SES144	-0.424736	8.71519	9.13992
BLOCK04/SES046/SA046S22	SES147	-1.42896	7.71096	9.13992
BLOCK04/SES046/SA046S22	SES172	-0.36447	8.77545	9.13992
BLOCK04/SES046/SA046S25	SES083	-0.227052	9.63375	9.8608
BLOCK04/SES046/SA046S25	SES127	-1.41815	8.44265	9.8608
BLOCK04/SES046/SA046S25	SES144	-1.19826	8.66254	9.8608
BLOCK04/SES046/SA046S25	SES148	-0.501182	9.35962	9.8608
BLOCK04/SES046/SA046S28	SES007	-0.868125	9.37429	10.2424
BLOCK04/SES046/SA046S28	SES105	-0.875871	9.36654	10.2424
BLOCK04/SES046/SA046S28	SES147	-2.24207	8.00035	10.2424
BLOCK04/SES046/SA046S28	SES148	-1.33034	8.91208	10.2424
BLOCK04/SES049/SA049S16	SES104	-2.6289	7.38085	10.0097
BLOCK04/SES049/SA049S16	SES106	-1.61236	8.39738	10.0097
BLOCK04/SES049/SA049S16	SES120	-2.57525	7.43449	10.0097
BLOCK04/SES049/SA049S16	SES206	-3.10288	6.90686	10.0097
BLOCK04/SES049/SA049S18	SES099	0.836267	10.1457	9.30948
BLOCK04/SES049/SA049S18	SES104	-2.17607	7.13341	9.30948
BLOCK04/SES049/SA049S18	SES125	-1.90189	7.40758	9.30948
BLOCK04/SES049/SA049S18	SES206	-3.2962	6.01328	9.30948
BLOCK04/SES049/SA049S25	SES087	-2.66086	7.06338	9.72424
BLOCK04/SES049/SA049S25	SES104	-1.57363	8.15061	9.72424
BLOCK04/SES049/SA049S25	SES125	-1.62816	8.09608	9.72424
BLOCK04/SES049/SA049S25	SES206	-2.35754	7.3667	9.72424
BLOCK04/SES049/SA049S27	SES099	0.74104	10.4652	9.72413
BLOCK04/SES049/SA049S27	SES104	-1.09383	8.6303	9.72413
BLOCK04/SES049/SA049S27	SES125	-1.33215	8.39198	9.72413
BLOCK04/SES049/SA049S27	SES206	-2.52949	7.19464	9.72413
BLOCK04/SES049/SA049S29	SES099	0.827588	11.2477	10.4201
BLOCK04/SES049/SA049S29	SES104	-1.48394	8.93615	10.4201
BLOCK04/SES049/SA049S29	SES125	-0.970785	9.44931	10.4201
BLOCK04/SES049/SA049S29	SES206	-2.60578	7.81431	10.4201
BLOCK06/SES063/SA063S09	SES068	-0.363868	10.4454	10.8093
BLOCK06/SES063/SA063S09	SES083	-0.0909166	10.7184	10.8093
BLOCK06/SES063/SA063S09	SES177	-0.589312	10.22	10.8093
BLOCK06/SES063/SA063S09	SES187	-1.29739	9.51191	10.8093
BLOCK06/SES063/SA063S10	SES068	-0.594431	9.77188	10.3663
BLOCK06/SES063/SA063S10	SES083	-0.0720406	10.2943	10.3663
BLOCK06/SES063/SA063S10	SES172	-0.600071	9.76624	10.3663
BLOCK06/SES063/SA063S10	SES187	-1.41265	8.95367	10.3663
BLOCK06/SES063/SA063S20	SES068	-0.495255	10.66	11.1552
BLOCK06/SES063/SA063S20	SES083	0.0661144	11.2213	11.1552
BLOCK06/SES063/SA063S20	SES172	-0.556613	10.5986	11.1552
BLOCK06/SES063/SA063S20	SES187	-0.886976	10.2682	11.1552
BLOCK06/SES063/SA063S24	SES029	-2.1648	9.51687	11.6817
BLOCK06/SES063/SA063S24	SES083	0.54027	12.2219	11.6817
BLOCK06/SES063/SA063S24	SES177	-0.071537	11.6101	11.6817
BLOCK06/SES063/SA063S24	SES189	-0.192114	11.4896	11.6817
BLOCK06/SES063/SA063S27	SES083	0.410723	10.8909	10.4802
BLOCK06/SES063/SA063S27	SES172	-0.459224	10.021	10.4802
BLOCK06/SES063/SA063S27	SES187	-1.52413	8.95604	10.4802
BLOCK06/SES063/SA063S27	SES292	-1.13142	9.34875	10.4802
BLOCK06/SES067/SA067S12	SES083	-0.66169	11.6417	12.3034
BLOCK06/SES067/SA067S12	SES172	-1.03674	11.2667	12.3034
BLOCK06/SES067/SA067S12	SES202	-0.137957	12.1655	12.3034
BLOCK06/SES067/SA067S12	SES292	-1.38581	10.9176	12.3034
BLOCK06/SES067/SA067S14	SES085	-4.05721	8.50573	12.5629
BLOCK06/SES067/SA067S14	SES177	-0.542531	12.0204	12.5629
BLOCK06/SES067/SA067S14	SES183	-1.13813	11.4248	12.5629
BLOCK06/SES067/SA067S14	SES202	-0.0312014	12.5317	12.5629
BLOCK06/SES067/SA067S21	SES144	-2.63395	8.70904	11.343
BLOCK06/SES067/SA067S21	SES177	-0.0790529	11.2639	11.343
BLOCK06/SES067/SA067S21	SES183	-0.512786	10.8302	11.343
BLOCK06/SES067/SA067S21	SES189	-0.213271	11.1297	11.343
BLOCK06/SES067/SA067S25	SES085	-3.60104	9.41436	13.0154
BLOCK06/SES067/SA067S25	SES177	-0.645078	12.3703	13.0154
BLOCK06/SES067/SA067S25	SES183	-1.10798	11.9074	13.0154
BLOCK06/SES067/SA067S25	SES202	-0.253468	12.7619	13.0154
BLOCK06/SES067/SA067S29	SES085	-3.40212	9.00256	12.4047
BLOCK06/SES067/SA067S29	SES177	-0.69106	11.7136	12.4047
BLOCK06/SES067/SA067S29	SES183	-0.957403	11.4473	12.4047
BLOCK06/SES067/SA067S29	SES202	0.293639	12.6983	12.4047
BLOCK06/SES069/SA069S12	SES029	-0.380052	10.7526	11.1326
BLOCK06/SES069/SA069S12	SES082	0.38569	11.5183	11.1326
BLOCK06/SES069/SA069S12	SES087	-0.703885	10.4287	11.1326
BLOCK06/SES069/SA069S12	SES206	0.703417	11.836	11.1326
BLOCK06/SES069/SA069S13	SES029	-0.596177	10.8321	11.4283
BLOCK06/SES069/SA069S13	SES087	-0.26611	11.1622	11.4283
BLOCK06/SES069/SA069S13	SES206	0.40721	11.8355	11.4283
BLOCK06/SES069/SA069S13	SES226	-1.168	10.2603	11.4283
BLOCK06/SES069/SA069S23	SES029	0.145922	12.3328	12.1868
BLOCK06/SES069/SA069S23	SES087	-0.210787	11.9761	12.1868
BLOCK06/SES069/SA069S23	SES206	0.10849	12.2953	12.1868
BLOCK06/SES069/SA069S23	SES226	-1.09026	11.0966	12.1868
BLOCK06/SES069/SA069S25	SES087	-0.340614	11.4302	11.7709
BLOCK06/SES069/SA069S25	SES206	-0.311081	11.4598	11.7709
BLOCK06/SES069/SA069S25	SES226	-1.37984	10.391	11.7709
BLOCK06/SES069/SA069S25	SES270	-1.91219	9.85867	11.7709
BLOCK06/SES069/SA069S27	SES087	-1.02839	10.1667	11.1951
BLOCK06/SES069/SA069S27	SES206	0.533486	11.7285	11.1951
BLOCK06/SES069/SA069S27	SES226	-0.7965	10.3986	11.1951
BLOCK06/SES069/SA069S27	SES270	-1.0498	10.1453	11.1951
BLOCK08/SES081/SA081S11	SES060	-0.302032	10.7639	11.066
BLOCK08/SES081/SA081S11	SES062	-0.183964	10.882	11.066
BLOCK08/SES081/SA081S11	SES117	-2.8855	8.18048	11.066
BLOCK08/SES081/SA081S11	SES162	-1.40898	9.65699	11.066
BLOCK08/SES081/SA081S13	SES016	-0.107677	11.0416	11.1493
BLOCK08/SES081/SA081S13	SES060	0.526204	11.6755	11.1493
BLOCK08/SES081/SA081S13	SES068	-0.44447	10.7048	11.1493
BLOCK08/SES081/SA081S13	SES129	-0.894613	10.2547	11.1493
BLOCK08/SES081/SA081S24	SES060	-0.0500364	10.8758	10.9258
BLOCK08/SES081/SA081S24	SES068	-0.456704	10.4691	10.9258
BLOCK08/SES081/SA081S24	SES117	-2.61054	8.31526	10.9258
BLOCK08/SES081/SA081S24	SES275	-1.80098	9.12482	10.9258
BLOCK08/SES081/SA081S27	SES007	-0.79452	9.7968	10.5913
BLOCK08/SES081/SA081S27	SES060	-0.227743	10.3636	10.5913
BLOCK08/SES081/SA081S27	SES117	-1.9789	8.61242	10.5913
BLOCK08/SES081/SA081S27	SES275	-1.94171	8.64961	10.5913
BLOCK08/SES081/SA081S29	SES007	-0.476063	10.3445	10.8205
BLOCK08/SES081/SA081S29	SES060	0.0333414	10.8539	10.8205
BLOCK08/SES081/SA081S29	SES117	-1.99617	8.82438	10.8205
BLOCK08/SES081/SA081S29	SES275	-1.45875	9.3618	10.8205
BLOCK08/SES086/SA086S11	SES029	-1.28403	8.65503	9.93906
BLOCK08/SES086/SA086S11	SES082	-0.829511	9.10955	9.93906
BLOCK08/SES086/SA086S11	SES087	0.780619	10.7197	9.93906
BLOCK08/SES086/SA086S11	SES206	-1.05617	8.88289	9.93906
BLOCK08/SES086/SA086S12	SES029	-0.736728	9.54811	10.2848
BLOCK08/SES086/SA086S12	SES082	-0.825111	9.45972	10.2848
BLOCK08/SES086/SA086S12	SES087	0.880006	11.1648	10.2848
BLOCK08/SES086/SA086S12	SES206	-0.89847	9.38636	10.2848
BLOCK08/SES086/SA086S20	SES029	-0.827986	11.3255	12.1535
BLOCK08/SES086/SA086S20	SES082	-1.45255	10.7009	12.1535
BLOCK08/SES086/SA086S20	SES087	0.785924	12.9394	12.1535
BLOCK08/SES086/SA086S20	SES206	-0.755479	11.398	12.1535
BLOCK08/SES086/SA086S24	SES087	0.4375	10.4723	10.0348
BLOCK08/SES086/SA086S24	SES104	-0.88794	9.14688	10.0348
BLOCK08/SES086/SA086S24	SES120	-2.06324	7.97158	10.0348
BLOCK08/SES086/SA086S24	SES206	-0.386606	9.64821	10.0348
BLOCK08/SES086/SA086S28	SES029	-0.534995	10.3723	10.9073
BLOCK08/SES086/SA086S28	SES082	-1.15674	9.75052	10.9073
BLOCK08/SES086/SA086S28	SES087	0.634649	11.5419	10.9073
BLOCK08/SES086/SA086S28	SES206	-0.793805	10.1134	10.9073
BLOCK08/SES089/SA089S13	SES087	0.283543	9.9119	9.62835
BLOCK08/SES089/SA089S13	SES206	-0.54924	9.07911	9.62835
BLOCK08/SES089/SA089S13	SES226	-1.36057	8.26779	9.62835
BLOCK08/SES089/SA089S13	SES270	-1.79677	7.83158	9.62835
BLOCK08/SES089/SA089S14	SES062	-1.3161	9.1629	10.479
BLOCK08/SES089/SA089S14	SES087	-0.02351	10.4555	10.479
BLOCK08/SES089/SA089S14	SES206	-0.67696	9.80204	10.479
BLOCK08/SES089/SA089S14	SES226	-1.28394	9.19506	10.479
BLOCK08/SES089/SA089S23	SES087	0.376537	9.8005	9.42396
BLOCK08/SES089/SA089S23	SES206	-0.59813	8.82583	9.42396
BLOCK08/SES089/SA089S23	SES226	-1.1575	8.26646	9.42396
BLOCK08/SES089/SA089S23	SES270	-2.0542	7.36976	9.42396
BLOCK08/SES089/SA089S25	SES062	-1.40024	9.41529	10.8155
BLOCK08/SES089/SA089S25	SES087	0.768739	11.5843	10.8155
BLOCK08/SES089/SA089S25	SES206	-0.876372	9.93916	10.8155
BLOCK08/SES089/SA089S25	SES226	-1.50269	9.31284	10.8155
BLOCK08/SES089/SA089S28	SES062	-1.15587	8.88993	10.0458
BLOCK08/SES089/SA089S28	SES087	0.945454	10.9913	10.0458
BLOCK08/SES089/SA089S28	SES206	-0.215318	9.83048	10.0458
BLOCK08/SES089/SA089S28	SES226	-0.467998	9.5778	10.0458
BLOCK09/SES097/SA097S11	SES099	0.0392923	8.78975	8.75046
BLOCK09/SES097/SA097S11	SES125	-0.682553	8.0679	8.75046
BLOCK09/SES097/SA097S11	SES206	-1.00144	7.74902	8.75046
BLOCK09/SES097/SA097S11	SES226	0.294268	9.04473	8.75046
BLOCK09/SES097/SA097S14	SES062	-1.49319	7.29736	8.79056
BLOCK09/SES097/SA097S14	SES099	-0.415402	8.37515	8.79056
BLOCK09/SES097/SA097S14	SES104	-0.387835	8.40272	8.79056
BLOCK09/SES097/SA097S14	SES206	-1.07884	7.71171	8.79056
BLOCK09/SES097/SA097S22	SES099	0.0174522	8.5322	8.51475
BLOCK09/SES097/SA097S22	SES206	-0.945167	7.56958	8.51475
BLOCK09/SES097/SA097S22	SES226	-0.501899	8.01285	8.51475
BLOCK09/SES097/SA097S22	SES270	0.242623	8.75737	8.51475
BLOCK09/SES097/SA097S26	SES099	-0.0322495	8.81742	8.84966
BLOCK09/SES097/SA097S26	SES120	-0.859921	7.98974	8.84966
BLOCK09/SES097/SA097S26	SES206	-0.842906	8.00676	8.84966
BLOCK09/SES097/SA097S26	SES226	-1.07772	7.77194	8.84966
BLOCK09/SES097/SA097S28	SES099	-0.238966	8.62086	8.85983
BLOCK09/SES097/SA097S28	SES120	-0.510203	8.34962	8.85983
BLOCK09/SES097/SA097S28	SES206	-1.35493	7.50489	8.85983
BLOCK09/SES097/SA097S28	SES226	-1.27584	7.58398	8.85983
BLOCK09/SES098/SA098S11	SES127	-0.324226	9.37156	9.69579
BLOCK09/SES098/SA098S11	SES144	-2.36992	7.32587	9.69579
BLOCK09/SES098/SA098S11	SES147	-2.22415	7.47164	9.69579
BLOCK09/SES098/SA098S11	SES148	-3.3515	6.34429	9.69579
BLOCK09/SES098/SA098S12	SES127	-0.938242	8.05477	8.99302
BLOCK09/SES098/SA098S12	SES144	-2.54502	6.448	8.99302
BLOCK09/SES098/SA098S12	SES147	-2.16545	6.82756	8.99302
BLOCK09/SES098/SA098S12	SES189	-1.96615	7.02687	8.99302
BLOCK09/SES098/SA098S20	SES127	-1.22176	8.93218	10.1539
BLOCK09/SES098/SA098S20	SES147	-2.87122	7.28272	10.1539
BLOCK09/SES098/SA098S20	SES148	-2.85276	7.30119	10.1539
BLOCK09/SES098/SA098S20	SES292	-1.76381	8.39013	10.1539
BLOCK09/SES098/SA098S23	SES127	-0.341195	10.2558	10.597
BLOCK09/SES098/SA098S23	SES147	-3.35338	7.2436	10.597
BLOCK09/SES098/SA098S23	SES187	-2.54842	8.04857	10.597
BLOCK09/SES098/SA098S23	SES292	-2.9175	7.67949	10.597
BLOCK09/SES098/SA098S27	SES127	-1.06153	9.15284	10.2144
BLOCK09/SES098/SA098S27	SES147	-4.48714	5.72724	10.2144
BLOCK09/SES098/SA098S27	SES148	-3.80693	6.40744	10.2144
BLOCK09/SES098/SA098S27	SES292	-2.32347	7.8909	10.2144
BLOCK10/SES102/SA102S13	SES101	0.23733	11.7328	11.4954
BLOCK10/SES102/SA102S13	SES105	0.0453453	11.5408	11.4954
BLOCK10/SES102/SA102S13	SES120	-0.755638	10.7398	11.4954
BLOCK10/SES102/SA102S13	SES158	-0.492583	11.0029	11.4954
BLOCK10/SES102/SA102S14	SES007	0.341971	12.6254	12.2834
BLOCK10/SES102/SA102S14	SES101	0.63483	12.9182	12.2834
BLOCK10/SES102/SA102S14	SES105	0.0058012	12.2892	12.2834
BLOCK10/SES102/SA102S14	SES147	-4.98807	7.29534	12.2834
BLOCK10/SES102/SA102S22	SES007	-0.199142	11.4436	11.6427
BLOCK10/SES102/SA102S22	SES101	0.503516	12.1462	11.6427
BLOCK10/SES102/SA102S22	SES105	-0.0772619	11.5654	11.6427
BLOCK10/SES102/SA102S22	SES158	-1.00255	10.6402	11.6427
BLOCK10/SES102/SA102S25	SES007	0.0474634	11.2728	11.2254
BLOCK10/SES102/SA102S25	SES101	0.532461	11.7578	11.2254
BLOCK10/SES102/SA102S25	SES105	-0.324539	10.9008	11.2254
BLOCK10/SES102/SA102S25	SES147	-3.71628	7.50908	11.2254
BLOCK10/SES102/SA102S27	SES007	-0.0945339	10.2733	10.3678
BLOCK10/SES102/SA102S27	SES101	0.554619	10.9225	10.3678
BLOCK10/SES102/SA102S27	SES105	-0.188743	10.1791	10.3678
BLOCK10/SES102/SA102S27	SES147	-3.15839	7.20945	10.3678
BLOCK10/SES103/SA103S14	SES105	-1.44118	8.12627	9.56744
BLOCK10/SES103/SA103S14	SES106	-0.147931	9.41951	9.56744
BLOCK10/SES103/SA103S14	SES120	-1.17076	8.39668	9.56744
BLOCK10/SES103/SA103S14	SES206	-2.61976	6.94768	9.56744
BLOCK10/SES103/SA103S15	SES099	-0.82672	8.12672	8.95344
BLOCK10/SES103/SA103S15	SES101	-1.46603	7.48741	8.95344
BLOCK10/SES103/SA103S15	SES104	-0.854046	8.0994	8.95344
BLOCK10/SES103/SA103S15	SES125	-1.0461	7.90734	8.95344
BLOCK10/SES103/SA103S24	SES104	-0.663284	9.44961	10.1129
BLOCK10/SES103/SA103S24	SES125	-1.27189	8.841	10.1129
BLOCK10/SES103/SA103S24	SES148	-2.86847	7.24442	10.1129
BLOCK10/SES103/SA103S24	SES158	-0.479718	9.63317	10.1129
BLOCK10/SES103/SA103S26	SES104	-0.70116	9.4159	10.1171
BLOCK10/SES103/SA103S26	SES106	0.0471611	10.1642	10.1171
BLOCK10/SES103/SA103S26	SES125	-0.86537	9.25169	10.1171
BLOCK10/SES103/SA103S26	SES148	-4.33169	5.78537	10.1171
BLOCK10/SES103/SA103S28	SES104	-0.813967	7.89493	8.7089
BLOCK10/SES103/SA103S28	SES106	-0.00164413	8.70725	8.7089
BLOCK10/SES103/SA103S28	SES125	-0.793348	7.91555	8.7089
BLOCK10/SES103/SA103S28	SES206	-2.24439	6.46451	8.7089
BLOCK12/SES121/SA121S12	SES042	-0.580709	6.50476	7.08547
BLOCK12/SES121/SA121S12	SES087	-0.492549	6.59292	7.08547
BLOCK12/SES121/SA121S12	SES105	-0.937981	6.14749	7.08547
BLOCK12/SES121/SA121S12	SES206	-0.745425	6.34005	7.08547
BLOCK12/SES121/SA121S14	SES007	-1.30302	6.41587	7.71889
BLOCK12/SES121/SA121S14	SES105	-1.41642	6.30247	7.71889
BLOCK12/SES121/SA121S14	SES106	-0.586062	7.13283	7.71889
BLOCK12/SES121/SA121S14	SES206	-1.33872	6.38017	7.71889
BLOCK12/SES121/SA121S23	SES105	-0.371332	7.19979	7.57113
BLOCK12/SES121/SA121S23	SES106	-0.14282	7.42831	7.57113
BLOCK12/SES121/SA121S23	SES120	-0.455273	7.11585	7.57113
BLOCK12/SES121/SA121S23	SES206	-1.3371	6.23402	7.57113
BLOCK12/SES121/SA121S25	SES007	-1.0901	5.54795	6.63806
BLOCK12/SES121/SA121S25	SES105	-1.42643	5.21162	6.63806
BLOCK12/SES121/SA121S25	SES106	-1.11564	5.52242	6.63806
BLOCK12/SES121/SA121S25	SES206	-1.5859	5.05215	6.63806
BLOCK12/SES121/SA121S27	SES087	-0.752994	7.25741	8.01041
BLOCK12/SES121/SA121S27	SES105	-2.10785	5.90256	8.01041
BLOCK12/SES121/SA121S27	SES120	-0.0683756	7.94203	8.01041
BLOCK12/SES121/SA121S27	SES206	-0.831867	7.17854	8.01041
BLOCK12/SES124/SA124S16	SES042	-1.88874	8.16466	10.0534
BLOCK12/SES124/SA124S16	SES082	-1.04289	9.0105	10.0534
BLOCK12/SES124/SA124S16	SES183	-1.46379	8.58961	10.0534
BLOCK12/SES124/SA124S16	SES206	-0.666144	9.38725	10.0534
BLOCK12/SES124/SA124S17	SES105	-0.483006	11.2832	11.7662
BLOCK12/SES124/SA124S17	SES149	-1.26715	10.4991	11.7662
BLOCK12/SES124/SA124S17	SES158	-0.00535202	11.7609	11.7662
BLOCK12/SES124/SA124S17	SES275	-6.53768	5.22855	11.7662
BLOCK12/SES124/SA124S23	SES105	-0.767464	11.4847	12.2521
BLOCK12/SES124/SA124S23	SES125	0.716536	12.9687	12.2521
BLOCK12/SES124/SA124S23	SES129	-0.612844	11.6393	12.2521
BLOCK12/SES124/SA124S23	SES158	0.728529	12.9807	12.2521
BLOCK12/SES124/SA124S26	SES105	-1.82844	9.04754	10.876
BLOCK12/SES124/SA124S26	SES125	0.190838	11.0668	10.876
BLOCK12/SES124/SA124S26	SES129	-1.60759	9.26839	10.876
BLOCK12/SES124/SA124S26	SES158	0.473992	11.35	10.876
BLOCK12/SES124/SA124S28	SES104	-0.558609	10.2856	10.8442
BLOCK12/SES124/SA124S28	SES106	-0.63558	10.2086	10.8442
BLOCK12/SES124/SA124S28	SES125	0.194743	11.039	10.8442
BLOCK12/SES124/SA124S28	SES275	-4.90733	5.9369	10.8442
BLOCK12/SES126/SA126S13	SES007	-0.709989	9.07603	9.78602
BLOCK12/SES126/SA126S13	SES162	-0.773148	9.01287	9.78602
BLOCK12/SES126/SA126S13	SES177	-0.278622	9.50739	9.78602
BLOCK12/SES126/SA126S13	SES180	-0.73095	9.05507	9.78602
BLOCK12/SES126/SA126S14	SES144	-3.61869	7.60189	11.2206
BLOCK12/SES126/SA126S14	SES148	-4.34373	6.87685	11.2206
BLOCK12/SES126/SA126S14	SES177	-0.556933	10.6636	11.2206
BLOCK12/SES126/SA126S14	SES180	-2.8106	8.40998	11.2206
BLOCK12/SES126/SA126S20	SES007	-1.6153	9.81266	11.428
BLOCK12/SES126/SA126S20	SES162	-2.81627	8.61169	11.428
BLOCK12/SES126/SA126S20	SES172	-0.117628	11.3103	11.428
BLOCK12/SES126/SA126S20	SES180	-2.69605	8.73191	11.428
BLOCK12/SES126/SA126S24	SES120	-0.410973	10.7525	11.1635
BLOCK12/SES126/SA126S24	SES162	-2.09748	9.06602	11.1635
BLOCK12/SES126/SA126S24	SES177	-0.269222	10.8943	11.1635
BLOCK12/SES126/SA126S24	SES180	-1.22507	9.93844	11.1635
BLOCK12/SES126/SA126S26	SES120	0.0272322	8.02534	7.99811
BLOCK12/SES126/SA126S26	SES177	-0.565704	7.43241	7.99811
BLOCK12/SES126/SA126S26	SES180	-0.447131	7.55098	7.99811
BLOCK12/SES126/SA126S26	SES202	0.331977	8.33009	7.99811
BLOCK12/SES128/SA128S10	SES087	-2.5963	7.29601	9.89231
BLOCK12/SES128/SA128S10	SES206	-1.44294	8.44937	9.89231
BLOCK12/SES128/SA128S10	SES226	-0.649026	9.24329	9.89231
BLOCK12/SES128/SA128S10	SES270	-0.329537	9.56278	9.89231
BLOCK12/SES128/SA128S12	SES120	-0.6207	9.59418	10.2149
BLOCK12/SES128/SA128S12	SES158	-0.556459	9.65843	10.2149
BLOCK12/SES128/SA128S12	SES206	-2.44896	7.76592	10.2149
BLOCK12/SES128/SA128S12	SES226	-1.72466	8.49023	10.2149
BLOCK12/SES128/SA128S21	SES106	-0.0593529	9.62289	9.68224
BLOCK12/SES128/SA128S21	SES120	-1.17679	8.50545	9.68224
BLOCK12/SES128/SA128S21	SES206	-2.26065	7.42159	9.68224
BLOCK12/SES128/SA128S21	SES226	-0.700373	8.98187	9.68224
BLOCK12/SES128/SA128S24	SES087	-2.99808	7.41574	10.4138
BLOCK12/SES128/SA128S24	SES120	-0.242164	10.1717	10.4138
BLOCK12/SES128/SA128S24	SES206	-2.36326	8.05057	10.4138
BLOCK12/SES128/SA128S24	SES226	-1.43483	8.979	10.4138
BLOCK12/SES128/SA128S27	SES099	-0.365493	10.983	11.3484
BLOCK12/SES128/SA128S27	SES120	-0.476598	10.8719	11.3484
BLOCK12/SES128/SA128S27	SES206	-2.39802	8.95043	11.3484
BLOCK12/SES128/SA128S27	SES226	-0.901474	10.447	11.3484
BLOCK13/SES130/SA130S13	SES143	0.597438	11.1648	10.5674
BLOCK13/SES130/SA130S13	SES144	0.91047	11.4778	10.5674
BLOCK13/SES130/SA130S13	SES146	0.646059	11.2134	10.5674
BLOCK13/SES130/SA130S13	SES275	-0.702134	9.86524	10.5674
BLOCK13/SES130/SA130S15	SES143	0.262911	10.2983	10.0354
BLOCK13/SES130/SA130S15	SES144	0.439022	10.4745	10.0354
BLOCK13/SES130/SA130S15	SES146	0.195619	10.2311	10.0354
BLOCK13/SES130/SA130S15	SES275	-0.986276	9.04916	10.0354
BLOCK13/SES130/SA130S23	SES127	-0.36937	8.16568	8.53505
BLOCK13/SES130/SA130S23	SES144	-2.0625	6.47255	8.53505
BLOCK13/SES130/SA130S23	SES146	0.791269	9.32632	8.53505
BLOCK13/SES130/SA130S23	SES162	-0.525276	8.00978	8.53505
BLOCK13/SES130/SA130S25	SES127	0.440378	10.4672	10.0268
BLOCK13/SES130/SA130S25	SES144	-0.780488	9.24635	10.0268
BLOCK13/SES130/SA130S25	SES146	0.603515	10.6304	10.0268
BLOCK13/SES130/SA130S25	SES275	-1.19781	8.82903	10.0268
BLOCK13/SES130/SA130S28	SES127	-0.123035	9.05663	9.17966
BLOCK13/SES130/SA130S28	SES144	-1.23584	7.94382	9.17966
BLOCK13/SES130/SA130S28	SES146	0.833486	10.0132	9.17966
BLOCK13/SES130/SA130S28	SES275	-1.11969	8.05998	9.17966
BLOCK13/SES131/SA131S13	SES002	-0.683198	6.28345	6.96665
BLOCK13/SES131/SA131S13	SES007	-1.02331	5.94334	6.96665
BLOCK13/SES131/SA131S13	SES099	-1.1386	5.82805	6.96665
BLOCK13/SES131/SA131S13	SES105	-1.79862	5.16803	6.96665
BLOCK13/SES131/SA131S14	SES104	-1.14831	7.51183	8.66014
BLOCK13/SES131/SA131S14	SES106	-0.602826	8.05731	8.66014
BLOCK13/SES131/SA131S14	SES125	-1.74488	6.91526	8.66014
BLOCK13/SES131/SA131S14	SES148	-0.267401	8.39274	8.66014
BLOCK13/SES131/SA131S20	SES104	-2.02634	6.79759	8.82393
BLOCK13/SES131/SA131S20	SES106	-0.998516	7.82541	8.82393
BLOCK13/SES131/SA131S20	SES125	-2.96946	5.85447	8.82393
BLOCK13/SES131/SA131S20	SES148	-0.492922	8.33101	8.82393
BLOCK13/SES131/SA131S22	SES099	-0.968519	7.42135	8.38987
BLOCK13/SES131/SA131S22	SES104	-1.82263	6.56723	8.38987
BLOCK13/SES131/SA131S22	SES125	-2.12204	6.26783	8.38987
BLOCK13/SES131/SA131S22	SES206	-1.73723	6.65264	8.38987
BLOCK13/SES131/SA131S29	SES087	-0.568157	6.51268	7.08083
BLOCK13/SES131/SA131S29	SES104	-1.92387	5.15696	7.08083
BLOCK13/SES131/SA131S29	SES125	-2.33859	4.74224	7.08083
BLOCK13/SES131/SA131S29	SES206	-1.30429	5.77654	7.08083
BLOCK13/SES132/SA132S11	SES083	-0.783434	8.4361	9.21953
BLOCK13/SES132/SA132S11	SES120	-0.649097	8.57043	9.21953
BLOCK13/SES132/SA132S11	SES127	-1.2093	8.01023	9.21953
BLOCK13/SES132/SA132S11	SES275	-0.0870571	9.13247	9.21953
BLOCK13/SES132/SA132S12	SES083	-0.840446	8.24291	9.08335
BLOCK13/SES132/SA132S12	SES143	0.29161	9.37496	9.08335
BLOCK13/SES132/SA132S12	SES144	0.0854387	9.16879	9.08335
BLOCK13/SES132/SA132S12	SES148	-0.387297	8.69606	9.08335
BLOCK13/SES132/SA132S22	SES062	-0.515416	9.91995	10.4354
BLOCK13/SES132/SA132S22	SES083	-0.815616	9.61975	10.4354
BLOCK13/SES132/SA132S22	SES127	-1.03329	9.40207	10.4354
BLOCK13/SES132/SA132S22	SES275	-0.299085	10.1363	10.4354
BLOCK13/SES132/SA132S24	SES007	-0.0564356	10.7051	10.7615
BLOCK13/SES132/SA132S24	SES083	-0.878464	9.88308	10.7615
BLOCK13/SES132/SA132S24	SES127	-1.93522	8.82632	10.7615
BLOCK13/SES132/SA132S24	SES275	0.525759	11.2873	10.7615
BLOCK13/SES132/SA132S27	SES083	-1.0203	8.78208	9.80238
BLOCK13/SES132/SA132S27	SES120	-0.731921	9.07046	9.80238
BLOCK13/SES132/SA132S27	SES127	-1.75656	8.04582	9.80238
BLOCK13/SES132/SA132S27	SES275	-0.511464	9.29091	9.80238
BLOCK14/SES141/SA141S09	SES143	-0.985036	9.03466	10.0197
BLOCK14/SES141/SA141S09	SES144	-0.480363	9.53933	10.0197
BLOCK14/SES141/SA141S09	SES162	-0.712642	9.30706	10.0197
BLOCK14/SES141/SA141S09	SES180	-0.331211	9.68849	10.0197
BLOCK14/SES141/SA141S15	SES127	-0.783989	9.91032	10.6943
BLOCK14/SES141/SA141S15	SES144	-1.83088	8.86343	10.6943
BLOCK14/SES141/SA141S15	SES162	-0.652564	10.0417	10.6943
BLOCK14/SES141/SA141S15	SES180	-0.953082	9.74123	10.6943
BLOCK14/SES141/SA141S24	SES127	-0.676972	9.7439	10.4209
BLOCK14/SES141/SA141S24	SES144	-1.38929	9.03158	10.4209
BLOCK14/SES141/SA141S24	SES162	-0.598007	9.82287	10.4209
BLOCK14/SES141/SA141S24	SES183	-1.53699	8.88388	10.4209
BLOCK14/SES141/SA141S26	SES142	0.481398	10.0661	9.58474
BLOCK14/SES141/SA141S26	SES144	-1.09609	8.48865	9.58474
BLOCK14/SES141/SA141S26	SES172	-0.52046	9.06428	9.58474
BLOCK14/SES141/SA141S26	SES180	-0.554015	9.03073	9.58474
BLOCK14/SES141/SA141S29	SES127	-0.134216	10.0381	10.1724
BLOCK14/SES141/SA141S29	SES142	0.314154	10.4865	10.1724
BLOCK14/SES141/SA141S29	SES144	-1.59139	8.58097	10.1724
BLOCK14/SES141/SA141S29	SES180	-0.180019	9.99234	10.1724
BLOCK15/SES157/SA157S08	SES083	-3.92714	7.7034	11.6305
BLOCK15/SES157/SA157S08	SES127	-0.0720119	11.5585	11.6305
BLOCK15/SES157/SA157S08	SES148	-4.25171	7.37884	11.6305
BLOCK15/SES157/SA157S08	SES292	-3.63952	7.99102	11.6305
BLOCK15/SES157/SA157S11	SES083	-2.75602	8.15775	10.9138
BLOCK15/SES157/SA157S11	SES127	-0.200053	10.7137	10.9138
BLOCK15/SES157/SA157S11	SES148	-3.01818	7.89559	10.9138
BLOCK15/SES157/SA157S11	SES292	-2.59615	8.31763	10.9138
BLOCK15/SES157/SA157S21	SES127	-0.034174	12.1491	12.1833
BLOCK15/SES157/SA157S21	SES148	-2.99197	9.19134	12.1833
BLOCK15/SES157/SA157S21	SES158	-0.881194	11.3021	12.1833
BLOCK15/SES157/SA157S21	SES292	-2.60492	9.57839	12.1833
BLOCK15/SES157/SA157S24	SES127	-0.122487	11.5974	11.7199
BLOCK15/SES157/SA157S24	SES148	-3.69512	8.02481	11.7199
BLOCK15/SES157/SA157S24	SES183	-3.80696	7.91297	11.7199
BLOCK15/SES157/SA157S24	SES292	-3.13495	8.58498	11.7199
BLOCK15/SES157/SA157S26	SES007	0.0827255	11.9948	11.9121
BLOCK15/SES157/SA157S26	SES127	0.181467	12.0936	11.9121
BLOCK15/SES157/SA157S26	SES147	-4.62012	7.29199	11.9121
BLOCK15/SES157/SA157S26	SES148	-3.63743	8.27468	11.9121
BLOCK16/SES161/SA161S10	SES007	-0.740371	8.86972	9.61009
BLOCK16/SES161/SA161S10	SES105	-0.809008	8.80108	9.61009
BLOCK16/SES161/SA161S10	SES158	-0.853009	8.75708	9.61009
BLOCK16/SES161/SA161S10	SES275	-2.38501	7.22508	9.61009
BLOCK16/SES161/SA161S12	SES007	-0.397456	9.79512	10.1926
BLOCK16/SES161/SA161S12	SES105	-1.28812	8.90445	10.1926
BLOCK16/SES161/SA161S12	SES158	-0.39868	9.7939	10.1926
BLOCK16/SES161/SA161S12	SES275	-3.02747	7.16511	10.1926
BLOCK16/SES161/SA161S20	SES007	-0.725872	9.49893	10.2248
BLOCK16/SES161/SA161S20	SES105	-0.671248	9.55355	10.2248
BLOCK16/SES161/SA161S20	SES158	-0.401206	9.82359	10.2248
BLOCK16/SES161/SA161S20	SES275	-4.21428	6.01052	10.2248
BLOCK16/SES161/SA161S23	SES007	-0.900778	8.48067	9.38144
BLOCK16/SES161/SA161S23	SES105	-0.595852	8.78559	9.38144
BLOCK16/SES161/SA161S23	SES148	-1.53476	7.84668	9.38144
BLOCK16/SES161/SA161S23	SES158	-0.854358	8.52709	9.38144
BLOCK16/SES161/SA161S28	SES007	-0.873789	9.30013	10.1739
BLOCK16/SES161/SA161S28	SES105	-1.38351	8.79041	10.1739
BLOCK16/SES161/SA161S28	SES158	-0.86834	9.30558	10.1739
BLOCK16/SES161/SA161S28	SES206	-1.64901	8.52491	10.1739
BLOCK16/SES164/SA164S11	SES104	-0.40341	10.762	11.1654
BLOCK16/SES164/SA164S11	SES125	-0.358807	10.8066	11.1654
BLOCK16/SES164/SA164S11	SES158	0.901881	12.0673	11.1654
BLOCK16/SES164/SA164S11	SES206	-2.9802	8.18523	11.1654
BLOCK16/SES164/SA164S13	SES099	-0.698646	8.84757	9.54622
BLOCK16/SES164/SA164S13	SES104	-0.66375	8.88247	9.54622
BLOCK16/SES164/SA164S13	SES125	-0.654053	8.89217	9.54622
BLOCK16/SES164/SA164S13	SES206	-2.05637	7.48985	9.54622
BLOCK16/SES164/SA164S24	SES002	-1.30164	9.10524	10.4069
BLOCK16/SES164/SA164S24	SES099	-1.01554	9.39134	10.4069
BLOCK16/SES164/SA164S24	SES125	-1.55399	8.85289	10.4069
BLOCK16/SES164/SA164S24	SES226	0.0249777	10.4319	10.4069
BLOCK16/SES164/SA164S27	SES087	-3.39384	6.95088	10.3447
BLOCK16/SES164/SA164S27	SES125	-0.933533	9.41118	10.3447
BLOCK16/SES164/SA164S27	SES206	-0.495884	9.84883	10.3447
BLOCK16/SES164/SA164S27	SES226	-0.423503	9.92121	10.3447
BLOCK16/SES164/SA164S29	SES002	-0.982065	8.97036	9.95242
BLOCK16/SES164/SA164S29	SES019	-1.68669	8.26573	9.95242
BLOCK16/SES164/SA164S29	SES125	-1.22949	8.72293	9.95242
BLOCK16/SES164/SA164S29	SES226	-1.16728	8.78515	9.95242
BLOCK16/SES169/SA169S13	SES117	-1.50241	8.10828	9.61069
BLOCK16/SES169/SA169S13	SES144	-1.1474	8.4633	9.61069
BLOCK16/SES169/SA169S13	SES146	-0.146021	9.46467	9.61069
BLOCK16/SES169/SA169S13	SES162	-0.147503	9.46319	9.61069
BLOCK16/SES169/SA169S14	SES144	-2.24337	8.74048	10.9839
BLOCK16/SES169/SA169S14	SES148	-1.09719	9.88666	10.9839
BLOCK16/SES169/SA169S14	SES177	0.0457239	11.0296	10.9839
BLOCK16/SES169/SA169S14	SES180	-0.365864	10.618	10.9839
BLOCK16/SES169/SA169S24	SES117	-2.11702	7.33173	9.44875
BLOCK16/SES169/SA169S24	SES144	-2.07378	7.37497	9.44875
BLOCK16/SES169/SA169S24	SES146	-0.0866318	9.36212	9.44875
BLOCK16/SES169/SA169S24	SES162	-0.378218	9.07053	9.44875
BLOCK16/SES169/SA169S27	SES127	-0.107033	9.30051	9.40754
BLOCK16/SES169/SA169S27	SES129	-0.142678	9.26486	9.40754
BLOCK16/SES169/SA169S27	SES144	-1.74972	7.65782	9.40754
BLOCK16/SES169/SA169S27	SES146	-0.0593443	9.3482	9.40754
BLOCK16/SES169/SA169S29	SES144	-2.31802	8.32011	10.6381
BLOCK16/SES169/SA169S29	SES162	-0.323554	10.3146	10.6381
BLOCK16/SES169/SA169S29	SES177	-0.584482	10.0536	10.6381
BLOCK16/SES169/SA169S29	SES180	0.164122	10.8022	10.6381
BLOCK17/SES171/SA171S12	SES083	-nan	-nan	-nan
BLOCK17/SES171/SA171S12	SES148	-nan	-nan	-nan
BLOCK17/SES171/SA171S12	SES172	-nan	-nan	-nan
BLOCK17/SES171/SA171S12	SES292	-nan	-nan	-nan
BLOCK17/SES171/SA171S15	SES148	-5.38438	6.02897	11.4133
BLOCK17/SES171/SA171S15	SES177	-1.04388	10.3695	11.4133
BLOCK17/SES171/SA171S15	SES180	-4.11348	7.29987	11.4133
BLOCK17/SES171/SA171S15	SES292	-3.98747	7.42588	11.4133
BLOCK17/SES171/SA171S22	SES007	-2.85695	9.67287	12.5298
BLOCK17/SES171/SA171S22	SES148	-5.73305	6.79678	12.5298
BLOCK17/SES171/SA171S22	SES177	-0.664845	11.865	12.5298
BLOCK17/SES171/SA171S22	SES180	-3.85243	8.67739	12.5298
BLOCK17/SES171/SA171S25	SES101	-0.219283	9.56464	9.78392
BLOCK17/SES171/SA171S25	SES120	-1.05076	8.73316	9.78392
BLOCK17/SES171/SA171S25	SES177	-0.0266514	9.75727	9.78392
BLOCK17/SES171/SA171S25	SES180	-1.48248	8.30144	9.78392
BLOCK17/SES171/SA171S27	SES177	0.0272341	10.5992	10.572
BLOCK17/SES171/SA171S27	SES180	-1.83885	8.73313	10.572
BLOCK17/SES171/SA171S27	SES189	-2.45102	8.12096	10.572
BLOCK17/SES171/SA171S27	SES292	-3.58973	6.98224	10.572
BLOCK17/SES173/SA173S13	SES162	-2.21699	10.2782	12.4952
BLOCK17/SES173/SA173S13	SES177	-0.247863	12.2474	12.4952
BLOCK17/SES173/SA173S13	SES180	-1.94166	10.5536	12.4952
BLOCK17/SES173/SA173S13	SES292	-3.83914	8.6561	12.4952
BLOCK17/SES173/SA173S14	SES007	-0.113002	11.5661	11.6791
BLOCK17/SES173/SA173S14	SES162	-1.02724	10.6519	11.6791
BLOCK17/SES173/SA173S14	SES177	-0.0182171	11.6609	11.6791
BLOCK17/SES173/SA173S14	SES180	-1.46721	10.2119	11.6791
BLOCK17/SES173/SA173S24	SES144	-4.04507	6.69097	10.736
BLOCK17/SES173/SA173S24	SES162	-0.983409	9.75264	10.736
BLOCK17/SES173/SA173S24	SES177	-0.192677	10.5434	10.736
BLOCK17/SES173/SA173S24	SES180	-1.64412	9.09193	10.736
BLOCK17/SES173/SA173S27	SES162	-1.43775	10.8759	12.3136
BLOCK17/SES173/SA173S27	SES177	-0.0655508	12.2481	12.3136
BLOCK17/SES173/SA173S27	SES180	-0.81946	11.4942	12.3136
BLOCK17/SES173/SA173S27	SES292	-1.96584	10.3478	12.3136
BLOCK17/SES173/SA173S29	SES162	-1.04673	10.932	11.9787
BLOCK17/SES173/SA173S29	SES175	-0.946103	11.0326	11.9787
BLOCK17/SES173/SA173S29	SES177	0.163969	12.1427	11.9787
BLOCK17/SES173/SA173S29	SES292	-2.94859	9.03015	11.9787
BLOCK18/SES182/SA182S10	SES144	-1.97585	8.14374	10.1196
BLOCK18/SES182/SA182S10	SES177	-0.596851	9.52274	10.1196
BLOCK18/SES182/SA182S10	SES180	-0.453278	9.66632	10.1196
BLOCK18/SES182/SA182S10	SES275	-1.99179	8.1278	10.1196
BLOCK18/SES182/SA182S12	SES144	-1.65798	9.24535	10.9033
BLOCK18/SES182/SA182S12	SES177	0.162117	11.0654	10.9033
BLOCK18/SES182/SA182S12	SES180	-0.42234	10.481	10.9033
BLOCK18/SES182/SA182S12	SES275	-1.51499	9.38834	10.9033
BLOCK18/SES182/SA182S21	SES117	-2.08856	7.74367	9.83223
BLOCK18/SES182/SA182S21	SES144	-1.87842	7.95381	9.83223
BLOCK18/SES182/SA182S21	SES162	-0.152541	9.67969	9.83223
BLOCK18/SES182/SA182S21	SES180	-0.0642691	9.76796	9.83223
BLOCK18/SES182/SA182S23	SES117	-2.75971	8.0536	10.8133
BLOCK18/SES182/SA182S23	SES144	-2.76615	8.04716	10.8133
BLOCK18/SES182/SA182S23	SES180	0.368915	11.1822	10.8133
BLOCK18/SES182/SA182S23	SES275	-2.13095	8.68235	10.8133
BLOCK18/SES182/SA182S25	SES007	0.0591202	9.22083	9.16171
BLOCK18/SES182/SA182S25	SES162	-0.331744	8.82997	9.16171
BLOCK18/SES182/SA182S25	SES177	-0.400776	8.76093	9.16171
BLOCK18/SES182/SA182S25	SES180	0.00801086	9.16972	9.16171
BLOCK18/SES184/SA184S12	SES177	-0.492905	9.12513	9.61803
BLOCK18/SES184/SA184S12	SES180	-0.688295	8.92974	9.61803
BLOCK18/SES184/SA184S12	SES189	-0.539843	9.07819	9.61803
BLOCK18/SES184/SA184S12	SES292	-0.996618	8.62141	9.61803
BLOCK18/SES184/SA184S13	SES101	-0.783574	9.16355	9.94712
BLOCK18/SES184/SA184S13	SES177	-0.574132	9.37299	9.94712
BLOCK18/SES184/SA184S13	SES180	-1.12629	8.82083	9.94712
BLOCK18/SES184/SA184S13	SES292	-0.870573	9.07655	9.94712
BLOCK18/SES184/SA184S22	SES177	-0.720951	10.3212	11.0421
BLOCK18/SES184/SA184S22	SES180	-1.5057	9.53643	11.0421
BLOCK18/SES184/SA184S22	SES189	-0.841145	10.201	11.0421
BLOCK18/SES184/SA184S22	SES292	-1.26517	9.77696	11.0421
BLOCK18/SES184/SA184S25	SES101	-0.321224	10.9285	11.2497
BLOCK18/SES184/SA184S25	SES177	-0.471728	10.778	11.2497
BLOCK18/SES184/SA184S25	SES180	-0.780508	10.4692	11.2497
BLOCK18/SES184/SA184S25	SES292	-0.621417	10.6283	11.2497
BLOCK18/SES184/SA184S27	SES083	-0.629613	10.112	10.7416
BLOCK18/SES184/SA184S27	SES177	-0.445003	10.2966	10.7416
BLOCK18/SES184/SA184S27	SES202	-0.408108	10.3335	10.7416
BLOCK18/SES184/SA184S27	SES292	-1.06869	9.67289	10.7416
BLOCK20/SES204/SA204S12	SES062	-0.607738	10.9936	11.6013
BLOCK20/SES204/SA204S12	SES083	-0.849545	10.7518	11.6013
BLOCK20/SES204/SA204S12	SES206	-0.0275383	11.5738	11.6013
BLOCK20/SES204/SA204S12	SES226	-1.79185	9.80948	11.6013
BLOCK20/SES204/SA204S14	SES068	0.0730362	13.5434	13.4704
BLOCK20/SES204/SA204S14	SES087	-1.25611	12.2143	13.4704
BLOCK20/SES204/SA204S14	SES206	0.522559	13.993	13.4704
BLOCK20/SES204/SA204S14	SES226	-1.41495	12.0554	13.4704
BLOCK20/SES204/SA204S22	SES068	-0.0849466	11.7981	11.883
BLOCK20/SES204/SA204S22	SES082	-1.25095	10.6321	11.883
BLOCK20/SES204/SA204S22	SES083	-1.05136	10.8316	11.883
BLOCK20/SES204/SA204S22	SES206	-0.143648	11.7394	11.883
BLOCK20/SES204/SA204S25	SES062	-0.803072	10.8535	11.6566
BLOCK20/SES204/SA204S25	SES083	-0.505386	11.1512	11.6566
BLOCK20/SES204/SA204S25	SES206	-0.140595	11.516	11.6566
BLOCK20/SES204/SA204S25	SES226	-1.59666	10.06	11.6566
BLOCK20/SES204/SA204S27	SES068	0.272669	12.3741	12.1014
BLOCK20/SES204/SA204S27	SES082	-0.764582	11.3368	12.1014
BLOCK20/SES204/SA204S27	SES087	-1.34709	10.7543	12.1014
BLOCK20/SES204/SA204S27	SES206	0.607381	12.7088	12.1014
BLOCK20/SES207/SA207S10	SES127	-1.72981	8.45842	10.1882
BLOCK20/SES207/SA207S10	SES183	-0.845099	9.34313	10.1882
BLOCK20/SES207/SA207S10	SES189	-0.67596	9.51227	10.1882
BLOCK20/SES207/SA207S10	SES292	-0.656341	9.53189	10.1882
BLOCK20/SES207/SA207S11	SES127	-2.01056	8.18111	10.1917
BLOCK20/SES207/SA207S11	SES183	-0.819372	9.3723	10.1917
BLOCK20/SES207/SA207S11	SES187	-0.133506	10.0582	10.1917
BLOCK20/SES207/SA207S11	SES292	-0.168131	10.0235	10.1917
BLOCK20/SES207/SA207S25	SES068	-0.999423	8.9148	9.91422
BLOCK20/SES207/SA207S25	SES083	-0.96964	8.94458	9.91422
BLOCK20/SES207/SA207S25	SES127	-1.27444	8.63978	9.91422
BLOCK20/SES207/SA207S25	SES187	-0.326638	9.58758	9.91422
BLOCK20/SES207/SA207S27	SES127	-1.6202	7.13482	8.75502
BLOCK20/SES207/SA207S27	SES183	0.106072	8.86109	8.75502
BLOCK20/SES207/SA207S27	SES187	-0.506307	8.24871	8.75502
BLOCK20/SES207/SA207S27	SES292	-0.24298	8.51204	8.75502
BLOCK20/SES207/SA207S29	SES083	-0.92235	8.92094	9.84329
BLOCK20/SES207/SA207S29	SES085	-0.907357	8.93593	9.84329
BLOCK20/SES207/SA207S29	SES172	-1.03451	8.80877	9.84329
BLOCK20/SES207/SA207S29	SES189	-0.809018	9.03427	9.84329
BLOCK22/SES221/SA221S12	SES068	0.202868	12.3685	12.1656
BLOCK22/SES221/SA221S12	SES143	-4.06089	8.10476	12.1656
BLOCK22/SES221/SA221S12	SES175	-2.7456	9.42005	12.1656
BLOCK22/SES221/SA221S12	SES202	-0.534857	11.6308	12.1656
BLOCK22/SES221/SA221S15	SES085	-1.90113	9.31976	11.2209
BLOCK22/SES221/SA221S15	SES143	-3.65407	7.56681	11.2209
BLOCK22/SES221/SA221S15	SES175	-2.62355	8.59734	11.2209
BLOCK22/SES221/SA221S15	SES187	-0.323038	10.8978	11.2209
BLOCK22/SES221/SA221S23	SES068	0.3085	11.4259	11.1174
BLOCK22/SES221/SA221S23	SES143	-3.03451	8.08285	11.1174
BLOCK22/SES221/SA221S23	SES175	-2.09526	9.0221	11.1174
BLOCK22/SES221/SA221S23	SES189	0.139824	11.2572	11.1174
BLOCK22/SES221/SA221S27	SES085	-1.50966	10.0839	11.5936
BLOCK22/SES221/SA221S27	SES143	-4.09035	7.50321	11.5936
BLOCK22/SES221/SA221S27	SES175	-2.62913	8.96443	11.5936
BLOCK22/SES221/SA221S27	SES189	0.430893	12.0245	11.5936
BLOCK22/SES221/SA221S29	SES085	-2.17445	9.50463	11.6791
BLOCK22/SES221/SA221S29	SES143	-3.75286	7.92622	11.6791
BLOCK22/SES221/SA221S29	SES175	-2.25995	9.41913	11.6791
BLOCK22/SES221/SA221S29	SES187	-0.0597591	11.6193	11.6791
BLOCK22/SES223/SA223S11	SES143	-0.915365	8.21371	9.12908
BLOCK22/SES223/SA223S11	SES144	-1.92678	7.2023	9.12908
BLOCK22/SES223/SA223S11	SES175	-1.77433	7.35475	9.12908
BLOCK22/SES223/SA223S11	SES187	-0.988374	8.1407	9.12908
BLOCK22/SES223/SA223S13	SES068	-0.588531	10.13	10.7185
BLOCK22/SES223/SA223S13	SES143	-2.61323	8.10529	10.7185
BLOCK22/SES223/SA223S13	SES146	-2.78302	7.93551	10.7185
BLOCK22/SES223/SA223S13	SES202	-0.871302	9.84722	10.7185
BLOCK22/SES223/SA223S22	SES143	-0.928267	8.26049	9.18876
BLOCK22/SES223/SA223S22	SES144	-1.98998	7.19878	9.18876
BLOCK22/SES223/SA223S22	SES175	-1.65413	7.53463	9.18876
BLOCK22/SES223/SA223S22	SES187	-0.759256	8.4295	9.18876
BLOCK22/SES223/SA223S25	SES068	-0.228733	9.94311	10.1718
BLOCK22/SES223/SA223S25	SES143	-2.14821	8.02363	10.1718
BLOCK22/SES223/SA223S25	SES175	-2.47281	7.69904	10.1718
BLOCK22/SES223/SA223S25	SES187	-0.477036	9.69481	10.1718
BLOCK22/SES223/SA223S27	SES143	-1.76208	8.20894	9.97102
BLOCK22/SES223/SA223S27	SES146	-2.16564	7.80538	9.97102
BLOCK22/SES223/SA223S27	SES187	-0.420317	9.55071	9.97102
BLOCK22/SES223/SA223S27	SES292	-0.658134	9.31289	9.97102
BLOCK27/SES273/SA273S12	SES099	-0.21985	11.3223	11.5422
BLOCK27/SES273/SA273S12	SES104	-0.114837	11.4273	11.5422
BLOCK27/SES273/SA273S12	SES125	-0.572749	10.9694	11.5422
BLOCK27/SES273/SA273S12	SES206	-2.4842	9.05798	11.5422
BLOCK27/SES273/SA273S13	SES099	-0.339884	11.5966	11.9365
BLOCK27/SES273/SA273S13	SES104	-0.664701	11.2718	11.9365
BLOCK27/SES273/SA273S13	SES206	-2.73524	9.20125	11.9365
BLOCK27/SES273/SA273S13	SES292	-2.3871	9.54938	11.9365
BLOCK27/SES273/SA273S21	SES099	0.0203104	11.3444	11.3241
BLOCK27/SES273/SA273S21	SES148	-3.96003	7.36411	11.3241
BLOCK27/SES273/SA273S21	SES149	-0.934416	10.3897	11.3241
BLOCK27/SES273/SA273S21	SES177	-0.742349	10.5818	11.3241
BLOCK27/SES273/SA273S25	SES104	-0.678789	11.0483	11.7271
BLOCK27/SES273/SA273S25	SES125	-0.0733347	11.6538	11.7271
BLOCK27/SES273/SA273S25	SES158	0.299954	12.027	11.7271
BLOCK27/SES273/SA273S25	SES206	-3.28505	8.44205	11.7271
BLOCK27/SES273/SA273S27	SES099	-0.551021	10.2312	10.7822
BLOCK27/SES273/SA273S27	SES104	-0.458056	10.3241	10.7822
BLOCK27/SES273/SA273S27	SES149	-0.957087	9.82509	10.7822
BLOCK27/SES273/SA273S27	SES275	-2.95282	7.82936	10.7822
BLOCK27/SES274/SA274S10	SES105	-1.04081	10.7605	11.8013
BLOCK27/SES274/SA274S10	SES125	-0.999671	10.8016	11.8013
BLOCK27/SES274/SA274S10	SES129	-0.532681	11.2686	11.8013
BLOCK27/SES274/SA274S10	SES158	-1.08584	10.7154	11.8013
BLOCK27/SES274/SA274S11	SES105	-0.515823	11.9273	12.4432
BLOCK27/SES274/SA274S11	SES149	-0.70119	11.742	12.4432
BLOCK27/SES274/SA274S11	SES158	-0.612926	11.8302	12.4432
BLOCK27/SES274/SA274S11	SES275	-4.22102	8.22215	12.4432
BLOCK27/SES274/SA274S21	SES105	-0.653935	10.6922	11.3461
BLOCK27/SES274/SA274S21	SES129	-0.368881	10.9772	11.3461
BLOCK27/SES274/SA274S21	SES149	-0.74617	10.6	11.3461
BLOCK27/SES274/SA274S21	SES158	-1.51385	9.83228	11.3461
BLOCK27/SES274/SA274S24	SES105	-0.69913	11.4252	12.1244
BLOCK27/SES274/SA274S24	SES129	0.294056	12.4184	12.1244
BLOCK27/SES274/SA274S24	SES149	-0.811018	11.3133	12.1244
BLOCK27/SES274/SA274S24	SES158	-1.67109	10.4533	12.1244
BLOCK27/SES274/SA274S29	SES105	-1.25364	9.36282	10.6165
BLOCK27/SES274/SA274S29	SES106	-1.40889	9.20757	10.6165
BLOCK27/SES274/SA274S29	SES120	-0.65519	9.96126	10.6165
BLOCK27/SES274/SA274S29	SES275	-2.3994	8.21706	10.6165
BLOCK27/SES276/SA276S16	SES148	-0.11602	10.1333	10.2493
BLOCK27/SES276/SA276S16	SES172	-1.17807	9.07126	10.2493
BLOCK27/SES276/SA276S16	SES180	-0.789494	9.45984	10.2493
BLOCK27/SES276/SA276S16	SES292	0.0423632	10.2917	10.2493
BLOCK27/SES276/SA276S17	SES101	-0.428826	10.0841	10.513
BLOCK27/SES276/SA276S17	SES177	-0.325871	10.1871	10.513
BLOCK27/SES276/SA276S17	SES180	-0.717988	9.79497	10.513
BLOCK27/SES276/SA276S17	SES292	-0.250111	10.2628	10.513
BLOCK27/SES276/SA276S24	SES101	-0.294032	10.4677	10.7617
BLOCK27/SES276/SA276S24	SES177	-0.0875835	10.6741	10.7617
BLOCK27/SES276/SA276S24	SES180	-0.860749	9.90097	10.7617
BLOCK27/SES276/SA276S24	SES292	-0.427587	10.3341	10.7617
BLOCK27/SES276/SA276S26	SES101	-1.32258	9.4555	10.7781
BLOCK27/SES276/SA276S26	SES177	-0.195853	10.5822	10.7781
BLOCK27/SES276/SA276S26	SES180	-0.500603	10.2775	10.7781
BLOCK27/SES276/SA276S26	SES292	0.44573	11.2238	10.7781
BLOCK27/SES276/SA276S28	SES101	-1.07719	9.48268	10.5599
BLOCK27/SES276/SA276S28	SES177	-0.565374	9.99449	10.5599
BLOCK27/SES276/SA276S28	SES180	-0.552674	10.0072	10.5599
BLOCK27/SES276/SA276S28	SES292	0.169621	10.7295	10.5599
BLOCK27/SES277/SA277S12	SES101	-0.285509	8.37949	8.665
BLOCK27/SES277/SA277S12	SES177	-0.655255	8.00974	8.665
BLOCK27/SES277/SA277S12	SES180	-0.839763	7.82523	8.665
BLOCK27/SES277/SA277S12	SES292	-0.832688	7.83231	8.665
BLOCK27/SES277/SA277S14	SES177	-0.166067	8.82794	8.99401
BLOCK27/SES277/SA277S14	SES180	-0.947527	8.04648	8.99401
BLOCK27/SES277/SA277S14	SES189	-0.00937271	8.98463	8.99401
BLOCK27/SES277/SA277S14	SES292	-0.916324	8.07768	8.99401
BLOCK27/SES277/SA277S21	SES177	-0.00119495	10.475	10.4762
BLOCK27/SES277/SA277S21	SES180	-1.15156	9.32466	10.4762
BLOCK27/SES277/SA277S21	SES189	0.153933	10.6302	10.4762
BLOCK27/SES277/SA277S21	SES292	-0.976959	9.49926	10.4762
BLOCK27/SES277/SA277S24	SES144	-0.880811	7.93749	8.8183
BLOCK27/SES277/SA277S24	SES177	0.176581	8.99488	8.8183
BLOCK27/SES277/SA277S24	SES180	-0.820287	7.99801	8.8183
BLOCK27/SES277/SA277S24	SES189	0.329757	9.14805	8.8183
BLOCK27/SES277/SA277S29	SES177	-0.156952	10.2789	10.4358
BLOCK27/SES277/SA277S29	SES180	-0.613968	9.82184	10.4358
BLOCK27/SES277/SA277S29	SES202	-0.312968	10.1228	10.4358
BLOCK27/SES277/SA277S29	SES292	-0.635196	9.80061	10.4358
BLOCK27/SES279/SA279S09	SES120	-0.118445	10.4413	10.5598
BLOCK27/SES279/SA279S09	SES146	-1.74453	8.81526	10.5598
BLOCK27/SES279/SA279S09	SES206	-1.95567	8.60412	10.5598
BLOCK27/SES279/SA279S09	SES226	-1.65242	8.90737	10.5598
BLOCK27/SES279/SA279S10	SES099	-0.509058	10.7633	11.2724
BLOCK27/SES279/SA279S10	SES206	-2.59522	8.67717	11.2724
BLOCK27/SES279/SA279S10	SES226	-1.48613	9.78626	11.2724
BLOCK27/SES279/SA279S10	SES292	-1.66028	9.61211	11.2724
BLOCK27/SES279/SA279S20	SES099	-1.491	9.1337	10.6247
BLOCK27/SES279/SA279S20	SES206	-1.28751	9.33719	10.6247
BLOCK27/SES279/SA279S20	SES226	-1.20174	9.42296	10.6247
BLOCK27/SES279/SA279S20	SES292	-0.262158	10.3625	10.6247
BLOCK27/SES279/SA279S26	SES099	-0.744107	10.2682	11.0123
BLOCK27/SES279/SA279S26	SES206	-1.36695	9.64534	11.0123
BLOCK27/SES279/SA279S26	SES226	-0.697792	10.3145	11.0123
BLOCK27/SES279/SA279S26	SES292	-1.14156	9.87072	11.0123
BLOCK27/SES279/SA279S28	SES099	-0.319241	11.5053	11.8245
BLOCK27/SES279/SA279S28	SES120	-0.395161	11.4293	11.8245
BLOCK27/SES279/SA279S28	SES177	-0.665624	11.1589	11.8245
BLOCK27/SES279/SA279S28	SES206	-2.77333	9.05117	11.8245
BLOCK29/SES290/SA290S12	SES162	0.04914	12.1931	12.144
BLOCK29/SES290/SA290S12	SES177	-0.140533	12.0034	12.144
BLOCK29/SES290/SA290S12	SES180	-0.881724	11.2622	12.144
BLOCK29/SES290/SA290S12	SES292	-1.86922	10.2747	12.144
BLOCK29/SES290/SA290S13	SES007	-0.203989	10.8615	11.0654
BLOCK29/SES290/SA290S13	SES162	-0.922174	10.1433	11.0654
BLOCK29/SES290/SA290S13	SES177	-0.40176	10.6637	11.0654
BLOCK29/SES290/SA290S13	SES180	-0.379144	10.6863	11.0654
BLOCK29/SES290/SA290S22	SES177	-0.281634	10.7902	11.0718
BLOCK29/SES290/SA290S22	SES180	-0.422583	10.6492	11.0718
BLOCK29/SES290/SA290S22	SES202	-0.7099	10.3619	11.0718
BLOCK29/SES290/SA290S22	SES292	-1.14598	9.92585	11.0718
BLOCK29/SES290/SA290S25	SES162	-0.0276794	12.0737	12.1014
BLOCK29/SES290/SA290S25	SES177	0.0718126	12.1732	12.1014
BLOCK29/SES290/SA290S25	SES180	-0.745517	11.3559	12.1014
BLOCK29/SES290/SA290S25	SES292	-0.607313	11.4941	12.1014
BLOCK29/SES290/SA290S29	SES177	0.162601	13.1616	12.999
BLOCK29/SES290/SA290S29	SES180	-0.468915	12.5301	12.999
BLOCK29/SES290/SA290S29	SES275	-4.23977	8.75919	12.999
BLOCK29/SES290/SA290S29	SES292	-1.17164	11.8273	12.999
BLOCK29/SES291/SA291S11	SES105	-1.6678	7.95488	9.62269
BLOCK29/SES291/SA291S11	SES125	-0.57303	9.04966	9.62269
BLOCK29/SES291/SA291S11	SES158	-0.500218	9.12247	9.62269
BLOCK29/SES291/SA291S11	SES275	-2.81081	6.81187	9.62269
BLOCK29/SES291/SA291S12	SES158	-0.223878	10.7943	11.0182
BLOCK29/SES291/SA291S12	SES226	-0.621152	10.397	11.0182
BLOCK29/SES291/SA291S12	SES270	-0.097188	10.921	11.0182
BLOCK29/SES291/SA291S12	SES275	-3.23046	7.78771	11.0182
BLOCK29/SES291/SA291S22	SES082	-0.246441	10.3861	10.6325
BLOCK29/SES291/SA291S22	SES158	-0.237927	10.3946	10.6325
BLOCK29/SES291/SA291S22	SES259	-0.505474	10.1271	10.6325
BLOCK29/SES291/SA291S22	SES275	-3.25622	7.37633	10.6325
BLOCK29/SES291/SA291S24	SES104	0.0386648	10.8765	10.8378
BLOCK29/SES291/SA291S24	SES125	-0.469251	10.3685	10.8378
BLOCK29/SES291/SA291S24	SES158	-0.0975056	10.7403	10.8378
BLOCK29/SES291/SA291S24	SES275	-2.8012	8.03659	10.8378
BLOCK29/SES291/SA291S27	SES158	0.244439	10.554	10.3096
BLOCK29/SES291/SA291S27	SES172	-2.06624	8.24336	10.3096
BLOCK29/SES291/SA291S27	SES275	-3.5274	6.7822	10.3096
BLOCK29/SES291/SA291S27	SES292	-0.47369	9.83591	10.3096
